<MATCH_ID> 4754 <TEAM> sète <SET> 2 <VALUE> 5 <PERM> ('S', 'OH', 'MB', 'O', 'OH', 'MB')
<MATCH_ID> 4765 <TEAM> sète <SET> 0 <VALUE> 5 <PERM> ('S', 'OH', 'MB', 'O', 'OH', 'MB')
<MATCH_ID> 4765 <TEAM> sète <SET> 1 <VALUE> 5 <PERM> ('OH', 'MB', 'O', 'OH', 'MB', 'S')
<MATCH_ID> 4765 <TEAM> sète <SET> 2 <VALUE> 5 <PERM> ('S', 'OH', 'MB', 'O', 'OH', 'MB')
<MATCH_ID> 4765 <TEAM> sète <SET> 3 <VALUE> 5 <PERM> ('OH', 'MB', 'O', 'OH', 'MB', 'S')
<MATCH_ID> 4765 <TEAM> sète <SET> 4 <VALUE> 5 <PERM> ('S', 'OH', 'MB', 'O', 'OH', 'MB')
<MATCH_ID> 4768 <TEAM> sète <SET> 0 <VALUE> 5 <PERM> ('OH', 'MB', 'O', 'OH', 'MB', 'S')
<MATCH_ID> 4768 <TEAM> sète <SET> 1 <VALUE> 5 <PERM> ('S', 'OH', 'MB', 'O', 'OH', 'MB')
<MATCH_ID> 4768 <TEAM> sète <SET> 2 <VALUE> 5 <PERM> ('OH', 'MB', 'S', 'OH', 'MB', 'O')
<MATCH_ID> 4768 <TEAM> sète <SET> 3 <VALUE> 5 <PERM> ('S', 'OH', 'MB', 'O', 'OH', 'MB')
<MATCH_ID> 4768 <TEAM> sète <SET> 4 <VALUE> 5 <PERM> ('OH', 'MB', 'S', 'OH', 'MB', 'O')
<MATCH_ID> 4778 <TEAM> chaumont <SET> 2 <VALUE> 5 <PERM> ('OH', 'MB', 'O', 'OH', 'MB', 'S')
<MATCH_ID> 4780 <TEAM> sète <SET> 0 <VALUE> 5 <PERM> ('S', 'OH', 'MB', 'O', 'OH', 'MB')
<MATCH_ID> 4780 <TEAM> sète <SET> 1 <VALUE> 5 <PERM> ('S', 'OH', 'MB', 'O', 'OH', 'MB')
<MATCH_ID> 4781 <TEAM> sète <SET> 0 <VALUE> 5 <PERM> ('S', 'OH', 'MB', 'O', 'OH', 'MB')
<MATCH_ID> 4781 <TEAM> sète <SET> 1 <VALUE> 5 <PERM> ('MB', 'S', 'OH', 'MB', 'O', 'OH')
<MATCH_ID> 4781 <TEAM> sète <SET> 2 <VALUE> 5 <PERM> ('S', 'OH', 'MB', 'O', 'OH', 'MB')
<MATCH_ID> 4781 <TEAM> sète <SET> 3 <VALUE> 5 <PERM> ('MB', 'S', 'OH', 'MB', 'O', 'OH')
<MATCH_ID> 4781 <TEAM> sète <SET> 4 <VALUE> 5 <PERM> ('OH', 'MB', 'O', 'OH', 'MB', 'S')
<MATCH_ID> 4787 <TEAM> ajaccio <SET> 1 <VALUE> 5 <PERM> ('OH', 'MB', 'O', 'OH', 'MB', 'S')
<MATCH_ID> 4787 <TEAM> ajaccio <SET> 2 <VALUE> 5 <PERM> ('OH', 'MB', 'O', 'OH', 'MB', 'S')
<MATCH_ID> 4787 <TEAM> ajaccio <SET> 3 <VALUE> 5 <PERM> ('OH', 'MB', 'O', 'OH', 'MB', 'S')
<MATCH_ID> 4788 <TEAM> ajaccio <SET> 0 <VALUE> 5 <PERM> ('OH', 'MB', 'O', 'OH', 'MB', 'S')
<MATCH_ID> 4788 <TEAM> ajaccio <SET> 1 <VALUE> 5 <PERM> ('S', 'OH', 'MB', 'O', 'OH', 'MB')
<MATCH_ID> 4788 <TEAM> ajaccio <SET> 2 <VALUE> 5 <PERM> ('OH', 'MB', 'O', 'OH', 'MB', 'S')
<MATCH_ID> 4788 <TEAM> ajaccio <SET> 3 <VALUE> 5 <PERM> ('S', 'OH', 'MB', 'O', 'OH', 'MB')
<MATCH_ID> 4788 <TEAM> ajaccio <SET> 4 <VALUE> 5 <PERM> ('OH', 'MB', 'O', 'OH', 'MB', 'S')
<MATCH_ID> 4798 <TEAM> toulouse <SET> 0 <VALUE> 5 <PERM> ('MB', 'S', 'OH', 'MB', 'O', 'OH')
<MATCH_ID> 4798 <TEAM> toulouse <SET> 1 <VALUE> 5 <PERM> ('S', 'OH', 'MB', 'O', 'OH', 'MB')
<MATCH_ID> 4798 <TEAM> toulouse <SET> 2 <VALUE> 5 <PERM> ('S', 'OH', 'MB', 'O', 'OH', 'MB')
<MATCH_ID> 4801 <TEAM> ajaccio <SET> 0 <VALUE> 5 <PERM> ('OH', 'MB', 'O', 'OH', 'MB', 'S')
<MATCH_ID> 4801 <TEAM> ajaccio <SET> 1 <VALUE> 5 <PERM> ('MB', 'O', 'OH', 'MB', 'S', 'OH')
<MATCH_ID> 4801 <TEAM> ajaccio <SET> 2 <VALUE> 5 <PERM> ('OH', 'MB', 'O', 'OH', 'MB', 'S')
<MATCH_ID> 4801 <TEAM> ajaccio <SET> 4 <VALUE> 5 <PERM> ('OH', 'MB', 'O', 'OH', 'MB', 'S')
<MATCH_ID> 4808 <TEAM> ajaccio <SET> 3 <VALUE> 5 <PERM> ('S', 'OH', 'MB', 'O', 'OH', 'MB')
<MATCH_ID> 4808 <TEAM> sète <SET> 0 <VALUE> 5 <PERM> ('S', 'OH', 'MB', 'O', 'OH', 'MB')
<MATCH_ID> 4808 <TEAM> sète <SET> 1 <VALUE> 5 <PERM> ('OH', 'MB', 'O', 'OH', 'MB', 'S')
<MATCH_ID> 4808 <TEAM> sète <SET> 2 <VALUE> 5 <PERM> ('S', 'OH', 'MB', 'O', 'OH', 'MB')
<MATCH_ID> 4808 <TEAM> sète <SET> 3 <VALUE> 5 <PERM> ('OH', 'MB', 'O', 'OH', 'MB', 'S')
<MATCH_ID> 4809 <TEAM> sète <SET> 0 <VALUE> 5 <PERM> ('OH', 'MB', 'O', 'OH', 'MB', 'S')
<MATCH_ID> 4809 <TEAM> sète <SET> 1 <VALUE> 5 <PERM> ('S', 'OH', 'MB', 'O', 'OH', 'MB')
<MATCH_ID> 4809 <TEAM> sète <SET> 2 <VALUE> 5 <PERM> ('OH', 'MB', 'O', 'OH', 'MB', 'S')
<MATCH_ID> 4810 <TEAM> ajaccio <SET> 0 <VALUE> 5 <PERM> ('OH', 'MB', 'O', 'OH', 'MB', 'S')
<MATCH_ID> 4810 <TEAM> ajaccio <SET> 1 <VALUE> 5 <PERM> ('MB', 'O', 'OH', 'MB', 'S', 'OH')
<MATCH_ID> 4810 <TEAM> ajaccio <SET> 2 <VALUE> 5 <PERM> ('O', 'OH', 'MB', 'S', 'OH', 'MB')
<MATCH_ID> 4816 <TEAM> sète <SET> 2 <VALUE> 5 <PERM> ('OH', 'MB', 'S', 'OH', 'MB', 'O')
<MATCH_ID> 4820 <TEAM> ajaccio <SET> 0 <VALUE> 5 <PERM> ('OH', 'MB', 'O', 'OH', 'MB', 'S')
<MATCH_ID> 4820 <TEAM> ajaccio <SET> 1 <VALUE> 5 <PERM> ('OH', 'MB', 'O', 'OH', 'MB', 'S')
<MATCH_ID> 4820 <TEAM> ajaccio <SET> 2 <VALUE> 5 <PERM> ('OH', 'MB', 'O', 'OH', 'MB', 'S')
<MATCH_ID> 4820 <TEAM> ajaccio <SET> 3 <VALUE> 5 <PERM> ('OH', 'MB', 'O', 'OH', 'MB', 'S')
<MATCH_ID> 4829 <TEAM> ajaccio <SET> 0 <VALUE> 5 <PERM> ('MB', 'O', 'OH', 'MB', 'S', 'OH')
<MATCH_ID> 4829 <TEAM> ajaccio <SET> 1 <VALUE> 5 <PERM> ('OH', 'MB', 'O', 'OH', 'MB', 'S')
<MATCH_ID> 4831 <TEAM> ajaccio <SET> 1 <VALUE> 4 <PERM> ('OH', 'MB', 'O', 'OH', 'MB', 'S')
<MATCH_ID> 4837 <TEAM> tourcoing <SET> 2 <VALUE> 5 <PERM> ('S', 'OH', 'MB', 'O', 'OH', 'MB')
<MATCH_ID> 4839 <TEAM> nantes rezé <SET> 4 <VALUE> 5 <PERM> ('O', 'OH', 'MB', 'S', 'OH', 'MB')
<MATCH_ID> 4844 <TEAM> ajaccio <SET> 0 <VALUE> 5 <PERM> ('OH', 'MB', 'O', 'OH', 'MB', 'S')
<MATCH_ID> 4844 <TEAM> ajaccio <SET> 1 <VALUE> 5 <PERM> ('OH', 'MB', 'S', 'OH', 'MB', 'O')
<MATCH_ID> 4844 <TEAM> ajaccio <SET> 2 <VALUE> 5 <PERM> ('OH', 'MB', 'S', 'OH', 'MB', 'O')
<MATCH_ID> 4844 <TEAM> ajaccio <SET> 3 <VALUE> 5 <PERM> ('OH', 'MB', 'S', 'OH', 'MB', 'O')
<MATCH_ID> 4849 <TEAM> nantes rezé <SET> 1 <VALUE> 5 <PERM> ('OH', 'MB', 'S', 'OH', 'MB', 'O')
<MATCH_ID> 4849 <TEAM> nantes rezé <SET> 2 <VALUE> 5 <PERM> ('MB', 'S', 'OH', 'MB', 'O', 'OH')
<MATCH_ID> 4849 <TEAM> nantes rezé <SET> 3 <VALUE> 5 <PERM> ('OH', 'MB', 'S', 'OH', 'MB', 'O')
<MATCH_ID> 4849 <TEAM> nantes rezé <SET> 4 <VALUE> 5 <PERM> ('OH', 'MB', 'S', 'OH', 'MB', 'O')
<MATCH_ID> 4855 <TEAM> nice <SET> 0 <VALUE> 5 <PERM> ('MB', 'O', 'OH', 'MB', 'S', 'OH')
<MATCH_ID> 4855 <TEAM> nice <SET> 1 <VALUE> 5 <PERM> ('MB', 'O', 'OH', 'MB', 'S', 'OH')
<MATCH_ID> 4855 <TEAM> nice <SET> 2 <VALUE> 5 <PERM> ('MB', 'O', 'OH', 'MB', 'S', 'OH')
<MATCH_ID> 4855 <TEAM> nice <SET> 3 <VALUE> 5 <PERM> ('MB', 'O', 'OH', 'MB', 'S', 'OH')
<MATCH_ID> 4855 <TEAM> nice <SET> 4 <VALUE> 5 <PERM> ('MB', 'O', 'OH', 'MB', 'S', 'OH')
<MATCH_ID> 4856 <TEAM> ajaccio <SET> 0 <VALUE> 5 <PERM> ('MB', 'O', 'OH', 'MB', 'S', 'OH')
<MATCH_ID> 4857 <TEAM> nantes rezé <SET> 0 <VALUE> 5 <PERM> ('OH', 'MB', 'S', 'OH', 'MB', 'O')
<MATCH_ID> 4857 <TEAM> nantes rezé <SET> 1 <VALUE> 5 <PERM> ('S', 'OH', 'MB', 'O', 'OH', 'MB')
<MATCH_ID> 4860 <TEAM> toulouse <SET> 0 <VALUE> 5 <PERM> ('MB', 'S', 'OH', 'MB', 'O', 'OH')
<MATCH_ID> 4860 <TEAM> toulouse <SET> 1 <VALUE> 5 <PERM> ('S', 'OH', 'MB', 'O', 'OH', 'MB')
<MATCH_ID> 4860 <TEAM> toulouse <SET> 2 <VALUE> 5 <PERM> ('O', 'OH', 'MB', 'S', 'OH', 'MB')
<MATCH_ID> 4860 <TEAM> toulouse <SET> 3 <VALUE> 5 <PERM> ('OH', 'MB', 'S', 'OH', 'MB', 'O')
<MATCH_ID> 4860 <TEAM> toulouse <SET> 4 <VALUE> 5 <PERM> ('MB', 'S', 'OH', 'MB', 'O', 'OH')
<MATCH_ID> 4863 <TEAM> ajaccio <SET> 0 <VALUE> 5 <PERM> ('S', 'OH', 'MB', 'O', 'OH', 'MB')
<MATCH_ID> 4863 <TEAM> ajaccio <SET> 1 <VALUE> 5 <PERM> ('S', 'OH', 'MB', 'O', 'OH', 'MB')
<MATCH_ID> 4863 <TEAM> ajaccio <SET> 2 <VALUE> 5 <PERM> ('MB', 'O', 'OH', 'MB', 'S', 'OH')
<MATCH_ID> 4866 <TEAM> toulouse <SET> 0 <VALUE> 5 <PERM> ('MB', 'S', 'OH', 'MB', 'O', 'OH')
<MATCH_ID> 4871 <TEAM> tourcoing <SET> 0 <VALUE> 4 <PERM> ('MB', 'OH', 'S', 'MB', 'OH', 'O')
<MATCH_ID> 4881 <TEAM> montpellier <SET> 1 <VALUE> 4 <PERM> ('OH', 'MB', 'O', 'OH', 'MB', 'S')
<MATCH_ID> 4884 <TEAM> nantes rezé <SET> 2 <VALUE> 5 <PERM> ('O', 'OH', 'MB', 'S', 'OH', 'MB')
<MATCH_ID> 4884 <TEAM> nantes rezé <SET> 3 <VALUE> 5 <PERM> ('MB', 'O', 'OH', 'MB', 'S', 'OH')
<MATCH_ID> 4885 <TEAM> tours <SET> 0 <VALUE> 5 <PERM> ('MB', 'O', 'OH', 'MB', 'S', 'OH')
<MATCH_ID> 4885 <TEAM> tours <SET> 1 <VALUE> 5 <PERM> ('MB', 'O', 'OH', 'MB', 'S', 'OH')
<MATCH_ID> 4885 <TEAM> tours <SET> 2 <VALUE> 5 <PERM> ('MB', 'O', 'OH', 'MB', 'S', 'OH')
<MATCH_ID> 4885 <TEAM> tours <SET> 3 <VALUE> 5 <PERM> ('MB', 'O', 'OH', 'MB', 'S', 'OH')
<MATCH_ID> 4892 <TEAM> tours <SET> 2 <VALUE> 5 <PERM> ('S', 'OH', 'MB', 'O', 'OH', 'MB')
<MATCH_ID> 4899 <TEAM> tours <SET> 0 <VALUE> 5 <PERM> ('OH', 'MB', 'O', 'OH', 'MB', 'S')
<MATCH_ID> 4899 <TEAM> tours <SET> 1 <VALUE> 5 <PERM> ('OH', 'MB', 'O', 'OH', 'MB', 'S')
<MATCH_ID> 4899 <TEAM> tours <SET> 2 <VALUE> 5 <PERM> ('OH', 'MB', 'O', 'OH', 'MB', 'S')
<MATCH_ID> 4899 <TEAM> tours <SET> 3 <VALUE> 5 <PERM> ('MB', 'O', 'OH', 'MB', 'S', 'OH')
<MATCH_ID> 4899 <TEAM> tours <SET> 4 <VALUE> 5 <PERM> ('OH', 'MB', 'O', 'OH', 'MB', 'S')
<MATCH_ID> 4903 <TEAM> tours <SET> 0 <VALUE> 5 <PERM> ('O', 'OH', 'MB', 'S', 'OH', 'MB')
<MATCH_ID> 4903 <TEAM> tours <SET> 1 <VALUE> 5 <PERM> ('MB', 'O', 'OH', 'MB', 'S', 'OH')
<MATCH_ID> 4903 <TEAM> tours <SET> 2 <VALUE> 5 <PERM> ('MB', 'O', 'OH', 'MB', 'S', 'OH')
<MATCH_ID> 4903 <TEAM> tours <SET> 3 <VALUE> 5 <PERM> ('MB', 'O', 'OH', 'MB', 'S', 'OH')
<MATCH_ID> 4903 <TEAM> narbonne <SET> 2 <VALUE> 5 <PERM> ('OH', 'MB', 'O', 'OH', 'MB', 'S')
<MATCH_ID> 4903 <TEAM> narbonne <SET> 3 <VALUE> 5 <PERM> ('OH', 'MB', 'O', 'OH', 'MB', 'S')
<MATCH_ID> 4913 <TEAM> tours <SET> 0 <VALUE> 5 <PERM> ('OH', 'MB', 'O', 'OH', 'MB', 'S')
<MATCH_ID> 4913 <TEAM> tours <SET> 1 <VALUE> 5 <PERM> ('OH', 'MB', 'O', 'OH', 'MB', 'S')
<MATCH_ID> 4913 <TEAM> tours <SET> 2 <VALUE> 5 <PERM> ('OH', 'MB', 'O', 'OH', 'MB', 'S')
<MATCH_ID> 4925 <TEAM> cambrai <SET> 3 <VALUE> 5 <PERM> ('S', 'OH', 'MB', 'O', 'OH', 'MB')
<MATCH_ID> 4925 <TEAM> cambrai <SET> 4 <VALUE> 5 <PERM> ('MB', 'S', 'OH', 'MB', 'O', 'OH')
<MATCH_ID> 5318 <TEAM> chaumont <SET> 2 <VALUE> 5 <PERM> ('OH', 'MB', 'O', 'OH', 'MB', 'S')
<MATCH_ID> 5318 <TEAM> chaumont <SET> 3 <VALUE> 5 <PERM> ('OH', 'MB', 'O', 'OH', 'MB', 'S')
<MATCH_ID> 5319 <TEAM> cannes <SET> 0 <VALUE> 5 <PERM> ('MB', 'S', 'OH', 'MB', 'O', 'OH')
<MATCH_ID> 5319 <TEAM> cannes <SET> 1 <VALUE> 5 <PERM> ('MB', 'S', 'OH', 'MB', 'O', 'OH')
<MATCH_ID> 5319 <TEAM> cannes <SET> 2 <VALUE> 5 <PERM> ('OH', 'MB', 'O', 'OH', 'MB', 'S')
<MATCH_ID> 5319 <TEAM> cannes <SET> 3 <VALUE> 5 <PERM> ('OH', 'MB', 'O', 'OH', 'MB', 'S')
<MATCH_ID> 5319 <TEAM> cannes <SET> 4 <VALUE> 5 <PERM> ('OH', 'MB', 'O', 'OH', 'MB', 'S')
<MATCH_ID> 5324 <TEAM> cannes <SET> 0 <VALUE> 5 <PERM> ('S', 'OH', 'MB', 'O', 'OH', 'MB')
<MATCH_ID> 5324 <TEAM> cannes <SET> 1 <VALUE> 5 <PERM> ('OH', 'MB', 'O', 'OH', 'MB', 'S')
<MATCH_ID> 5324 <TEAM> cannes <SET> 2 <VALUE> 5 <PERM> ('S', 'OH', 'MB', 'O', 'OH', 'MB')
<MATCH_ID> 5324 <TEAM> cannes <SET> 3 <VALUE> 5 <PERM> ('OH', 'MB', 'O', 'OH', 'MB', 'S')
<MATCH_ID> 5330 <TEAM> tours <SET> 0 <VALUE> 5 <PERM> ('OH', 'MB', 'O', 'OH', 'MB', 'S')
<MATCH_ID> 5330 <TEAM> tours <SET> 1 <VALUE> 5 <PERM> ('OH', 'MB', 'O', 'OH', 'MB', 'S')
<MATCH_ID> 5330 <TEAM> tours <SET> 2 <VALUE> 5 <PERM> ('OH', 'MB', 'O', 'OH', 'MB', 'S')
<MATCH_ID> 5334 <TEAM> tours <SET> 0 <VALUE> 5 <PERM> ('OH', 'MB', 'S', 'OH', 'MB', 'O')
<MATCH_ID> 5334 <TEAM> tours <SET> 1 <VALUE> 5 <PERM> ('OH', 'MB', 'S', 'OH', 'MB', 'O')
<MATCH_ID> 5335 <TEAM> cannes <SET> 3 <VALUE> 5 <PERM> ('MB', 'S', 'OH', 'MB', 'O', 'OH')
<MATCH_ID> 5344 <TEAM> tours <SET> 0 <VALUE> 5 <PERM> ('OH', 'MB', 'O', 'OH', 'MB', 'S')
<MATCH_ID> 5344 <TEAM> tours <SET> 1 <VALUE> 5 <PERM> ('MB', 'O', 'OH', 'MB', 'S', 'OH')
<MATCH_ID> 5344 <TEAM> tours <SET> 2 <VALUE> 5 <PERM> ('OH', 'MB', 'S', 'OH', 'MB', 'O')
<MATCH_ID> 5344 <TEAM> tours <SET> 3 <VALUE> 5 <PERM> ('MB', 'S', 'OH', 'MB', 'O', 'OH')
<MATCH_ID> 5344 <TEAM> tours <SET> 4 <VALUE> 5 <PERM> ('MB', 'S', 'OH', 'MB', 'O', 'OH')
<MATCH_ID> 5346 <TEAM> tours <SET> 0 <VALUE> 5 <PERM> ('OH', 'MB', 'S', 'OH', 'MB', 'O')
<MATCH_ID> 5346 <TEAM> tours <SET> 1 <VALUE> 5 <PERM> ('OH', 'MB', 'S', 'OH', 'MB', 'O')
<MATCH_ID> 5346 <TEAM> tours <SET> 2 <VALUE> 5 <PERM> ('OH', 'MB', 'S', 'OH', 'MB', 'O')
<MATCH_ID> 5347 <TEAM> cannes <SET> 2 <VALUE> 5 <PERM> ('MB', 'S', 'OH', 'MB', 'O', 'OH')
<MATCH_ID> 5355 <TEAM> tours <SET> 0 <VALUE> 5 <PERM> ('OH', 'MB', 'O', 'OH', 'MB', 'S')
<MATCH_ID> 5360 <TEAM> cannes <SET> 1 <VALUE> 5 <PERM> ('MB', 'S', 'OH', 'MB', 'O', 'OH')
<MATCH_ID> 5360 <TEAM> cannes <SET> 2 <VALUE> 5 <PERM> ('OH', 'MB', 'S', 'OH', 'MB', 'O')
<MATCH_ID> 5362 <TEAM> paris <SET> 2 <VALUE> 5 <PERM> ('OH', 'MB', 'S', 'OH', 'MB', 'O')
<MATCH_ID> 5364 <TEAM> tours <SET> 0 <VALUE> 5 <PERM> ('OH', 'MB', 'O', 'OH', 'MB', 'S')
<MATCH_ID> 5364 <TEAM> tours <SET> 1 <VALUE> 5 <PERM> ('OH', 'MB', 'O', 'OH', 'MB', 'S')
<MATCH_ID> 5364 <TEAM> tours <SET> 2 <VALUE> 5 <PERM> ('OH', 'MB', 'O', 'OH', 'MB', 'S')
<MATCH_ID> 5367 <TEAM> toulouse <SET> 3 <VALUE> 5 <PERM> ('S', 'OH', 'MB', 'O', 'OH', 'MB')
<MATCH_ID> 5368 <TEAM> cambrai <SET> 2 <VALUE> 5 <PERM> ('S', 'OH', 'MB', 'O', 'OH', 'MB')
<MATCH_ID> 5368 <TEAM> cambrai <SET> 3 <VALUE> 5 <PERM> ('S', 'OH', 'MB', 'O', 'OH', 'MB')
<MATCH_ID> 5369 <TEAM> paris <SET> 0 <VALUE> 5 <PERM> ('OH', 'MB', 'S', 'OH', 'MB', 'O')
<MATCH_ID> 5369 <TEAM> paris <SET> 1 <VALUE> 5 <PERM> ('MB', 'S', 'OH', 'MB', 'O', 'OH')
<MATCH_ID> 5369 <TEAM> paris <SET> 2 <VALUE> 5 <PERM> ('MB', 'S', 'OH', 'MB', 'O', 'OH')
<MATCH_ID> 5369 <TEAM> paris <SET> 3 <VALUE> 5 <PERM> ('MB', 'S', 'OH', 'MB', 'O', 'OH')
<MATCH_ID> 5370 <TEAM> tours <SET> 0 <VALUE> 5 <PERM> ('OH', 'MB', 'S', 'OH', 'MB', 'O')
<MATCH_ID> 5370 <TEAM> tours <SET> 1 <VALUE> 5 <PERM> ('O', 'OH', 'MB', 'S', 'OH', 'MB')
<MATCH_ID> 5370 <TEAM> tours <SET> 2 <VALUE> 5 <PERM> ('OH', 'MB', 'S', 'OH', 'MB', 'O')
<MATCH_ID> 5372 <TEAM> cannes <SET> 0 <VALUE> 5 <PERM> ('MB', 'S', 'OH', 'MB', 'O', 'OH')
<MATCH_ID> 5372 <TEAM> cannes <SET> 1 <VALUE> 5 <PERM> ('MB', 'S', 'OH', 'MB', 'O', 'OH')
<MATCH_ID> 5372 <TEAM> cannes <SET> 2 <VALUE> 5 <PERM> ('OH', 'MB', 'O', 'OH', 'MB', 'S')
<MATCH_ID> 5373 <TEAM> cannes <SET> 0 <VALUE> 5 <PERM> ('MB', 'S', 'OH', 'MB', 'O', 'OH')
<MATCH_ID> 5373 <TEAM> cannes <SET> 1 <VALUE> 5 <PERM> ('OH', 'MB', 'O', 'OH', 'MB', 'S')
<MATCH_ID> 5373 <TEAM> cannes <SET> 2 <VALUE> 5 <PERM> ('OH', 'MB', 'O', 'OH', 'MB', 'S')
<MATCH_ID> 5374 <TEAM> cambrai <SET> 0 <VALUE> 5 <PERM> ('OH', 'MB', 'O', 'OH', 'MB', 'S')
<MATCH_ID> 5374 <TEAM> cambrai <SET> 1 <VALUE> 5 <PERM> ('S', 'OH', 'MB', 'O', 'OH', 'MB')
<MATCH_ID> 5374 <TEAM> cambrai <SET> 2 <VALUE> 5 <PERM> ('OH', 'MB', 'S', 'OH', 'MB', 'O')
<MATCH_ID> 5375 <TEAM> plessis-robinson <SET> 1 <VALUE> 5 <PERM> ('OH', 'MB', 'O', 'OH', 'MB', 'S')
<MATCH_ID> 5378 <TEAM> tours <SET> 0 <VALUE> 5 <PERM> ('OH', 'MB', 'S', 'OH', 'MB', 'O')
<MATCH_ID> 5378 <TEAM> tours <SET> 1 <VALUE> 5 <PERM> ('OH', 'MB', 'O', 'OH', 'MB', 'S')
<MATCH_ID> 5378 <TEAM> tours <SET> 2 <VALUE> 5 <PERM> ('MB', 'O', 'OH', 'MB', 'S', 'OH')
<MATCH_ID> 5378 <TEAM> tours <SET> 3 <VALUE> 5 <PERM> ('OH', 'MB', 'O', 'OH', 'MB', 'S')
<MATCH_ID> 5380 <TEAM> cannes <SET> 0 <VALUE> 5 <PERM> ('OH', 'MB', 'O', 'OH', 'MB', 'S')
<MATCH_ID> 5380 <TEAM> cannes <SET> 1 <VALUE> 5 <PERM> ('OH', 'MB', 'O', 'OH', 'MB', 'S')
<MATCH_ID> 5380 <TEAM> cannes <SET> 2 <VALUE> 5 <PERM> ('OH', 'MB', 'O', 'OH', 'MB', 'S')
<MATCH_ID> 5380 <TEAM> cannes <SET> 3 <VALUE> 5 <PERM> ('MB', 'S', 'OH', 'MB', 'O', 'OH')
<MATCH_ID> 5382 <TEAM> cambrai <SET> 0 <VALUE> 5 <PERM> ('OH', 'MB', 'O', 'OH', 'MB', 'S')
<MATCH_ID> 5382 <TEAM> cambrai <SET> 1 <VALUE> 5 <PERM> ('MB', 'O', 'OH', 'MB', 'S', 'OH')
<MATCH_ID> 5382 <TEAM> cambrai <SET> 2 <VALUE> 5 <PERM> ('MB', 'O', 'OH', 'MB', 'S', 'OH')
<MATCH_ID> 5386 <TEAM> tours <SET> 0 <VALUE> 5 <PERM> ('OH', 'MB', 'O', 'OH', 'MB', 'S')
<MATCH_ID> 5386 <TEAM> tours <SET> 1 <VALUE> 5 <PERM> ('OH', 'MB', 'O', 'OH', 'MB', 'S')
<MATCH_ID> 5386 <TEAM> tours <SET> 2 <VALUE> 5 <PERM> ('OH', 'MB', 'O', 'OH', 'MB', 'S')
<MATCH_ID> 5389 <TEAM> cannes <SET> 0 <VALUE> 5 <PERM> ('OH', 'MB', 'S', 'OH', 'MB', 'O')
<MATCH_ID> 5389 <TEAM> cannes <SET> 1 <VALUE> 5 <PERM> ('OH', 'MB', 'S', 'OH', 'MB', 'O')
<MATCH_ID> 5389 <TEAM> cannes <SET> 2 <VALUE> 5 <PERM> ('OH', 'MB', 'O', 'OH', 'MB', 'S')
<MATCH_ID> 5390 <TEAM> narbonne <SET> 0 <VALUE> 5 <PERM> ('OH', 'MB', 'S', 'OH', 'MB', 'O')
<MATCH_ID> 5390 <TEAM> narbonne <SET> 1 <VALUE> 5 <PERM> ('OH', 'MB', 'O', 'OH', 'MB', 'S')
<MATCH_ID> 5390 <TEAM> narbonne <SET> 2 <VALUE> 5 <PERM> ('OH', 'MB', 'S', 'OH', 'MB', 'O')
<MATCH_ID> 5390 <TEAM> narbonne <SET> 3 <VALUE> 5 <PERM> ('O', 'OH', 'MB', 'S', 'OH', 'MB')
<MATCH_ID> 5391 <TEAM> cambrai <SET> 0 <VALUE> 5 <PERM> ('S', 'OH', 'MB', 'O', 'OH', 'MB')
<MATCH_ID> 5391 <TEAM> cambrai <SET> 1 <VALUE> 5 <PERM> ('MB', 'O', 'OH', 'MB', 'S', 'OH')
<MATCH_ID> 5391 <TEAM> cambrai <SET> 2 <VALUE> 5 <PERM> ('MB', 'O', 'OH', 'MB', 'S', 'OH')
<MATCH_ID> 5391 <TEAM> cambrai <SET> 3 <VALUE> 5 <PERM> ('S', 'OH', 'MB', 'O', 'OH', 'MB')
<MATCH_ID> 5393 <TEAM> tours <SET> 0 <VALUE> 5 <PERM> ('OH', 'MB', 'O', 'OH', 'MB', 'S')
<MATCH_ID> 5393 <TEAM> tours <SET> 1 <VALUE> 5 <PERM> ('OH', 'MB', 'O', 'OH', 'MB', 'S')
<MATCH_ID> 5393 <TEAM> tours <SET> 2 <VALUE> 5 <PERM> ('OH', 'MB', 'O', 'OH', 'MB', 'S')
<MATCH_ID> 5395 <TEAM> cambrai <SET> 0 <VALUE> 5 <PERM> ('S', 'OH', 'MB', 'O', 'OH', 'MB')
<MATCH_ID> 5395 <TEAM> cambrai <SET> 1 <VALUE> 5 <PERM> ('OH', 'MB', 'S', 'OH', 'MB', 'O')
<MATCH_ID> 5395 <TEAM> cambrai <SET> 2 <VALUE> 5 <PERM> ('OH', 'MB', 'S', 'OH', 'MB', 'O')
<MATCH_ID> 5395 <TEAM> cambrai <SET> 3 <VALUE> 5 <PERM> ('OH', 'MB', 'S', 'OH', 'MB', 'O')
<MATCH_ID> 5398 <TEAM> toulouse <SET> 0 <VALUE> 5 <PERM> ('S', 'OH', 'MB', 'O', 'OH', 'MB')
<MATCH_ID> 5398 <TEAM> toulouse <SET> 1 <VALUE> 5 <PERM> ('S', 'OH', 'MB', 'O', 'OH', 'MB')
<MATCH_ID> 5398 <TEAM> toulouse <SET> 2 <VALUE> 5 <PERM> ('S', 'OH', 'MB', 'O', 'OH', 'MB')
<MATCH_ID> 5399 <TEAM> tours <SET> 0 <VALUE> 5 <PERM> ('OH', 'MB', 'S', 'OH', 'MB', 'O')
<MATCH_ID> 5399 <TEAM> tours <SET> 1 <VALUE> 5 <PERM> ('MB', 'S', 'OH', 'MB', 'O', 'OH')
<MATCH_ID> 5399 <TEAM> tours <SET> 2 <VALUE> 5 <PERM> ('S', 'OH', 'MB', 'O', 'OH', 'MB')
<MATCH_ID> 5400 <TEAM> narbonne <SET> 0 <VALUE> 5 <PERM> ('OH', 'MB', 'S', 'OH', 'MB', 'O')
<MATCH_ID> 5400 <TEAM> narbonne <SET> 1 <VALUE> 5 <PERM> ('O', 'OH', 'MB', 'S', 'OH', 'MB')
<MATCH_ID> 5400 <TEAM> narbonne <SET> 2 <VALUE> 5 <PERM> ('OH', 'MB', 'S', 'OH', 'MB', 'O')
<MATCH_ID> 5400 <TEAM> narbonne <SET> 3 <VALUE> 5 <PERM> ('O', 'OH', 'MB', 'S', 'OH', 'MB')
<MATCH_ID> 5401 <TEAM> chaumont <SET> 2 <VALUE> 5 <PERM> ('OH', 'MB', 'O', 'OH', 'MB', 'S')
<MATCH_ID> 5403 <TEAM> cambrai <SET> 0 <VALUE> 5 <PERM> ('OH', 'MB', 'S', 'OH', 'MB', 'O')
<MATCH_ID> 5403 <TEAM> cambrai <SET> 1 <VALUE> 5 <PERM> ('OH', 'MB', 'S', 'OH', 'MB', 'O')
<MATCH_ID> 5403 <TEAM> cambrai <SET> 2 <VALUE> 5 <PERM> ('MB', 'O', 'OH', 'MB', 'S', 'OH')
<MATCH_ID> 5403 <TEAM> cambrai <SET> 3 <VALUE> 5 <PERM> ('OH', 'MB', 'O', 'OH', 'MB', 'S')
<MATCH_ID> 5403 <TEAM> cambrai <SET> 4 <VALUE> 5 <PERM> ('OH', 'MB', 'O', 'OH', 'MB', 'S')
<MATCH_ID> 5406 <TEAM> paris <SET> 0 <VALUE> 5 <PERM> ('S', 'OH', 'MB', 'O', 'OH', 'MB')
<MATCH_ID> 5406 <TEAM> paris <SET> 1 <VALUE> 5 <PERM> ('MB', 'O', 'OH', 'MB', 'S', 'OH')
<MATCH_ID> 5406 <TEAM> paris <SET> 2 <VALUE> 5 <PERM> ('O', 'OH', 'MB', 'S', 'OH', 'MB')
<MATCH_ID> 5406 <TEAM> paris <SET> 3 <VALUE> 5 <PERM> ('MB', 'O', 'OH', 'MB', 'S', 'OH')
<MATCH_ID> 5407 <TEAM> tours <SET> 0 <VALUE> 5 <PERM> ('OH', 'MB', 'S', 'OH', 'MB', 'O')
<MATCH_ID> 5407 <TEAM> tours <SET> 1 <VALUE> 5 <PERM> ('OH', 'MB', 'S', 'OH', 'MB', 'O')
<MATCH_ID> 5407 <TEAM> tours <SET> 2 <VALUE> 5 <PERM> ('OH', 'MB', 'S', 'OH', 'MB', 'O')
<MATCH_ID> 5407 <TEAM> cannes <SET> 0 <VALUE> 5 <PERM> ('MB', 'O', 'OH', 'MB', 'S', 'OH')
<MATCH_ID> 5407 <TEAM> cannes <SET> 1 <VALUE> 5 <PERM> ('O', 'OH', 'MB', 'S', 'OH', 'MB')
<MATCH_ID> 5407 <TEAM> cannes <SET> 2 <VALUE> 5 <PERM> ('MB', 'O', 'OH', 'MB', 'S', 'OH')
<MATCH_ID> 5409 <TEAM> cambrai <SET> 0 <VALUE> 5 <PERM> ('MB', 'O', 'OH', 'MB', 'S', 'OH')
<MATCH_ID> 5409 <TEAM> cambrai <SET> 1 <VALUE> 5 <PERM> ('O', 'OH', 'MB', 'S', 'OH', 'MB')
<MATCH_ID> 5412 <TEAM> poitiers <SET> 0 <VALUE> 5 <PERM> ('MB', 'S', 'OH', 'MB', 'O', 'OH')
<MATCH_ID> 5412 <TEAM> poitiers <SET> 1 <VALUE> 5 <PERM> ('S', 'OH', 'MB', 'O', 'OH', 'MB')
<MATCH_ID> 5412 <TEAM> poitiers <SET> 2 <VALUE> 5 <PERM> ('MB', 'S', 'OH', 'MB', 'O', 'OH')
<MATCH_ID> 5412 <TEAM> poitiers <SET> 3 <VALUE> 5 <PERM> ('S', 'OH', 'MB', 'O', 'OH', 'MB')
<MATCH_ID> 5412 <TEAM> poitiers <SET> 4 <VALUE> 5 <PERM> ('MB', 'S', 'OH', 'MB', 'O', 'OH')
<MATCH_ID> 5420 <TEAM> tourcoing <SET> 0 <VALUE> 5 <PERM> ('S', 'OH', 'MB', 'O', 'OH', 'MB')
<MATCH_ID> 5420 <TEAM> tourcoing <SET> 1 <VALUE> 5 <PERM> ('MB', 'S', 'OH', 'MB', 'O', 'OH')
<MATCH_ID> 5420 <TEAM> tourcoing <SET> 2 <VALUE> 5 <PERM> ('S', 'OH', 'MB', 'O', 'OH', 'MB')
<MATCH_ID> 5420 <TEAM> tourcoing <SET> 3 <VALUE> 5 <PERM> ('S', 'OH', 'MB', 'O', 'OH', 'MB')
<MATCH_ID> 5420 <TEAM> toulouse <SET> 0 <VALUE> 5 <PERM> ('OH', 'MB', 'O', 'OH', 'MB', 'S')
<MATCH_ID> 5420 <TEAM> toulouse <SET> 1 <VALUE> 5 <PERM> ('OH', 'MB', 'O', 'OH', 'MB', 'S')
<MATCH_ID> 5420 <TEAM> toulouse <SET> 2 <VALUE> 5 <PERM> ('OH', 'MB', 'O', 'OH', 'MB', 'S')
<MATCH_ID> 5420 <TEAM> toulouse <SET> 3 <VALUE> 5 <PERM> ('OH', 'MB', 'O', 'OH', 'MB', 'S')
<MATCH_ID> 5425 <TEAM> nantes rezé <SET> 0 <VALUE> 5 <PERM> ('OH', 'MB', 'S', 'OH', 'MB', 'O')
<MATCH_ID> 5425 <TEAM> nantes rezé <SET> 1 <VALUE> 5 <PERM> ('OH', 'MB', 'O', 'OH', 'MB', 'S')
<MATCH_ID> 5425 <TEAM> nantes rezé <SET> 2 <VALUE> 5 <PERM> ('OH', 'MB', 'O', 'OH', 'MB', 'S')
<MATCH_ID> 5427 <TEAM> tourcoing <SET> 0 <VALUE> 5 <PERM> ('OH', 'MB', 'O', 'OH', 'MB', 'S')
<MATCH_ID> 5427 <TEAM> tourcoing <SET> 1 <VALUE> 5 <PERM> ('MB', 'S', 'OH', 'MB', 'O', 'OH')
<MATCH_ID> 5427 <TEAM> tourcoing <SET> 2 <VALUE> 5 <PERM> ('MB', 'S', 'OH', 'MB', 'O', 'OH')
<MATCH_ID> 5427 <TEAM> tourcoing <SET> 3 <VALUE> 5 <PERM> ('MB', 'S', 'OH', 'MB', 'O', 'OH')
<MATCH_ID> 5436 <TEAM> paris <SET> 1 <VALUE> 5 <PERM> ('OH', 'MB', 'S', 'OH', 'MB', 'O')
<MATCH_ID> 5436 <TEAM> paris <SET> 2 <VALUE> 5 <PERM> ('MB', 'S', 'OH', 'MB', 'O', 'OH')
<MATCH_ID> 5439 <TEAM> nantes rezé <SET> 2 <VALUE> 5 <PERM> ('OH', 'MB', 'S', 'OH', 'MB', 'O')
<MATCH_ID> 5440 <TEAM> chaumont <SET> 2 <VALUE> 5 <PERM> ('MB', 'S', 'OH', 'MB', 'O', 'OH')
<MATCH_ID> 5440 <TEAM> chaumont <SET> 3 <VALUE> 5 <PERM> ('S', 'OH', 'MB', 'O', 'OH', 'MB')
<MATCH_ID> 5444 <TEAM> paris <SET> 0 <VALUE> 5 <PERM> ('MB', 'O', 'OH', 'MB', 'S', 'OH')
<MATCH_ID> 5444 <TEAM> paris <SET> 1 <VALUE> 5 <PERM> ('S', 'OH', 'MB', 'O', 'OH', 'MB')
<MATCH_ID> 5444 <TEAM> paris <SET> 2 <VALUE> 5 <PERM> ('MB', 'S', 'OH', 'MB', 'O', 'OH')
<MATCH_ID> 5444 <TEAM> paris <SET> 3 <VALUE> 5 <PERM> ('S', 'OH', 'MB', 'O', 'OH', 'MB')
<MATCH_ID> 5446 <TEAM> cambrai <SET> 2 <VALUE> 5 <PERM> ('OH', 'MB', 'O', 'OH', 'MB', 'S')
<MATCH_ID> 5446 <TEAM> cambrai <SET> 3 <VALUE> 5 <PERM> ('OH', 'MB', 'O', 'OH', 'MB', 'S')
<MATCH_ID> 5448 <TEAM> chaumont <SET> 2 <VALUE> 5 <PERM> ('OH', 'MB', 'O', 'OH', 'MB', 'S')
<MATCH_ID> 5449 <TEAM> toulouse <SET> 0 <VALUE> 5 <PERM> ('O', 'OH', 'MB', 'S', 'OH', 'MB')
<MATCH_ID> 5462 <TEAM> narbonne <SET> 4 <VALUE> 5 <PERM> ('O', 'OH', 'MB', 'S', 'OH', 'MB')
<MATCH_ID> 5464 <TEAM> tours <SET> 0 <VALUE> 5 <PERM> ('MB', 'O', 'OH', 'MB', 'S', 'OH')
<MATCH_ID> 5464 <TEAM> tours <SET> 1 <VALUE> 5 <PERM> ('OH', 'MB', 'O', 'OH', 'MB', 'S')
<MATCH_ID> 5464 <TEAM> tours <SET> 2 <VALUE> 5 <PERM> ('MB', 'O', 'OH', 'MB', 'S', 'OH')
<MATCH_ID> 5464 <TEAM> tours <SET> 3 <VALUE> 5 <PERM> ('OH', 'MB', 'O', 'OH', 'MB', 'S')
<MATCH_ID> 5469 <TEAM> montpellier <SET> 0 <VALUE> 5 <PERM> ('OH', 'MB', 'O', 'OH', 'MB', 'S')
<MATCH_ID> 5469 <TEAM> montpellier <SET> 1 <VALUE> 5 <PERM> ('OH', 'MB', 'S', 'OH', 'MB', 'O')
<MATCH_ID> 5469 <TEAM> montpellier <SET> 2 <VALUE> 5 <PERM> ('OH', 'MB', 'S', 'OH', 'MB', 'O')
<MATCH_ID> 5471 <TEAM> cambrai <SET> 2 <VALUE> 5 <PERM> ('S', 'OH', 'MB', 'O', 'OH', 'MB')
<MATCH_ID> 5471 <TEAM> cambrai <SET> 3 <VALUE> 5 <PERM> ('MB', 'S', 'OH', 'MB', 'O', 'OH')
<MATCH_ID> 5474 <TEAM> toulouse <SET> 2 <VALUE> 5 <PERM> ('OH', 'MB', 'O', 'OH', 'MB', 'S')
<MATCH_ID> 5476 <TEAM> montpellier <SET> 3 <VALUE> 5 <PERM> ('MB', 'O', 'OH', 'MB', 'S', 'OH')
<MATCH_ID> 5478 <TEAM> toulouse <SET> 3 <VALUE> 5 <PERM> ('OH', 'MB', 'O', 'OH', 'MB', 'S')
<MATCH_ID> 5484 <TEAM> sète <SET> 1 <VALUE> 5 <PERM> ('MB', 'S', 'OH', 'MB', 'O', 'OH')
<MATCH_ID> 5486 <TEAM> tours <SET> 0 <VALUE> 4 <PERM> ('OH', 'MB', 'S', 'OH', 'MB', 'O')
<MATCH_ID> 5486 <TEAM> tours <SET> 1 <VALUE> 4 <PERM> ('MB', 'S', 'OH', 'MB', 'O', 'OH')
<MATCH_ID> 5486 <TEAM> tours <SET> 2 <VALUE> 4 <PERM> ('MB', 'S', 'OH', 'MB', 'O', 'OH')
<MATCH_ID> 5486 <TEAM> tours <SET> 3 <VALUE> 4 <PERM> ('MB', 'S', 'OH', 'MB', 'O', 'OH')
<MATCH_ID> 5486 <TEAM> tours <SET> 4 <VALUE> 4 <PERM> ('OH', 'MB', 'O', 'OH', 'MB', 'S')
<MATCH_ID> 5491 <TEAM> montpellier <SET> 3 <VALUE> 5 <PERM> ('OH', 'MB', 'S', 'OH', 'MB', 'O')
<MATCH_ID> 5491 <TEAM> montpellier <SET> 4 <VALUE> 5 <PERM> ('OH', 'MB', 'S', 'OH', 'MB', 'O')
<MATCH_ID> 5494 <TEAM> plessis-robinson <SET> 2 <VALUE> 5 <PERM> ('OH', 'MB', 'O', 'OH', 'MB', 'S')
<MATCH_ID> 5875 <TEAM> nantes rezé <SET> 2 <VALUE> 5 <PERM> ('MB', 'S', 'OH', 'MB', 'O', 'OH')
<MATCH_ID> 5881 <TEAM> plessis-robinson <SET> 2 <VALUE> 5 <PERM> ('MB', 'O', 'OH', 'MB', 'S', 'OH')
<MATCH_ID> 5881 <TEAM> plessis-robinson <SET> 3 <VALUE> 5 <PERM> ('MB', 'O', 'OH', 'MB', 'S', 'OH')
<MATCH_ID> 5896 <TEAM> tours <SET> 0 <VALUE> 5 <PERM> ('MB', 'S', 'OH', 'MB', 'O', 'OH')
<MATCH_ID> 5896 <TEAM> tours <SET> 1 <VALUE> 5 <PERM> ('MB', 'S', 'OH', 'MB', 'O', 'OH')
<MATCH_ID> 5896 <TEAM> tours <SET> 2 <VALUE> 5 <PERM> ('MB', 'S', 'OH', 'MB', 'O', 'OH')
<MATCH_ID> 5900 <TEAM> tours <SET> 0 <VALUE> 5 <PERM> ('OH', 'MB', 'O', 'OH', 'MB', 'S')
<MATCH_ID> 5900 <TEAM> tours <SET> 1 <VALUE> 5 <PERM> ('OH', 'MB', 'O', 'OH', 'MB', 'S')
<MATCH_ID> 5900 <TEAM> tours <SET> 2 <VALUE> 5 <PERM> ('OH', 'MB', 'O', 'OH', 'MB', 'S')
<MATCH_ID> 5900 <TEAM> tours <SET> 4 <VALUE> 5 <PERM> ('S', 'OH', 'MB', 'O', 'OH', 'MB')
<MATCH_ID> 5901 <TEAM> tourcoing <SET> 4 <VALUE> 5 <PERM> ('MB', 'S', 'OH', 'MB', 'O', 'OH')
<MATCH_ID> 5901 <TEAM> chaumont <SET> 0 <VALUE> 5 <PERM> ('OH', 'MB', 'S', 'OH', 'MB', 'O')
<MATCH_ID> 5901 <TEAM> chaumont <SET> 1 <VALUE> 5 <PERM> ('OH', 'MB', 'O', 'OH', 'MB', 'S')
<MATCH_ID> 5901 <TEAM> chaumont <SET> 2 <VALUE> 5 <PERM> ('OH', 'MB', 'S', 'OH', 'MB', 'O')
<MATCH_ID> 5901 <TEAM> chaumont <SET> 4 <VALUE> 5 <PERM> ('MB', 'S', 'OH', 'MB', 'O', 'OH')
<MATCH_ID> 5915 <TEAM> tours <SET> 0 <VALUE> 5 <PERM> ('OH', 'MB', 'O', 'OH', 'MB', 'S')
<MATCH_ID> 5915 <TEAM> tours <SET> 1 <VALUE> 5 <PERM> ('OH', 'MB', 'O', 'OH', 'MB', 'S')
<MATCH_ID> 5915 <TEAM> tours <SET> 2 <VALUE> 5 <PERM> ('OH', 'MB', 'O', 'OH', 'MB', 'S')
<MATCH_ID> 5917 <TEAM> tours <SET> 0 <VALUE> 5 <PERM> ('OH', 'MB', 'O', 'OH', 'MB', 'S')
<MATCH_ID> 5917 <TEAM> tours <SET> 1 <VALUE> 5 <PERM> ('O', 'OH', 'MB', 'S', 'OH', 'MB')
<MATCH_ID> 5917 <TEAM> tours <SET> 2 <VALUE> 5 <PERM> ('O', 'OH', 'MB', 'S', 'OH', 'MB')
<MATCH_ID> 5919 <TEAM> plessis-robinson <SET> 0 <VALUE> 5 <PERM> ('MB', 'S', 'OH', 'MB', 'O', 'OH')
<MATCH_ID> 5919 <TEAM> plessis-robinson <SET> 1 <VALUE> 5 <PERM> ('MB', 'S', 'OH', 'MB', 'O', 'OH')
<MATCH_ID> 5919 <TEAM> plessis-robinson <SET> 2 <VALUE> 5 <PERM> ('MB', 'S', 'OH', 'MB', 'O', 'OH')
<MATCH_ID> 5919 <TEAM> plessis-robinson <SET> 3 <VALUE> 5 <PERM> ('MB', 'S', 'OH', 'MB', 'O', 'OH')
<MATCH_ID> 5920 <TEAM> nantes rezé <SET> 4 <VALUE> 5 <PERM> ('MB', 'S', 'OH', 'MB', 'O', 'OH')
<MATCH_ID> 5923 <TEAM> nantes rezé <SET> 3 <VALUE> 5 <PERM> ('S', 'OH', 'MB', 'O', 'OH', 'MB')
<MATCH_ID> 5924 <TEAM> plessis-robinson <SET> 0 <VALUE> 5 <PERM> ('MB', 'S', 'OH', 'MB', 'O', 'OH')
<MATCH_ID> 5924 <TEAM> plessis-robinson <SET> 1 <VALUE> 5 <PERM> ('MB', 'S', 'OH', 'MB', 'O', 'OH')
<MATCH_ID> 5924 <TEAM> plessis-robinson <SET> 2 <VALUE> 5 <PERM> ('MB', 'S', 'OH', 'MB', 'O', 'OH')
<MATCH_ID> 5924 <TEAM> plessis-robinson <SET> 3 <VALUE> 5 <PERM> ('MB', 'O', 'OH', 'MB', 'S', 'OH')
<MATCH_ID> 5926 <TEAM> plessis-robinson <SET> 0 <VALUE> 5 <PERM> ('MB', 'S', 'OH', 'MB', 'O', 'OH')
<MATCH_ID> 5926 <TEAM> plessis-robinson <SET> 1 <VALUE> 5 <PERM> ('MB', 'S', 'OH', 'MB', 'O', 'OH')
<MATCH_ID> 5926 <TEAM> plessis-robinson <SET> 2 <VALUE> 5 <PERM> ('MB', 'S', 'OH', 'MB', 'O', 'OH')
<MATCH_ID> 5926 <TEAM> plessis-robinson <SET> 3 <VALUE> 5 <PERM> ('MB', 'S', 'OH', 'MB', 'O', 'OH')
<MATCH_ID> 5926 <TEAM> plessis-robinson <SET> 4 <VALUE> 5 <PERM> ('MB', 'S', 'OH', 'MB', 'O', 'OH')
<MATCH_ID> 5927 <TEAM> nantes rezé <SET> 2 <VALUE> 5 <PERM> ('MB', 'S', 'OH', 'MB', 'O', 'OH')
<MATCH_ID> 5927 <TEAM> nantes rezé <SET> 3 <VALUE> 5 <PERM> ('S', 'OH', 'MB', 'O', 'OH', 'MB')
<MATCH_ID> 5929 <TEAM> plessis-robinson <SET> 0 <VALUE> 5 <PERM> ('MB', 'O', 'OH', 'MB', 'S', 'OH')
<MATCH_ID> 5929 <TEAM> plessis-robinson <SET> 1 <VALUE> 5 <PERM> ('S', 'OH', 'MB', 'O', 'OH', 'MB')
<MATCH_ID> 5929 <TEAM> plessis-robinson <SET> 2 <VALUE> 5 <PERM> ('MB', 'S', 'OH', 'MB', 'O', 'OH')
<MATCH_ID> 5929 <TEAM> plessis-robinson <SET> 3 <VALUE> 5 <PERM> ('MB', 'S', 'OH', 'MB', 'O', 'OH')
<MATCH_ID> 5933 <TEAM> plessis-robinson <SET> 0 <VALUE> 5 <PERM> ('MB', 'S', 'OH', 'MB', 'O', 'OH')
<MATCH_ID> 5933 <TEAM> plessis-robinson <SET> 1 <VALUE> 5 <PERM> ('MB', 'S', 'OH', 'MB', 'O', 'OH')
<MATCH_ID> 5933 <TEAM> plessis-robinson <SET> 2 <VALUE> 5 <PERM> ('MB', 'S', 'OH', 'MB', 'O', 'OH')
<MATCH_ID> 5938 <TEAM> tours <SET> 0 <VALUE> 5 <PERM> ('MB', 'S', 'OH', 'MB', 'O', 'OH')
<MATCH_ID> 5938 <TEAM> tours <SET> 1 <VALUE> 5 <PERM> ('MB', 'S', 'OH', 'MB', 'O', 'OH')
<MATCH_ID> 5938 <TEAM> tours <SET> 2 <VALUE> 5 <PERM> ('MB', 'S', 'OH', 'MB', 'O', 'OH')
<MATCH_ID> 5942 <TEAM> tours <SET> 0 <VALUE> 5 <PERM> ('MB', 'S', 'OH', 'MB', 'O', 'OH')
<MATCH_ID> 5942 <TEAM> tours <SET> 1 <VALUE> 5 <PERM> ('OH', 'MB', 'O', 'OH', 'MB', 'S')
<MATCH_ID> 5942 <TEAM> tours <SET> 2 <VALUE> 5 <PERM> ('OH', 'MB', 'S', 'OH', 'MB', 'O')
<MATCH_ID> 5942 <TEAM> tours <SET> 3 <VALUE> 5 <PERM> ('MB', 'S', 'OH', 'MB', 'O', 'OH')
<MATCH_ID> 5942 <TEAM> tours <SET> 4 <VALUE> 5 <PERM> ('MB', 'S', 'OH', 'MB', 'O', 'OH')
<MATCH_ID> 5943 <TEAM> tours <SET> 0 <VALUE> 5 <PERM> ('MB', 'S', 'OH', 'MB', 'O', 'OH')
<MATCH_ID> 5943 <TEAM> tours <SET> 1 <VALUE> 5 <PERM> ('MB', 'O', 'OH', 'MB', 'S', 'OH')
<MATCH_ID> 5943 <TEAM> tours <SET> 2 <VALUE> 5 <PERM> ('O', 'OH', 'MB', 'S', 'OH', 'MB')
<MATCH_ID> 6337 <TEAM> paris <SET> 2 <VALUE> 5 <PERM> ('OH', 'MB', 'O', 'OH', 'MB', 'S')
<MATCH_ID> 6343 <TEAM> poitiers <SET> 2 <VALUE> 5 <PERM> ('MB', 'S', 'OH', 'MB', 'O', 'OH')
<MATCH_ID> 6401 <TEAM> poitiers <SET> 2 <VALUE> 5 <PERM> ('MB', 'S', 'OH', 'MB', 'O', 'OH')
<MATCH_ID> 6425 <TEAM> paris <SET> 1 <VALUE> 5 <PERM> ('MB', 'O', 'OH', 'MB', 'S', 'OH')
<MATCH_ID> 6425 <TEAM> paris <SET> 2 <VALUE> 5 <PERM> ('MB', 'O', 'OH', 'MB', 'S', 'OH')
<MATCH_ID> 6425 <TEAM> paris <SET> 3 <VALUE> 5 <PERM> ('MB', 'O', 'OH', 'MB', 'S', 'OH')
<MATCH_ID> 6433 <TEAM> cambrai <SET> 2 <VALUE> 5 <PERM> ('OH', 'MB', 'O', 'OH', 'MB', 'S')
<MATCH_ID> 6437 <TEAM> paris <SET> 0 <VALUE> 5 <PERM> ('OH', 'MB', 'O', 'OH', 'MB', 'S')
<MATCH_ID> 6441 <TEAM> cambrai <SET> 0 <VALUE> 5 <PERM> ('OH', 'MB', 'O', 'OH', 'MB', 'S')
<MATCH_ID> 6441 <TEAM> cambrai <SET> 1 <VALUE> 5 <PERM> ('S', 'OH', 'MB', 'O', 'OH', 'MB')
<MATCH_ID> 6441 <TEAM> cambrai <SET> 2 <VALUE> 5 <PERM> ('OH', 'MB', 'O', 'OH', 'MB', 'S')
<MATCH_ID> 6449 <TEAM> toulouse <SET> 2 <VALUE> 5 <PERM> ('OH', 'MB', 'S', 'OH', 'MB', 'O')
<MATCH_ID> 6453 <TEAM> cambrai <SET> 0 <VALUE> 5 <PERM> ('MB', 'S', 'OH', 'MB', 'O', 'OH')
<MATCH_ID> 6453 <TEAM> cambrai <SET> 1 <VALUE> 5 <PERM> ('S', 'OH', 'MB', 'O', 'OH', 'MB')
<MATCH_ID> 6453 <TEAM> cambrai <SET> 2 <VALUE> 5 <PERM> ('MB', 'S', 'OH', 'MB', 'O', 'OH')
<MATCH_ID> 6453 <TEAM> cambrai <SET> 3 <VALUE> 5 <PERM> ('S', 'OH', 'MB', 'O', 'OH', 'MB')
<MATCH_ID> 6459 <TEAM> tours <SET> 0 <VALUE> 5 <PERM> ('S', 'OH', 'MB', 'O', 'OH', 'MB')
<MATCH_ID> 6459 <TEAM> tours <SET> 1 <VALUE> 5 <PERM> ('S', 'OH', 'MB', 'O', 'OH', 'MB')
<MATCH_ID> 6459 <TEAM> tours <SET> 2 <VALUE> 5 <PERM> ('S', 'OH', 'MB', 'O', 'OH', 'MB')
<MATCH_ID> 6459 <TEAM> tours <SET> 3 <VALUE> 5 <PERM> ('MB', 'O', 'OH', 'MB', 'S', 'OH')
<MATCH_ID> 6461 <TEAM> cambrai <SET> 0 <VALUE> 5 <PERM> ('OH', 'MB', 'O', 'OH', 'MB', 'S')
<MATCH_ID> 6461 <TEAM> cambrai <SET> 1 <VALUE> 5 <PERM> ('OH', 'MB', 'O', 'OH', 'MB', 'S')
<MATCH_ID> 6461 <TEAM> cambrai <SET> 2 <VALUE> 5 <PERM> ('OH', 'MB', 'O', 'OH', 'MB', 'S')
<MATCH_ID> 6461 <TEAM> cambrai <SET> 3 <VALUE> 5 <PERM> ('OH', 'MB', 'O', 'OH', 'MB', 'S')
<MATCH_ID> 6462 <TEAM> toulouse <SET> 2 <VALUE> 5 <PERM> ('S', 'OH', 'MB', 'O', 'OH', 'MB')
<MATCH_ID> 6464 <TEAM> paris <SET> 2 <VALUE> 5 <PERM> ('OH', 'MB', 'S', 'OH', 'MB', 'O')
<MATCH_ID> 6471 <TEAM> cambrai <SET> 0 <VALUE> 5 <PERM> ('OH', 'MB', 'O', 'OH', 'MB', 'S')
<MATCH_ID> 6471 <TEAM> cambrai <SET> 1 <VALUE> 5 <PERM> ('S', 'OH', 'MB', 'O', 'OH', 'MB')
<MATCH_ID> 6471 <TEAM> cambrai <SET> 2 <VALUE> 5 <PERM> ('S', 'OH', 'MB', 'O', 'OH', 'MB')
<MATCH_ID> 6476 <TEAM> nice <SET> 0 <VALUE> 5 <PERM> ('S', 'OH', 'MB', 'O', 'OH', 'MB')
<MATCH_ID> 6476 <TEAM> nice <SET> 1 <VALUE> 5 <PERM> ('S', 'OH', 'MB', 'O', 'OH', 'MB')
<MATCH_ID> 6476 <TEAM> nice <SET> 2 <VALUE> 5 <PERM> ('S', 'OH', 'MB', 'O', 'OH', 'MB')
<MATCH_ID> 6477 <TEAM> cambrai <SET> 0 <VALUE> 5 <PERM> ('S', 'OH', 'MB', 'O', 'OH', 'MB')
<MATCH_ID> 6477 <TEAM> cambrai <SET> 1 <VALUE> 5 <PERM> ('S', 'OH', 'MB', 'O', 'OH', 'MB')
<MATCH_ID> 6477 <TEAM> cambrai <SET> 2 <VALUE> 5 <PERM> ('S', 'OH', 'MB', 'O', 'OH', 'MB')
<MATCH_ID> 6479 <TEAM> tours <SET> 0 <VALUE> 5 <PERM> ('S', 'OH', 'MB', 'O', 'OH', 'MB')
<MATCH_ID> 6479 <TEAM> tours <SET> 1 <VALUE> 5 <PERM> ('MB', 'S', 'OH', 'MB', 'O', 'OH')
<MATCH_ID> 6479 <TEAM> tours <SET> 2 <VALUE> 5 <PERM> ('S', 'OH', 'MB', 'O', 'OH', 'MB')
<MATCH_ID> 6480 <TEAM> cambrai <SET> 0 <VALUE> 5 <PERM> ('OH', 'MB', 'O', 'OH', 'MB', 'S')
<MATCH_ID> 6480 <TEAM> cambrai <SET> 1 <VALUE> 5 <PERM> ('OH', 'MB', 'O', 'OH', 'MB', 'S')
<MATCH_ID> 6480 <TEAM> cambrai <SET> 2 <VALUE> 5 <PERM> ('OH', 'MB', 'O', 'OH', 'MB', 'S')
<MATCH_ID> 6482 <TEAM> nice <SET> 0 <VALUE> 5 <PERM> ('S', 'OH', 'MB', 'O', 'OH', 'MB')
<MATCH_ID> 6482 <TEAM> nice <SET> 2 <VALUE> 5 <PERM> ('OH', 'MB', 'O', 'OH', 'MB', 'S')
<MATCH_ID> 6482 <TEAM> nice <SET> 3 <VALUE> 5 <PERM> ('OH', 'MB', 'O', 'OH', 'MB', 'S')
<MATCH_ID> 6489 <TEAM> cambrai <SET> 0 <VALUE> 5 <PERM> ('OH', 'MB', 'O', 'OH', 'MB', 'S')
<MATCH_ID> 6489 <TEAM> cambrai <SET> 1 <VALUE> 5 <PERM> ('S', 'OH', 'MB', 'O', 'OH', 'MB')
<MATCH_ID> 6489 <TEAM> cambrai <SET> 2 <VALUE> 5 <PERM> ('OH', 'MB', 'O', 'OH', 'MB', 'S')
<MATCH_ID> 6491 <TEAM> paris <SET> 1 <VALUE> 5 <PERM> ('MB', 'O', 'OH', 'MB', 'S', 'OH')
<MATCH_ID> 6491 <TEAM> paris <SET> 2 <VALUE> 5 <PERM> ('OH', 'MB', 'O', 'OH', 'MB', 'S')
<MATCH_ID> 6495 <TEAM> cambrai <SET> 0 <VALUE> 5 <PERM> ('OH', 'MB', 'O', 'OH', 'MB', 'S')
<MATCH_ID> 6495 <TEAM> cambrai <SET> 1 <VALUE> 5 <PERM> ('S', 'OH', 'MB', 'O', 'OH', 'MB')
<MATCH_ID> 6495 <TEAM> cambrai <SET> 2 <VALUE> 5 <PERM> ('OH', 'MB', 'O', 'OH', 'MB', 'S')
<MATCH_ID> 6495 <TEAM> cambrai <SET> 3 <VALUE> 5 <PERM> ('S', 'OH', 'MB', 'O', 'OH', 'MB')
<MATCH_ID> 6495 <TEAM> cambrai <SET> 4 <VALUE> 5 <PERM> ('OH', 'MB', 'O', 'OH', 'MB', 'S')
<MATCH_ID> 6502 <TEAM> cambrai <SET> 0 <VALUE> 5 <PERM> ('OH', 'MB', 'O', 'OH', 'MB', 'S')
<MATCH_ID> 6502 <TEAM> cambrai <SET> 1 <VALUE> 5 <PERM> ('S', 'OH', 'MB', 'O', 'OH', 'MB')
<MATCH_ID> 6502 <TEAM> cambrai <SET> 2 <VALUE> 5 <PERM> ('OH', 'MB', 'O', 'OH', 'MB', 'S')
<MATCH_ID> 6502 <TEAM> cambrai <SET> 3 <VALUE> 5 <PERM> ('S', 'OH', 'MB', 'O', 'OH', 'MB')
<MATCH_ID> 6502 <TEAM> cambrai <SET> 4 <VALUE> 5 <PERM> ('S', 'OH', 'MB', 'O', 'OH', 'MB')
<MATCH_ID> 6502 <TEAM> poitiers <SET> 3 <VALUE> 5 <PERM> ('OH', 'MB', 'S', 'OH', 'MB', 'O')
<MATCH_ID> 6502 <TEAM> poitiers <SET> 4 <VALUE> 5 <PERM> ('OH', 'MB', 'S', 'OH', 'MB', 'O')
<MATCH_ID> 6507 <TEAM> cambrai <SET> 0 <VALUE> 5 <PERM> ('OH', 'MB', 'O', 'OH', 'MB', 'S')
<MATCH_ID> 6507 <TEAM> cambrai <SET> 1 <VALUE> 5 <PERM> ('S', 'OH', 'MB', 'O', 'OH', 'MB')
<MATCH_ID> 6507 <TEAM> cambrai <SET> 2 <VALUE> 5 <PERM> ('OH', 'MB', 'O', 'OH', 'MB', 'S')
<MATCH_ID> 6507 <TEAM> cambrai <SET> 3 <VALUE> 5 <PERM> ('S', 'OH', 'MB', 'O', 'OH', 'MB')
<MATCH_ID> 7305 <TEAM> narbonne <SET> 0 <VALUE> 5 <PERM> ('S', 'OH', 'MB', 'O', 'OH', 'MB')
<MATCH_ID> 7305 <TEAM> narbonne <SET> 1 <VALUE> 5 <PERM> ('S', 'OH', 'MB', 'O', 'OH', 'MB')
<MATCH_ID> 7305 <TEAM> narbonne <SET> 2 <VALUE> 5 <PERM> ('S', 'OH', 'MB', 'O', 'OH', 'MB')
<MATCH_ID> 7305 <TEAM> narbonne <SET> 3 <VALUE> 5 <PERM> ('MB', 'O', 'OH', 'MB', 'S', 'OH')
<MATCH_ID> 7305 <TEAM> narbonne <SET> 4 <VALUE> 5 <PERM> ('MB', 'O', 'OH', 'MB', 'S', 'OH')
<MATCH_ID> 7309 <TEAM> narbonne <SET> 0 <VALUE> 5 <PERM> ('S', 'OH', 'MB', 'O', 'OH', 'MB')
<MATCH_ID> 7309 <TEAM> narbonne <SET> 1 <VALUE> 5 <PERM> ('S', 'OH', 'MB', 'O', 'OH', 'MB')
<MATCH_ID> 7309 <TEAM> narbonne <SET> 2 <VALUE> 5 <PERM> ('MB', 'S', 'OH', 'MB', 'O', 'OH')
<MATCH_ID> 7321 <TEAM> tourcoing <SET> 0 <VALUE> 5 <PERM> ('OH', 'MB', 'S', 'OH', 'MB', 'O')
<MATCH_ID> 7321 <TEAM> tourcoing <SET> 1 <VALUE> 5 <PERM> ('MB', 'S', 'OH', 'MB', 'O', 'OH')
<MATCH_ID> 7321 <TEAM> tourcoing <SET> 2 <VALUE> 5 <PERM> ('OH', 'MB', 'S', 'OH', 'MB', 'O')
<MATCH_ID> 7324 <TEAM> tourcoing <SET> 0 <VALUE> 5 <PERM> ('S', 'OH', 'MB', 'O', 'OH', 'MB')
<MATCH_ID> 7324 <TEAM> tourcoing <SET> 1 <VALUE> 5 <PERM> ('OH', 'MB', 'O', 'OH', 'MB', 'S')
<MATCH_ID> 7324 <TEAM> tourcoing <SET> 2 <VALUE> 5 <PERM> ('S', 'OH', 'MB', 'O', 'OH', 'MB')
<MATCH_ID> 7326 <TEAM> narbonne <SET> 2 <VALUE> 5 <PERM> ('S', 'OH', 'MB', 'O', 'OH', 'MB')
<MATCH_ID> 7335 <TEAM> tourcoing <SET> 0 <VALUE> 5 <PERM> ('OH', 'MB', 'S', 'OH', 'MB', 'O')
<MATCH_ID> 7336 <TEAM> tourcoing <SET> 0 <VALUE> 5 <PERM> ('OH', 'MB', 'S', 'OH', 'MB', 'O')
<MATCH_ID> 7336 <TEAM> tourcoing <SET> 1 <VALUE> 5 <PERM> ('OH', 'MB', 'S', 'OH', 'MB', 'O')
<MATCH_ID> 7348 <TEAM> toulouse <SET> 2 <VALUE> 5 <PERM> ('OH', 'MB', 'S', 'OH', 'MB', 'O')
<MATCH_ID> 7351 <TEAM> narbonne <SET> 3 <VALUE> 5 <PERM> ('S', 'OH', 'MB', 'O', 'OH', 'MB')
<MATCH_ID> 7353 <TEAM> toulouse <SET> 0 <VALUE> 5 <PERM> ('S', 'OH', 'MB', 'O', 'OH', 'MB')
<MATCH_ID> 7353 <TEAM> toulouse <SET> 1 <VALUE> 5 <PERM> ('OH', 'MB', 'O', 'OH', 'MB', 'S')
<MATCH_ID> 7353 <TEAM> toulouse <SET> 2 <VALUE> 5 <PERM> ('OH', 'MB', 'S', 'OH', 'MB', 'O')
<MATCH_ID> 7353 <TEAM> toulouse <SET> 3 <VALUE> 5 <PERM> ('MB', 'S', 'OH', 'MB', 'O', 'OH')
<MATCH_ID> 7358 <TEAM> tourcoing <SET> 2 <VALUE> 5 <PERM> ('MB', 'S', 'OH', 'MB', 'O', 'OH')
<MATCH_ID> 7365 <TEAM> plessis-robinson <SET> 1 <VALUE> 5 <PERM> ('MB', 'S', 'OH', 'MB', 'O', 'OH')
<MATCH_ID> 7366 <TEAM> tourcoing <SET> 0 <VALUE> 5 <PERM> ('MB', 'O', 'OH', 'MB', 'S', 'OH')
<MATCH_ID> 7366 <TEAM> tourcoing <SET> 1 <VALUE> 5 <PERM> ('OH', 'MB', 'O', 'OH', 'MB', 'S')
<MATCH_ID> 7366 <TEAM> tourcoing <SET> 2 <VALUE> 5 <PERM> ('OH', 'MB', 'O', 'OH', 'MB', 'S')
<MATCH_ID> 7370 <TEAM> montpellier <SET> 2 <VALUE> 5 <PERM> ('OH', 'MB', 'S', 'OH', 'MB', 'O')
<MATCH_ID> 7370 <TEAM> montpellier <SET> 3 <VALUE> 5 <PERM> ('OH', 'MB', 'S', 'OH', 'MB', 'O')
<MATCH_ID> 7370 <TEAM> montpellier <SET> 4 <VALUE> 5 <PERM> ('OH', 'MB', 'S', 'OH', 'MB', 'O')
<MATCH_ID> 7371 <TEAM> montpellier <SET> 3 <VALUE> 5 <PERM> ('S', 'OH', 'MB', 'O', 'OH', 'MB')
<MATCH_ID> 7374 <TEAM> nantes rezé <SET> 0 <VALUE> 5 <PERM> ('OH', 'MB', 'S', 'OH', 'MB', 'O')
<MATCH_ID> 7374 <TEAM> nantes rezé <SET> 1 <VALUE> 5 <PERM> ('MB', 'S', 'OH', 'MB', 'O', 'OH')
<MATCH_ID> 7374 <TEAM> nantes rezé <SET> 2 <VALUE> 5 <PERM> ('OH', 'MB', 'S', 'OH', 'MB', 'O')
<MATCH_ID> 7379 <TEAM> nantes rezé <SET> 0 <VALUE> 5 <PERM> ('MB', 'S', 'OH', 'MB', 'O', 'OH')
<MATCH_ID> 7379 <TEAM> nantes rezé <SET> 1 <VALUE> 5 <PERM> ('MB', 'S', 'OH', 'MB', 'O', 'OH')
<MATCH_ID> 7379 <TEAM> nantes rezé <SET> 2 <VALUE> 5 <PERM> ('MB', 'S', 'OH', 'MB', 'O', 'OH')
<MATCH_ID> 7380 <TEAM> montpellier <SET> 0 <VALUE> 5 <PERM> ('OH', 'MB', 'O', 'OH', 'MB', 'S')
<MATCH_ID> 7387 <TEAM> nantes rezé <SET> 0 <VALUE> 5 <PERM> ('OH', 'MB', 'S', 'OH', 'MB', 'O')
<MATCH_ID> 7387 <TEAM> nantes rezé <SET> 1 <VALUE> 5 <PERM> ('MB', 'S', 'OH', 'MB', 'O', 'OH')
<MATCH_ID> 7387 <TEAM> nantes rezé <SET> 2 <VALUE> 5 <PERM> ('MB', 'S', 'OH', 'MB', 'O', 'OH')
<MATCH_ID> 7387 <TEAM> nantes rezé <SET> 3 <VALUE> 5 <PERM> ('MB', 'S', 'OH', 'MB', 'O', 'OH')
<MATCH_ID> 7390 <TEAM> montpellier <SET> 2 <VALUE> 5 <PERM> ('S', 'OH', 'MB', 'O', 'OH', 'MB')
<MATCH_ID> 7390 <TEAM> montpellier <SET> 3 <VALUE> 5 <PERM> ('OH', 'MB', 'O', 'OH', 'MB', 'S')
<MATCH_ID> 7391 <TEAM> plessis-robinson <SET> 1 <VALUE> 5 <PERM> ('OH', 'MB', 'S', 'OH', 'MB', 'O')
<MATCH_ID> 7393 <TEAM> narbonne <SET> 2 <VALUE> 5 <PERM> ('S', 'OH', 'MB', 'O', 'OH', 'MB')
<MATCH_ID> 7393 <TEAM> narbonne <SET> 3 <VALUE> 5 <PERM> ('OH', 'MB', 'O', 'OH', 'MB', 'S')
<MATCH_ID> 7395 <TEAM> tours <SET> 2 <VALUE> 5 <PERM> ('OH', 'MB', 'O', 'OH', 'MB', 'S')
<MATCH_ID> 7395 <TEAM> nantes rezé <SET> 2 <VALUE> 5 <PERM> ('MB', 'S', 'OH', 'MB', 'O', 'OH')
<MATCH_ID> 7397 <TEAM> tourcoing <SET> 1 <VALUE> 5 <PERM> ('OH', 'MB', 'O', 'OH', 'MB', 'S')
<MATCH_ID> 7409 <TEAM> poitiers <SET> 0 <VALUE> 5 <PERM> ('OH', 'MB', 'S', 'OH', 'MB', 'O')
<MATCH_ID> 7409 <TEAM> poitiers <SET> 1 <VALUE> 5 <PERM> ('S', 'OH', 'MB', 'O', 'OH', 'MB')
<MATCH_ID> 7409 <TEAM> poitiers <SET> 2 <VALUE> 5 <PERM> ('OH', 'MB', 'S', 'OH', 'MB', 'O')
<MATCH_ID> 7417 <TEAM> montpellier <SET> 0 <VALUE> 5 <PERM> ('OH', 'MB', 'O', 'OH', 'MB', 'S')
<MATCH_ID> 7417 <TEAM> montpellier <SET> 1 <VALUE> 5 <PERM> ('OH', 'MB', 'O', 'OH', 'MB', 'S')
<MATCH_ID> 7417 <TEAM> montpellier <SET> 2 <VALUE> 5 <PERM> ('OH', 'MB', 'O', 'OH', 'MB', 'S')
<MATCH_ID> 7423 <TEAM> sète <SET> 4 <VALUE> 5 <PERM> ('S', 'OH', 'MB', 'O', 'OH', 'MB')
<MATCH_ID> 7424 <TEAM> saint-jean d'illac <SET> 2 <VALUE> 5 <PERM> ('OH', 'MB', 'O', 'OH', 'MB', 'S')
<MATCH_ID> 7426 <TEAM> montpellier <SET> 0 <VALUE> 5 <PERM> ('OH', 'MB', 'O', 'OH', 'MB', 'S')
<MATCH_ID> 7432 <TEAM> sète <SET> 3 <VALUE> 5 <PERM> ('OH', 'MB', 'S', 'OH', 'MB', 'O')
<MATCH_ID> 7439 <TEAM> narbonne <SET> 2 <VALUE> 5 <PERM> ('S', 'OH', 'MB', 'O', 'OH', 'MB')
<MATCH_ID> 7440 <TEAM> saint-jean d'illac <SET> 2 <VALUE> 5 <PERM> ('MB', 'S', 'OH', 'MB', 'O', 'OH')
<MATCH_ID> 7449 <TEAM> tours <SET> 3 <VALUE> 5 <PERM> ('OH', 'MB', 'O', 'OH', 'MB', 'S')
<MATCH_ID> 7459 <TEAM> sète <SET> 2 <VALUE> 5 <PERM> ('S', 'OH', 'MB', 'O', 'OH', 'MB')
<MATCH_ID> 7459 <TEAM> sète <SET> 3 <VALUE> 5 <PERM> ('MB', 'S', 'OH', 'MB', 'O', 'OH')
<MATCH_ID> 7464 <TEAM> nantes rezé <SET> 0 <VALUE> 5 <PERM> ('OH', 'MB', 'O', 'OH', 'MB', 'S')
<MATCH_ID> 7464 <TEAM> nantes rezé <SET> 1 <VALUE> 5 <PERM> ('OH', 'MB', 'S', 'OH', 'MB', 'O')
<MATCH_ID> 7464 <TEAM> nantes rezé <SET> 2 <VALUE> 5 <PERM> ('OH', 'MB', 'O', 'OH', 'MB', 'S')
<MATCH_ID> 7464 <TEAM> nantes rezé <SET> 3 <VALUE> 5 <PERM> ('OH', 'MB', 'O', 'OH', 'MB', 'S')
<MATCH_ID> 7464 <TEAM> nantes rezé <SET> 4 <VALUE> 5 <PERM> ('OH', 'MB', 'O', 'OH', 'MB', 'S')
<MATCH_ID> 7679 <TEAM> nantes rezé <SET> 0 <VALUE> 5 <PERM> ('S', 'OH', 'MB', 'O', 'OH', 'MB')
<MATCH_ID> 7679 <TEAM> nantes rezé <SET> 1 <VALUE> 5 <PERM> ('MB', 'S', 'OH', 'MB', 'O', 'OH')
<MATCH_ID> 7679 <TEAM> nantes rezé <SET> 2 <VALUE> 5 <PERM> ('OH', 'MB', 'O', 'OH', 'MB', 'S')
<MATCH_ID> 7685 <TEAM> montpellier <SET> 2 <VALUE> 5 <PERM> ('MB', 'S', 'OH', 'MB', 'O', 'OH')
<MATCH_ID> 7685 <TEAM> montpellier <SET> 3 <VALUE> 5 <PERM> ('OH', 'MB', 'O', 'OH', 'MB', 'S')
<MATCH_ID> 7685 <TEAM> montpellier <SET> 4 <VALUE> 5 <PERM> ('OH', 'MB', 'O', 'OH', 'MB', 'S')
