<MATCH_ID> 25724 <TEAM> VC NAGANO TRIDENTS <SET> 0 <VALUE> 5 <PERM> ('O', 'MB', 'OH', 'S', 'MB', 'OH')
<MATCH_ID> 25724 <TEAM> VC NAGANO TRIDENTS <SET> 1 <VALUE> 5 <PERM> ('O', 'MB', 'OH', 'S', 'MB', 'OH')
<MATCH_ID> 25724 <TEAM> VC NAGANO TRIDENTS <SET> 2 <VALUE> 5 <PERM> ('O', 'MB', 'OH', 'S', 'MB', 'OH')
<MATCH_ID> 25724 <TEAM> VC NAGANO TRIDENTS <SET> 3 <VALUE> 5 <PERM> ('O', 'MB', 'OH', 'S', 'MB', 'OH')
<MATCH_ID> 25718 <TEAM> F.C.TOKYO <SET> 0 <VALUE> 5 <PERM> ('MB', 'OH', 'S', 'MB', 'OH', 'O')
<MATCH_ID> 25718 <TEAM> F.C.TOKYO <SET> 1 <VALUE> 5 <PERM> ('MB', 'OH', 'S', 'MB', 'OH', 'O')
<MATCH_ID> 25718 <TEAM> F.C.TOKYO <SET> 2 <VALUE> 5 <PERM> ('MB', 'OH', 'S', 'MB', 'OH', 'O')
<MATCH_ID> 25718 <TEAM> F.C.TOKYO <SET> 3 <VALUE> 5 <PERM> ('OH', 'O', 'MB', 'OH', 'S', 'MB')
<MATCH_ID> 25722 <TEAM> SUNTORY Sunbirds <SET> 0 <VALUE> 5 <PERM> ('OH', 'S', 'MB', 'OH', 'O', 'MB')
<MATCH_ID> 25722 <TEAM> SUNTORY Sunbirds <SET> 1 <VALUE> 5 <PERM> ('S', 'MB', 'OH', 'O', 'MB', 'OH')
<MATCH_ID> 25722 <TEAM> SUNTORY Sunbirds <SET> 2 <VALUE> 5 <PERM> ('OH', 'S', 'MB', 'OH', 'O', 'MB')
<MATCH_ID> 25722 <TEAM> SUNTORY Sunbirds <SET> 3 <VALUE> 5 <PERM> ('S', 'MB', 'OH', 'O', 'MB', 'OH')
<MATCH_ID> 25722 <TEAM> WOLFDOGS NAGOYA <SET> 0 <VALUE> 5 <PERM> ('OH', 'O', 'MB', 'OH', 'S', 'MB')
<MATCH_ID> 25722 <TEAM> WOLFDOGS NAGOYA <SET> 1 <VALUE> 5 <PERM> ('OH', 'O', 'MB', 'OH', 'S', 'MB')
<MATCH_ID> 25716 <TEAM> TORAY ARROWS <SET> 0 <VALUE> 5 <PERM> ('OH', 'O', 'MB', 'OH', 'S', 'MB')
<MATCH_ID> 25716 <TEAM> TORAY ARROWS <SET> 1 <VALUE> 5 <PERM> ('O', 'MB', 'OH', 'S', 'MB', 'OH')
<MATCH_ID> 25716 <TEAM> TORAY ARROWS <SET> 2 <VALUE> 5 <PERM> ('OH', 'O', 'MB', 'OH', 'S', 'MB')
<MATCH_ID> 25716 <TEAM> TORAY ARROWS <SET> 3 <VALUE> 5 <PERM> ('OH', 'O', 'MB', 'OH', 'S', 'MB')
<MATCH_ID> 25725 <TEAM> VC NAGANO TRIDENTS <SET> 0 <VALUE> 5 <PERM> ('MB', 'OH', 'S', 'MB', 'OH', 'O')
<MATCH_ID> 25725 <TEAM> VC NAGANO TRIDENTS <SET> 1 <VALUE> 5 <PERM> ('OH', 'S', 'MB', 'OH', 'O', 'MB')
<MATCH_ID> 25725 <TEAM> VC NAGANO TRIDENTS <SET> 2 <VALUE> 5 <PERM> ('O', 'MB', 'OH', 'S', 'MB', 'OH')
<MATCH_ID> 25719 <TEAM> F.C.TOKYO <SET> 0 <VALUE> 5 <PERM> ('O', 'MB', 'OH', 'S', 'MB', 'OH')
<MATCH_ID> 25719 <TEAM> F.C.TOKYO <SET> 1 <VALUE> 5 <PERM> ('O', 'MB', 'OH', 'S', 'MB', 'OH')
<MATCH_ID> 25719 <TEAM> F.C.TOKYO <SET> 2 <VALUE> 5 <PERM> ('O', 'MB', 'OH', 'S', 'MB', 'OH')
<MATCH_ID> 25719 <TEAM> F.C.TOKYO <SET> 3 <VALUE> 5 <PERM> ('OH', 'O', 'MB', 'OH', 'S', 'MB')
<MATCH_ID> 25723 <TEAM> SUNTORY Sunbirds <SET> 0 <VALUE> 5 <PERM> ('OH', 'S', 'MB', 'OH', 'O', 'MB')
<MATCH_ID> 25723 <TEAM> SUNTORY Sunbirds <SET> 1 <VALUE> 5 <PERM> ('S', 'MB', 'OH', 'O', 'MB', 'OH')
<MATCH_ID> 25723 <TEAM> SUNTORY Sunbirds <SET> 2 <VALUE> 5 <PERM> ('OH', 'S', 'MB', 'OH', 'O', 'MB')
<MATCH_ID> 25723 <TEAM> SUNTORY Sunbirds <SET> 3 <VALUE> 5 <PERM> ('S', 'MB', 'OH', 'O', 'MB', 'OH')
<MATCH_ID> 25717 <TEAM> TORAY ARROWS <SET> 0 <VALUE> 5 <PERM> ('S', 'MB', 'OH', 'O', 'MB', 'OH')
<MATCH_ID> 25717 <TEAM> TORAY ARROWS <SET> 1 <VALUE> 5 <PERM> ('MB', 'OH', 'O', 'MB', 'OH', 'S')
<MATCH_ID> 25717 <TEAM> TORAY ARROWS <SET> 2 <VALUE> 5 <PERM> ('S', 'MB', 'OH', 'O', 'MB', 'OH')
<MATCH_ID> 25717 <TEAM> TORAY ARROWS <SET> 3 <VALUE> 5 <PERM> ('MB', 'OH', 'O', 'MB', 'OH', 'S')
<MATCH_ID> 25717 <TEAM> TORAY ARROWS <SET> 4 <VALUE> 5 <PERM> ('S', 'MB', 'OH', 'O', 'MB', 'OH')
<MATCH_ID> 25734 <TEAM> F.C.TOKYO <SET> 0 <VALUE> 5 <PERM> ('OH', 'O', 'MB', 'OH', 'S', 'MB')
<MATCH_ID> 25734 <TEAM> F.C.TOKYO <SET> 1 <VALUE> 5 <PERM> ('OH', 'O', 'MB', 'OH', 'S', 'MB')
<MATCH_ID> 25734 <TEAM> F.C.TOKYO <SET> 2 <VALUE> 5 <PERM> ('OH', 'O', 'MB', 'OH', 'S', 'MB')
<MATCH_ID> 25728 <TEAM> SUNTORY Sunbirds <SET> 0 <VALUE> 5 <PERM> ('S', 'MB', 'OH', 'O', 'MB', 'OH')
<MATCH_ID> 25728 <TEAM> SUNTORY Sunbirds <SET> 1 <VALUE> 5 <PERM> ('OH', 'S', 'MB', 'OH', 'O', 'MB')
<MATCH_ID> 25728 <TEAM> SUNTORY Sunbirds <SET> 2 <VALUE> 5 <PERM> ('S', 'MB', 'OH', 'O', 'MB', 'OH')
<MATCH_ID> 25728 <TEAM> SUNTORY Sunbirds <SET> 3 <VALUE> 5 <PERM> ('OH', 'S', 'MB', 'OH', 'O', 'MB')
<MATCH_ID> 25735 <TEAM> F.C.TOKYO <SET> 0 <VALUE> 5 <PERM> ('OH', 'O', 'MB', 'OH', 'S', 'MB')
<MATCH_ID> 25735 <TEAM> F.C.TOKYO <SET> 1 <VALUE> 5 <PERM> ('OH', 'O', 'MB', 'OH', 'S', 'MB')
<MATCH_ID> 25735 <TEAM> F.C.TOKYO <SET> 2 <VALUE> 5 <PERM> ('OH', 'O', 'MB', 'OH', 'S', 'MB')
<MATCH_ID> 25730 <TEAM> SUNTORY Sunbirds <SET> 0 <VALUE> 5 <PERM> ('O', 'MB', 'OH', 'S', 'MB', 'OH')
<MATCH_ID> 25730 <TEAM> SUNTORY Sunbirds <SET> 1 <VALUE> 5 <PERM> ('MB', 'OH', 'S', 'MB', 'OH', 'O')
<MATCH_ID> 25730 <TEAM> SUNTORY Sunbirds <SET> 2 <VALUE> 5 <PERM> ('OH', 'S', 'MB', 'OH', 'O', 'MB')
<MATCH_ID> 25730 <TEAM> SUNTORY Sunbirds <SET> 3 <VALUE> 5 <PERM> ('S', 'MB', 'OH', 'O', 'MB', 'OH')
<MATCH_ID> 25730 <TEAM> SUNTORY Sunbirds <SET> 4 <VALUE> 5 <PERM> ('OH', 'S', 'MB', 'OH', 'O', 'MB')
<MATCH_ID> 25736 <TEAM> F.C.TOKYO <SET> 0 <VALUE> 5 <PERM> ('OH', 'O', 'MB', 'OH', 'S', 'MB')
<MATCH_ID> 25736 <TEAM> F.C.TOKYO <SET> 1 <VALUE> 5 <PERM> ('OH', 'O', 'MB', 'OH', 'S', 'MB')
<MATCH_ID> 25736 <TEAM> F.C.TOKYO <SET> 2 <VALUE> 5 <PERM> ('OH', 'O', 'MB', 'OH', 'S', 'MB')
<MATCH_ID> 25738 <TEAM> F.C.TOKYO <SET> 0 <VALUE> 5 <PERM> ('O', 'MB', 'OH', 'S', 'MB', 'OH')
<MATCH_ID> 25738 <TEAM> F.C.TOKYO <SET> 1 <VALUE> 5 <PERM> ('OH', 'O', 'MB', 'OH', 'S', 'MB')
<MATCH_ID> 25738 <TEAM> F.C.TOKYO <SET> 2 <VALUE> 5 <PERM> ('O', 'MB', 'OH', 'S', 'MB', 'OH')
<MATCH_ID> 25748 <TEAM> F.C.TOKYO <SET> 0 <VALUE> 5 <PERM> ('OH', 'O', 'MB', 'OH', 'S', 'MB')
<MATCH_ID> 25748 <TEAM> F.C.TOKYO <SET> 1 <VALUE> 5 <PERM> ('OH', 'O', 'MB', 'OH', 'S', 'MB')
<MATCH_ID> 25748 <TEAM> F.C.TOKYO <SET> 2 <VALUE> 5 <PERM> ('OH', 'O', 'MB', 'OH', 'S', 'MB')
<MATCH_ID> 25748 <TEAM> F.C.TOKYO <SET> 3 <VALUE> 5 <PERM> ('O', 'MB', 'OH', 'S', 'MB', 'OH')
<MATCH_ID> 25750 <TEAM> Panasonic PANTHERS <SET> 3 <VALUE> 5 <PERM> ('O', 'MB', 'OH', 'S', 'MB', 'OH')
<MATCH_ID> 25749 <TEAM> F.C.TOKYO <SET> 0 <VALUE> 5 <PERM> ('MB', 'OH', 'O', 'MB', 'OH', 'S')
<MATCH_ID> 25749 <TEAM> F.C.TOKYO <SET> 1 <VALUE> 5 <PERM> ('OH', 'O', 'MB', 'OH', 'S', 'MB')
<MATCH_ID> 25749 <TEAM> F.C.TOKYO <SET> 2 <VALUE> 5 <PERM> ('MB', 'OH', 'O', 'MB', 'OH', 'S')
<MATCH_ID> 25749 <TEAM> F.C.TOKYO <SET> 3 <VALUE> 5 <PERM> ('OH', 'O', 'MB', 'OH', 'S', 'MB')
<MATCH_ID> 25749 <TEAM> F.C.TOKYO <SET> 4 <VALUE> 5 <PERM> ('MB', 'OH', 'O', 'MB', 'OH', 'S')
<MATCH_ID> 25755 <TEAM> SAKAI Blazers <SET> 2 <VALUE> 5 <PERM> ('O', 'MB', 'OH', 'S', 'MB', 'OH')
<MATCH_ID> 25755 <TEAM> SAKAI Blazers <SET> 3 <VALUE> 5 <PERM> ('O', 'MB', 'OH', 'S', 'MB', 'OH')
<MATCH_ID> 25755 <TEAM> JT Thunders HIROSHIMA <SET> 0 <VALUE> 5 <PERM> ('OH', 'S', 'MB', 'OH', 'O', 'MB')
<MATCH_ID> 25755 <TEAM> JT Thunders HIROSHIMA <SET> 1 <VALUE> 5 <PERM> ('MB', 'OH', 'S', 'MB', 'OH', 'O')
<MATCH_ID> 25755 <TEAM> JT Thunders HIROSHIMA <SET> 2 <VALUE> 5 <PERM> ('OH', 'S', 'MB', 'OH', 'O', 'MB')
<MATCH_ID> 25755 <TEAM> JT Thunders HIROSHIMA <SET> 3 <VALUE> 5 <PERM> ('MB', 'OH', 'S', 'MB', 'OH', 'O')
<MATCH_ID> 25764 <TEAM> JT Thunders HIROSHIMA <SET> 0 <VALUE> 5 <PERM> ('MB', 'OH', 'S', 'MB', 'OH', 'O')
<MATCH_ID> 25764 <TEAM> JT Thunders HIROSHIMA <SET> 1 <VALUE> 5 <PERM> ('O', 'MB', 'OH', 'S', 'MB', 'OH')
<MATCH_ID> 25764 <TEAM> JT Thunders HIROSHIMA <SET> 2 <VALUE> 5 <PERM> ('MB', 'OH', 'S', 'MB', 'OH', 'O')
<MATCH_ID> 25764 <TEAM> JT Thunders HIROSHIMA <SET> 3 <VALUE> 5 <PERM> ('O', 'MB', 'OH', 'S', 'MB', 'OH')
<MATCH_ID> 25764 <TEAM> JT Thunders HIROSHIMA <SET> 4 <VALUE> 5 <PERM> ('O', 'MB', 'OH', 'S', 'MB', 'OH')
<MATCH_ID> 25756 <TEAM> F.C.TOKYO <SET> 0 <VALUE> 5 <PERM> ('O', 'MB', 'OH', 'S', 'MB', 'OH')
<MATCH_ID> 25756 <TEAM> F.C.TOKYO <SET> 1 <VALUE> 5 <PERM> ('O', 'MB', 'OH', 'S', 'MB', 'OH')
<MATCH_ID> 25756 <TEAM> F.C.TOKYO <SET> 2 <VALUE> 5 <PERM> ('O', 'MB', 'OH', 'S', 'MB', 'OH')
<MATCH_ID> 25756 <TEAM> F.C.TOKYO <SET> 3 <VALUE> 5 <PERM> ('O', 'MB', 'OH', 'S', 'MB', 'OH')
<MATCH_ID> 25765 <TEAM> JT Thunders HIROSHIMA <SET> 0 <VALUE> 5 <PERM> ('O', 'MB', 'OH', 'S', 'MB', 'OH')
<MATCH_ID> 25765 <TEAM> JT Thunders HIROSHIMA <SET> 1 <VALUE> 5 <PERM> ('O', 'MB', 'OH', 'S', 'MB', 'OH')
<MATCH_ID> 25765 <TEAM> JT Thunders HIROSHIMA <SET> 2 <VALUE> 5 <PERM> ('O', 'MB', 'OH', 'S', 'MB', 'OH')
<MATCH_ID> 25765 <TEAM> JT Thunders HIROSHIMA <SET> 3 <VALUE> 5 <PERM> ('O', 'MB', 'OH', 'S', 'MB', 'OH')
<MATCH_ID> 25758 <TEAM> F.C.TOKYO <SET> 0 <VALUE> 5 <PERM> ('O', 'MB', 'OH', 'S', 'MB', 'OH')
<MATCH_ID> 25758 <TEAM> F.C.TOKYO <SET> 1 <VALUE> 5 <PERM> ('O', 'MB', 'OH', 'S', 'MB', 'OH')
<MATCH_ID> 25758 <TEAM> F.C.TOKYO <SET> 2 <VALUE> 5 <PERM> ('O', 'MB', 'OH', 'S', 'MB', 'OH')
<MATCH_ID> 25758 <TEAM> F.C.TOKYO <SET> 3 <VALUE> 5 <PERM> ('O', 'MB', 'OH', 'S', 'MB', 'OH')
<MATCH_ID> 25758 <TEAM> F.C.TOKYO <SET> 4 <VALUE> 5 <PERM> ('O', 'MB', 'OH', 'S', 'MB', 'OH')
<MATCH_ID> 25766 <TEAM> SUNTORY Sunbirds <SET> 4 <VALUE> 5 <PERM> ('OH', 'O', 'MB', 'OH', 'S', 'MB')
<MATCH_ID> 25766 <TEAM> JT Thunders HIROSHIMA <SET> 0 <VALUE> 5 <PERM> ('OH', 'O', 'MB', 'OH', 'S', 'MB')
<MATCH_ID> 25766 <TEAM> JT Thunders HIROSHIMA <SET> 1 <VALUE> 5 <PERM> ('O', 'MB', 'OH', 'S', 'MB', 'OH')
<MATCH_ID> 25766 <TEAM> JT Thunders HIROSHIMA <SET> 2 <VALUE> 5 <PERM> ('OH', 'O', 'MB', 'OH', 'S', 'MB')
<MATCH_ID> 25766 <TEAM> JT Thunders HIROSHIMA <SET> 3 <VALUE> 5 <PERM> ('O', 'MB', 'OH', 'S', 'MB', 'OH')
<MATCH_ID> 25766 <TEAM> JT Thunders HIROSHIMA <SET> 4 <VALUE> 5 <PERM> ('OH', 'O', 'MB', 'OH', 'S', 'MB')
<MATCH_ID> 25772 <TEAM> Panasonic PANTHERS <SET> 0 <VALUE> 5 <PERM> ('MB', 'OH', 'S', 'MB', 'OH', 'O')
<MATCH_ID> 25772 <TEAM> Panasonic PANTHERS <SET> 1 <VALUE> 5 <PERM> ('O', 'MB', 'OH', 'S', 'MB', 'OH')
<MATCH_ID> 25772 <TEAM> Panasonic PANTHERS <SET> 2 <VALUE> 5 <PERM> ('MB', 'OH', 'S', 'MB', 'OH', 'O')
<MATCH_ID> 25767 <TEAM> JT Thunders HIROSHIMA <SET> 0 <VALUE> 5 <PERM> ('OH', 'O', 'MB', 'OH', 'S', 'MB')
<MATCH_ID> 25767 <TEAM> JT Thunders HIROSHIMA <SET> 1 <VALUE> 5 <PERM> ('O', 'MB', 'OH', 'S', 'MB', 'OH')
<MATCH_ID> 25767 <TEAM> JT Thunders HIROSHIMA <SET> 2 <VALUE> 5 <PERM> ('O', 'MB', 'OH', 'S', 'MB', 'OH')
<MATCH_ID> 25769 <TEAM> F.C.TOKYO <SET> 0 <VALUE> 5 <PERM> ('O', 'MB', 'OH', 'S', 'MB', 'OH')
<MATCH_ID> 25769 <TEAM> F.C.TOKYO <SET> 1 <VALUE> 5 <PERM> ('MB', 'OH', 'S', 'MB', 'OH', 'O')
<MATCH_ID> 25769 <TEAM> F.C.TOKYO <SET> 2 <VALUE> 5 <PERM> ('O', 'MB', 'OH', 'S', 'MB', 'OH')
<MATCH_ID> 25773 <TEAM> Panasonic PANTHERS <SET> 0 <VALUE> 5 <PERM> ('MB', 'OH', 'S', 'MB', 'OH', 'O')
<MATCH_ID> 25773 <TEAM> Panasonic PANTHERS <SET> 1 <VALUE> 5 <PERM> ('O', 'MB', 'OH', 'S', 'MB', 'OH')
<MATCH_ID> 25773 <TEAM> Panasonic PANTHERS <SET> 2 <VALUE> 5 <PERM> ('MB', 'OH', 'S', 'MB', 'OH', 'O')
<MATCH_ID> 25773 <TEAM> Panasonic PANTHERS <SET> 3 <VALUE> 5 <PERM> ('OH', 'S', 'MB', 'OH', 'O', 'MB')
<MATCH_ID> 25773 <TEAM> Panasonic PANTHERS <SET> 4 <VALUE> 5 <PERM> ('O', 'MB', 'OH', 'S', 'MB', 'OH')
<MATCH_ID> 25771 <TEAM> F.C.TOKYO <SET> 0 <VALUE> 5 <PERM> ('MB', 'OH', 'O', 'MB', 'OH', 'S')
<MATCH_ID> 25771 <TEAM> F.C.TOKYO <SET> 1 <VALUE> 5 <PERM> ('OH', 'O', 'MB', 'OH', 'S', 'MB')
<MATCH_ID> 25771 <TEAM> F.C.TOKYO <SET> 2 <VALUE> 5 <PERM> ('MB', 'OH', 'O', 'MB', 'OH', 'S')
<MATCH_ID> 25771 <TEAM> F.C.TOKYO <SET> 3 <VALUE> 5 <PERM> ('OH', 'O', 'MB', 'OH', 'S', 'MB')
<MATCH_ID> 25771 <TEAM> F.C.TOKYO <SET> 4 <VALUE> 5 <PERM> ('MB', 'OH', 'O', 'MB', 'OH', 'S')
<MATCH_ID> 25780 <TEAM> F.C.TOKYO <SET> 0 <VALUE> 5 <PERM> ('O', 'MB', 'OH', 'S', 'MB', 'OH')
<MATCH_ID> 25780 <TEAM> F.C.TOKYO <SET> 1 <VALUE> 5 <PERM> ('MB', 'OH', 'S', 'MB', 'OH', 'O')
<MATCH_ID> 25780 <TEAM> F.C.TOKYO <SET> 2 <VALUE> 5 <PERM> ('O', 'MB', 'OH', 'S', 'MB', 'OH')
<MATCH_ID> 25780 <TEAM> F.C.TOKYO <SET> 3 <VALUE> 5 <PERM> ('O', 'MB', 'OH', 'S', 'MB', 'OH')
<MATCH_ID> 25780 <TEAM> F.C.TOKYO <SET> 4 <VALUE> 5 <PERM> ('O', 'MB', 'OH', 'S', 'MB', 'OH')
<MATCH_ID> 25782 <TEAM> Panasonic PANTHERS <SET> 0 <VALUE> 5 <PERM> ('O', 'MB', 'OH', 'S', 'MB', 'OH')
<MATCH_ID> 25782 <TEAM> Panasonic PANTHERS <SET> 1 <VALUE> 5 <PERM> ('OH', 'O', 'MB', 'OH', 'S', 'MB')
<MATCH_ID> 25782 <TEAM> Panasonic PANTHERS <SET> 2 <VALUE> 5 <PERM> ('MB', 'OH', 'O', 'MB', 'OH', 'S')
<MATCH_ID> 25782 <TEAM> Panasonic PANTHERS <SET> 3 <VALUE> 5 <PERM> ('OH', 'O', 'MB', 'OH', 'S', 'MB')
<MATCH_ID> 25782 <TEAM> Panasonic PANTHERS <SET> 4 <VALUE> 5 <PERM> ('O', 'MB', 'OH', 'S', 'MB', 'OH')
<MATCH_ID> 25781 <TEAM> F.C.TOKYO <SET> 0 <VALUE> 5 <PERM> ('O', 'MB', 'OH', 'S', 'MB', 'OH')
<MATCH_ID> 25781 <TEAM> F.C.TOKYO <SET> 1 <VALUE> 5 <PERM> ('OH', 'O', 'MB', 'OH', 'S', 'MB')
<MATCH_ID> 25781 <TEAM> F.C.TOKYO <SET> 3 <VALUE> 5 <PERM> ('MB', 'OH', 'S', 'MB', 'OH', 'O')
<MATCH_ID> 25781 <TEAM> F.C.TOKYO <SET> 4 <VALUE> 5 <PERM> ('O', 'MB', 'OH', 'S', 'MB', 'OH')
<MATCH_ID> 25781 <TEAM> VC NAGANO TRIDENTS <SET> 2 <VALUE> 5 <PERM> ('O', 'MB', 'OH', 'S', 'MB', 'OH')
<MATCH_ID> 25781 <TEAM> VC NAGANO TRIDENTS <SET> 4 <VALUE> 5 <PERM> ('OH', 'O', 'MB', 'OH', 'S', 'MB')
<MATCH_ID> 25785 <TEAM> SAKAI Blazers <SET> 2 <VALUE> 5 <PERM> ('O', 'MB', 'OH', 'S', 'MB', 'OH')
<MATCH_ID> 25785 <TEAM> SAKAI Blazers <SET> 3 <VALUE> 5 <PERM> ('O', 'MB', 'OH', 'S', 'MB', 'OH')
<MATCH_ID> 25783 <TEAM> JT Thunders HIROSHIMA <SET> 0 <VALUE> 5 <PERM> ('MB', 'OH', 'S', 'MB', 'OH', 'O')
<MATCH_ID> 25783 <TEAM> JT Thunders HIROSHIMA <SET> 1 <VALUE> 5 <PERM> ('O', 'MB', 'OH', 'S', 'MB', 'OH')
<MATCH_ID> 25783 <TEAM> JT Thunders HIROSHIMA <SET> 2 <VALUE> 5 <PERM> ('O', 'MB', 'OH', 'S', 'MB', 'OH')
<MATCH_ID> 25783 <TEAM> Panasonic PANTHERS <SET> 0 <VALUE> 5 <PERM> ('O', 'MB', 'OH', 'S', 'MB', 'OH')
<MATCH_ID> 25783 <TEAM> Panasonic PANTHERS <SET> 1 <VALUE> 5 <PERM> ('OH', 'O', 'MB', 'OH', 'S', 'MB')
<MATCH_ID> 25783 <TEAM> Panasonic PANTHERS <SET> 2 <VALUE> 5 <PERM> ('O', 'MB', 'OH', 'S', 'MB', 'OH')
<MATCH_ID> 26655 <TEAM> F.C.TOKYO <SET> 0 <VALUE> 5 <PERM> ('OH', 'S', 'MB', 'OH', 'O', 'MB')
<MATCH_ID> 26655 <TEAM> F.C.TOKYO <SET> 2 <VALUE> 5 <PERM> ('OH', 'S', 'MB', 'OH', 'O', 'MB')
<MATCH_ID> 26656 <TEAM> F.C.TOKYO <SET> 0 <VALUE> 5 <PERM> ('OH', 'O', 'MB', 'OH', 'S', 'MB')
<MATCH_ID> 26656 <TEAM> F.C.TOKYO <SET> 1 <VALUE> 5 <PERM> ('OH', 'O', 'MB', 'OH', 'S', 'MB')
<MATCH_ID> 26656 <TEAM> F.C.TOKYO <SET> 2 <VALUE> 5 <PERM> ('OH', 'O', 'MB', 'OH', 'S', 'MB')
<MATCH_ID> 26656 <TEAM> F.C.TOKYO <SET> 3 <VALUE> 5 <PERM> ('OH', 'O', 'MB', 'OH', 'S', 'MB')
<MATCH_ID> 26656 <TEAM> Panasonic PANTHERS <SET> 2 <VALUE> 5 <PERM> ('MB', 'OH', 'O', 'MB', 'OH', 'S')
<MATCH_ID> 26656 <TEAM> Panasonic PANTHERS <SET> 3 <VALUE> 5 <PERM> ('O', 'MB', 'OH', 'S', 'MB', 'OH')
<MATCH_ID> 25798 <TEAM> F.C.TOKYO <SET> 0 <VALUE> 5 <PERM> ('O', 'MB', 'OH', 'S', 'MB', 'OH')
<MATCH_ID> 25798 <TEAM> F.C.TOKYO <SET> 1 <VALUE> 5 <PERM> ('O', 'MB', 'OH', 'S', 'MB', 'OH')
<MATCH_ID> 25798 <TEAM> F.C.TOKYO <SET> 2 <VALUE> 5 <PERM> ('O', 'MB', 'OH', 'S', 'MB', 'OH')
<MATCH_ID> 25802 <TEAM> Panasonic PANTHERS <SET> 3 <VALUE> 5 <PERM> ('MB', 'OH', 'O', 'MB', 'OH', 'S')
<MATCH_ID> 25799 <TEAM> F.C.TOKYO <SET> 0 <VALUE> 5 <PERM> ('O', 'MB', 'OH', 'S', 'MB', 'OH')
<MATCH_ID> 25799 <TEAM> F.C.TOKYO <SET> 1 <VALUE> 5 <PERM> ('O', 'MB', 'OH', 'S', 'MB', 'OH')
<MATCH_ID> 25799 <TEAM> F.C.TOKYO <SET> 2 <VALUE> 5 <PERM> ('MB', 'OH', 'S', 'MB', 'OH', 'O')
<MATCH_ID> 25799 <TEAM> F.C.TOKYO <SET> 3 <VALUE> 5 <PERM> ('O', 'MB', 'OH', 'S', 'MB', 'OH')
<MATCH_ID> 25803 <TEAM> Panasonic PANTHERS <SET> 0 <VALUE> 5 <PERM> ('MB', 'OH', 'O', 'MB', 'OH', 'S')
<MATCH_ID> 25803 <TEAM> Panasonic PANTHERS <SET> 1 <VALUE> 5 <PERM> ('S', 'MB', 'OH', 'O', 'MB', 'OH')
<MATCH_ID> 25803 <TEAM> Panasonic PANTHERS <SET> 2 <VALUE> 5 <PERM> ('MB', 'OH', 'O', 'MB', 'OH', 'S')
<MATCH_ID> 25814 <TEAM> F.C.TOKYO <SET> 0 <VALUE> 5 <PERM> ('O', 'MB', 'OH', 'S', 'MB', 'OH')
<MATCH_ID> 25815 <TEAM> F.C.TOKYO <SET> 0 <VALUE> 5 <PERM> ('MB', 'OH', 'S', 'MB', 'OH', 'O')
<MATCH_ID> 25815 <TEAM> F.C.TOKYO <SET> 1 <VALUE> 5 <PERM> ('O', 'MB', 'OH', 'S', 'MB', 'OH')
<MATCH_ID> 25815 <TEAM> F.C.TOKYO <SET> 2 <VALUE> 5 <PERM> ('MB', 'OH', 'S', 'MB', 'OH', 'O')
<MATCH_ID> 25815 <TEAM> F.C.TOKYO <SET> 3 <VALUE> 5 <PERM> ('O', 'MB', 'OH', 'S', 'MB', 'OH')
<MATCH_ID> 25815 <TEAM> F.C.TOKYO <SET> 4 <VALUE> 5 <PERM> ('OH', 'O', 'MB', 'OH', 'S', 'MB')
<MATCH_ID> 25813 <TEAM> Panasonic PANTHERS <SET> 2 <VALUE> 5 <PERM> ('MB', 'OH', 'S', 'MB', 'OH', 'O')
<MATCH_ID> 25813 <TEAM> Panasonic PANTHERS <SET> 3 <VALUE> 5 <PERM> ('O', 'MB', 'OH', 'S', 'MB', 'OH')
<MATCH_ID> 25820 <TEAM> F.C.TOKYO <SET> 0 <VALUE> 5 <PERM> ('OH', 'O', 'MB', 'OH', 'S', 'MB')
<MATCH_ID> 25820 <TEAM> F.C.TOKYO <SET> 1 <VALUE> 5 <PERM> ('O', 'MB', 'OH', 'S', 'MB', 'OH')
<MATCH_ID> 25820 <TEAM> F.C.TOKYO <SET> 2 <VALUE> 5 <PERM> ('OH', 'O', 'MB', 'OH', 'S', 'MB')
<MATCH_ID> 25820 <TEAM> F.C.TOKYO <SET> 3 <VALUE> 5 <PERM> ('O', 'MB', 'OH', 'S', 'MB', 'OH')
<MATCH_ID> 25820 <TEAM> F.C.TOKYO <SET> 4 <VALUE> 5 <PERM> ('OH', 'O', 'MB', 'OH', 'S', 'MB')
<MATCH_ID> 25832 <TEAM> Panasonic PANTHERS <SET> 1 <VALUE> 5 <PERM> ('OH', 'O', 'MB', 'OH', 'S', 'MB')
<MATCH_ID> 25832 <TEAM> Panasonic PANTHERS <SET> 2 <VALUE> 5 <PERM> ('OH', 'O', 'MB', 'OH', 'S', 'MB')
<MATCH_ID> 25832 <TEAM> Panasonic PANTHERS <SET> 3 <VALUE> 5 <PERM> ('O', 'MB', 'OH', 'S', 'MB', 'OH')
<MATCH_ID> 25828 <TEAM> F.C.TOKYO <SET> 0 <VALUE> 5 <PERM> ('O', 'MB', 'OH', 'S', 'MB', 'OH')
<MATCH_ID> 25828 <TEAM> F.C.TOKYO <SET> 1 <VALUE> 5 <PERM> ('OH', 'O', 'MB', 'OH', 'S', 'MB')
<MATCH_ID> 25828 <TEAM> F.C.TOKYO <SET> 2 <VALUE> 5 <PERM> ('O', 'MB', 'OH', 'S', 'MB', 'OH')
<MATCH_ID> 25829 <TEAM> F.C.TOKYO <SET> 0 <VALUE> 5 <PERM> ('OH', 'O', 'MB', 'OH', 'S', 'MB')
<MATCH_ID> 25829 <TEAM> F.C.TOKYO <SET> 1 <VALUE> 5 <PERM> ('O', 'MB', 'OH', 'S', 'MB', 'OH')
<MATCH_ID> 25829 <TEAM> F.C.TOKYO <SET> 2 <VALUE> 5 <PERM> ('OH', 'O', 'MB', 'OH', 'S', 'MB')
<MATCH_ID> 25829 <TEAM> F.C.TOKYO <SET> 3 <VALUE> 5 <PERM> ('O', 'MB', 'OH', 'S', 'MB', 'OH')
<MATCH_ID> 25829 <TEAM> F.C.TOKYO <SET> 4 <VALUE> 5 <PERM> ('O', 'MB', 'OH', 'S', 'MB', 'OH')
<MATCH_ID> 25840 <TEAM> F.C.TOKYO <SET> 0 <VALUE> 5 <PERM> ('OH', 'S', 'MB', 'OH', 'O', 'MB')
<MATCH_ID> 25840 <TEAM> F.C.TOKYO <SET> 1 <VALUE> 5 <PERM> ('S', 'MB', 'OH', 'O', 'MB', 'OH')
<MATCH_ID> 25840 <TEAM> SAKAI Blazers <SET> 3 <VALUE> 5 <PERM> ('OH', 'O', 'MB', 'OH', 'S', 'MB')
<MATCH_ID> 25840 <TEAM> SAKAI Blazers <SET> 4 <VALUE> 5 <PERM> ('OH', 'O', 'MB', 'OH', 'S', 'MB')
<MATCH_ID> 25841 <TEAM> F.C.TOKYO <SET> 0 <VALUE> 5 <PERM> ('O', 'MB', 'OH', 'S', 'MB', 'OH')
<MATCH_ID> 25841 <TEAM> SAKAI Blazers <SET> 0 <VALUE> 5 <PERM> ('OH', 'O', 'MB', 'OH', 'S', 'MB')
<MATCH_ID> 25841 <TEAM> SAKAI Blazers <SET> 1 <VALUE> 5 <PERM> ('OH', 'O', 'MB', 'OH', 'S', 'MB')
<MATCH_ID> 25841 <TEAM> SAKAI Blazers <SET> 2 <VALUE> 5 <PERM> ('OH', 'O', 'MB', 'OH', 'S', 'MB')
<MATCH_ID> 25841 <TEAM> SAKAI Blazers <SET> 3 <VALUE> 5 <PERM> ('MB', 'OH', 'S', 'MB', 'OH', 'O')
<MATCH_ID> 25846 <TEAM> F.C.TOKYO <SET> 0 <VALUE> 5 <PERM> ('MB', 'OH', 'O', 'MB', 'OH', 'S')
<MATCH_ID> 25846 <TEAM> F.C.TOKYO <SET> 1 <VALUE> 5 <PERM> ('OH', 'O', 'MB', 'OH', 'S', 'MB')
<MATCH_ID> 25846 <TEAM> F.C.TOKYO <SET> 2 <VALUE> 5 <PERM> ('S', 'MB', 'OH', 'O', 'MB', 'OH')
<MATCH_ID> 25847 <TEAM> F.C.TOKYO <SET> 0 <VALUE> 5 <PERM> ('O', 'MB', 'OH', 'S', 'MB', 'OH')
<MATCH_ID> 25847 <TEAM> F.C.TOKYO <SET> 1 <VALUE> 5 <PERM> ('MB', 'OH', 'S', 'MB', 'OH', 'O')
<MATCH_ID> 25847 <TEAM> F.C.TOKYO <SET> 2 <VALUE> 5 <PERM> ('O', 'MB', 'OH', 'S', 'MB', 'OH')
<MATCH_ID> 25855 <TEAM> SAKAI Blazers <SET> 1 <VALUE> 5 <PERM> ('OH', 'O', 'MB', 'OH', 'S', 'MB')
<MATCH_ID> 25855 <TEAM> SAKAI Blazers <SET> 2 <VALUE> 5 <PERM> ('MB', 'OH', 'O', 'MB', 'OH', 'S')
<MATCH_ID> 25855 <TEAM> SAKAI Blazers <SET> 3 <VALUE> 5 <PERM> ('OH', 'O', 'MB', 'OH', 'S', 'MB')
<MATCH_ID> 25855 <TEAM> SAKAI Blazers <SET> 4 <VALUE> 5 <PERM> ('OH', 'O', 'MB', 'OH', 'S', 'MB')
<MATCH_ID> 25851 <TEAM> Panasonic PANTHERS <SET> 3 <VALUE> 5 <PERM> ('OH', 'S', 'MB', 'OH', 'O', 'MB')
<MATCH_ID> 25851 <TEAM> Panasonic PANTHERS <SET> 4 <VALUE> 5 <PERM> ('O', 'MB', 'OH', 'S', 'MB', 'OH')
<MATCH_ID> 25858 <TEAM> F.C.TOKYO <SET> 0 <VALUE> 5 <PERM> ('MB', 'OH', 'S', 'MB', 'OH', 'O')
<MATCH_ID> 25858 <TEAM> F.C.TOKYO <SET> 1 <VALUE> 5 <PERM> ('O', 'MB', 'OH', 'S', 'MB', 'OH')
<MATCH_ID> 25858 <TEAM> F.C.TOKYO <SET> 2 <VALUE> 5 <PERM> ('MB', 'OH', 'S', 'MB', 'OH', 'O')
<MATCH_ID> 25859 <TEAM> F.C.TOKYO <SET> 0 <VALUE> 5 <PERM> ('MB', 'OH', 'S', 'MB', 'OH', 'O')
<MATCH_ID> 25859 <TEAM> F.C.TOKYO <SET> 1 <VALUE> 5 <PERM> ('OH', 'S', 'MB', 'OH', 'O', 'MB')
<MATCH_ID> 25859 <TEAM> F.C.TOKYO <SET> 2 <VALUE> 5 <PERM> ('MB', 'OH', 'S', 'MB', 'OH', 'O')
<MATCH_ID> 25859 <TEAM> F.C.TOKYO <SET> 3 <VALUE> 5 <PERM> ('OH', 'O', 'MB', 'OH', 'S', 'MB')
<MATCH_ID> 25859 <TEAM> F.C.TOKYO <SET> 4 <VALUE> 5 <PERM> ('OH', 'O', 'MB', 'OH', 'S', 'MB')
<MATCH_ID> 25873 <TEAM> F.C.TOKYO <SET> 0 <VALUE> 5 <PERM> ('OH', 'O', 'MB', 'OH', 'S', 'MB')
<MATCH_ID> 25873 <TEAM> F.C.TOKYO <SET> 1 <VALUE> 5 <PERM> ('OH', 'O', 'MB', 'OH', 'S', 'MB')
<MATCH_ID> 25873 <TEAM> F.C.TOKYO <SET> 2 <VALUE> 5 <PERM> ('O', 'MB', 'OH', 'S', 'MB', 'OH')
<MATCH_ID> 26461 <TEAM> F.C.TOKYO <SET> 0 <VALUE> 5 <PERM> ('O', 'MB', 'OH', 'S', 'MB', 'OH')
<MATCH_ID> 26461 <TEAM> F.C.TOKYO <SET> 1 <VALUE> 5 <PERM> ('MB', 'OH', 'S', 'MB', 'OH', 'O')
<MATCH_ID> 26461 <TEAM> F.C.TOKYO <SET> 2 <VALUE> 5 <PERM> ('OH', 'O', 'MB', 'OH', 'S', 'MB')
<MATCH_ID> 26461 <TEAM> F.C.TOKYO <SET> 3 <VALUE> 5 <PERM> ('O', 'MB', 'OH', 'S', 'MB', 'OH')
<MATCH_ID> 26461 <TEAM> F.C.TOKYO <SET> 4 <VALUE> 5 <PERM> ('S', 'MB', 'OH', 'O', 'MB', 'OH')
<MATCH_ID> 25882 <TEAM> F.C.TOKYO <SET> 0 <VALUE> 5 <PERM> ('MB', 'OH', 'S', 'MB', 'OH', 'O')
<MATCH_ID> 25882 <TEAM> F.C.TOKYO <SET> 1 <VALUE> 5 <PERM> ('O', 'MB', 'OH', 'S', 'MB', 'OH')
<MATCH_ID> 25882 <TEAM> F.C.TOKYO <SET> 2 <VALUE> 5 <PERM> ('O', 'MB', 'OH', 'S', 'MB', 'OH')
<MATCH_ID> 25886 <TEAM> Panasonic PANTHERS <SET> 1 <VALUE> 5 <PERM> ('OH', 'O', 'MB', 'OH', 'S', 'MB')
<MATCH_ID> 25886 <TEAM> Panasonic PANTHERS <SET> 2 <VALUE> 5 <PERM> ('OH', 'O', 'MB', 'OH', 'S', 'MB')
<MATCH_ID> 25879 <TEAM> SUNTORY Sunbirds <SET> 2 <VALUE> 5 <PERM> ('OH', 'O', 'MB', 'OH', 'S', 'MB')
<MATCH_ID> 25883 <TEAM> F.C.TOKYO <SET> 0 <VALUE> 5 <PERM> ('MB', 'OH', 'S', 'MB', 'OH', 'O')
<MATCH_ID> 25883 <TEAM> F.C.TOKYO <SET> 1 <VALUE> 5 <PERM> ('O', 'MB', 'OH', 'S', 'MB', 'OH')
<MATCH_ID> 25883 <TEAM> F.C.TOKYO <SET> 2 <VALUE> 5 <PERM> ('O', 'MB', 'OH', 'S', 'MB', 'OH')
<MATCH_ID> 25894 <TEAM> F.C.TOKYO <SET> 0 <VALUE> 5 <PERM> ('MB', 'OH', 'O', 'MB', 'OH', 'S')
<MATCH_ID> 25894 <TEAM> F.C.TOKYO <SET> 1 <VALUE> 5 <PERM> ('OH', 'O', 'MB', 'OH', 'S', 'MB')
<MATCH_ID> 25895 <TEAM> F.C.TOKYO <SET> 0 <VALUE> 5 <PERM> ('S', 'MB', 'OH', 'O', 'MB', 'OH')
<MATCH_ID> 25895 <TEAM> F.C.TOKYO <SET> 1 <VALUE> 5 <PERM> ('MB', 'OH', 'O', 'MB', 'OH', 'S')
<MATCH_ID> 25895 <TEAM> F.C.TOKYO <SET> 2 <VALUE> 5 <PERM> ('OH', 'O', 'MB', 'OH', 'S', 'MB')
<MATCH_ID> 25889 <TEAM> SUNTORY Sunbirds <SET> 1 <VALUE> 5 <PERM> ('MB', 'OH', 'S', 'MB', 'OH', 'O')
<MATCH_ID> 25889 <TEAM> SUNTORY Sunbirds <SET> 2 <VALUE> 4 <PERM> ('OH', 'MB', 'S', 'OH', 'MB', 'O')
<MATCH_ID> 25889 <TEAM> SUNTORY Sunbirds <SET> 3 <VALUE> 4 <PERM> ('MB', 'OH', 'S', 'MB', 'OH', 'O')
<MATCH_ID> 25892 <TEAM> SAKAI Blazers <SET> 2 <VALUE> 5 <PERM> ('O', 'MB', 'OH', 'S', 'MB', 'OH')
<MATCH_ID> 25892 <TEAM> Panasonic PANTHERS <SET> 0 <VALUE> 5 <PERM> ('O', 'MB', 'OH', 'S', 'MB', 'OH')
<MATCH_ID> 25892 <TEAM> Panasonic PANTHERS <SET> 1 <VALUE> 5 <PERM> ('OH', 'O', 'MB', 'OH', 'S', 'MB')
<MATCH_ID> 25892 <TEAM> Panasonic PANTHERS <SET> 2 <VALUE> 5 <PERM> ('O', 'MB', 'OH', 'S', 'MB', 'OH')
<MATCH_ID> 25892 <TEAM> Panasonic PANTHERS <SET> 3 <VALUE> 5 <PERM> ('OH', 'O', 'MB', 'OH', 'S', 'MB')
<MATCH_ID> 26667 <TEAM> Panasonic PANTHERS <SET> 0 <VALUE> 5 <PERM> ('OH', 'O', 'MB', 'OH', 'S', 'MB')
<MATCH_ID> 26658 <TEAM> Panasonic PANTHERS <SET> 2 <VALUE> 5 <PERM> ('MB', 'OH', 'S', 'MB', 'OH', 'O')
<MATCH_ID> 26707 <TEAM> Panasonic PANTHERS <SET> 0 <VALUE> 5 <PERM> ('OH', 'O', 'MB', 'OH', 'S', 'MB')
<MATCH_ID> 26707 <TEAM> Panasonic PANTHERS <SET> 1 <VALUE> 5 <PERM> ('OH', 'O', 'MB', 'OH', 'S', 'MB')
<MATCH_ID> 26707 <TEAM> Panasonic PANTHERS <SET> 2 <VALUE> 5 <PERM> ('OH', 'O', 'MB', 'OH', 'S', 'MB')
<MATCH_ID> 26707 <TEAM> Panasonic PANTHERS <SET> 3 <VALUE> 5 <PERM> ('OH', 'O', 'MB', 'OH', 'S', 'MB')
<MATCH_ID> 26707 <TEAM> Panasonic PANTHERS <SET> 4 <VALUE> 5 <PERM> ('OH', 'S', 'MB', 'OH', 'O', 'MB')
<MATCH_ID> 26705 <TEAM> SUNTORY Sunbirds <SET> 0 <VALUE> 5 <PERM> ('MB', 'OH', 'S', 'MB', 'OH', 'O')
<MATCH_ID> 26705 <TEAM> SUNTORY Sunbirds <SET> 1 <VALUE> 5 <PERM> ('O', 'MB', 'OH', 'S', 'MB', 'OH')
<MATCH_ID> 26705 <TEAM> SUNTORY Sunbirds <SET> 2 <VALUE> 5 <PERM> ('O', 'MB', 'OH', 'S', 'MB', 'OH')
<MATCH_ID> 26705 <TEAM> SUNTORY Sunbirds <SET> 3 <VALUE> 5 <PERM> ('O', 'MB', 'OH', 'S', 'MB', 'OH')
<MATCH_ID> 26705 <TEAM> SUNTORY Sunbirds <SET> 4 <VALUE> 5 <PERM> ('O', 'MB', 'OH', 'S', 'MB', 'OH')
<MATCH_ID> 26705 <TEAM> F.C.TOKYO <SET> 1 <VALUE> 5 <PERM> ('OH', 'O', 'MB', 'OH', 'S', 'MB')
<MATCH_ID> 26708 <TEAM> Panasonic PANTHERS <SET> 0 <VALUE> 5 <PERM> ('OH', 'O', 'MB', 'OH', 'S', 'MB')
<MATCH_ID> 26708 <TEAM> Panasonic PANTHERS <SET> 1 <VALUE> 5 <PERM> ('OH', 'S', 'MB', 'OH', 'O', 'MB')
<MATCH_ID> 26708 <TEAM> Panasonic PANTHERS <SET> 2 <VALUE> 5 <PERM> ('OH', 'S', 'MB', 'OH', 'O', 'MB')
<MATCH_ID> 26708 <TEAM> Panasonic PANTHERS <SET> 3 <VALUE> 5 <PERM> ('OH', 'S', 'MB', 'OH', 'O', 'MB')
<MATCH_ID> 26706 <TEAM> SUNTORY Sunbirds <SET> 0 <VALUE> 5 <PERM> ('O', 'MB', 'OH', 'S', 'MB', 'OH')
<MATCH_ID> 26706 <TEAM> SUNTORY Sunbirds <SET> 1 <VALUE> 5 <PERM> ('OH', 'O', 'MB', 'OH', 'S', 'MB')
<MATCH_ID> 26706 <TEAM> SUNTORY Sunbirds <SET> 2 <VALUE> 5 <PERM> ('MB', 'OH', 'O', 'MB', 'OH', 'S')
<MATCH_ID> 26706 <TEAM> SUNTORY Sunbirds <SET> 3 <VALUE> 5 <PERM> ('MB', 'OH', 'O', 'MB', 'OH', 'S')
<MATCH_ID> 26706 <TEAM> SUNTORY Sunbirds <SET> 4 <VALUE> 5 <PERM> ('OH', 'S', 'MB', 'OH', 'O', 'MB')
<MATCH_ID> 26717 <TEAM> Panasonic PANTHERS <SET> 0 <VALUE> 5 <PERM> ('MB', 'OH', 'S', 'MB', 'OH', 'O')
<MATCH_ID> 26717 <TEAM> Panasonic PANTHERS <SET> 1 <VALUE> 5 <PERM> ('O', 'MB', 'OH', 'S', 'MB', 'OH')
<MATCH_ID> 26717 <TEAM> Panasonic PANTHERS <SET> 2 <VALUE> 5 <PERM> ('MB', 'OH', 'S', 'MB', 'OH', 'O')
<MATCH_ID> 26711 <TEAM> SUNTORY Sunbirds <SET> 0 <VALUE> 5 <PERM> ('O', 'MB', 'OH', 'S', 'MB', 'OH')
<MATCH_ID> 26711 <TEAM> SUNTORY Sunbirds <SET> 1 <VALUE> 5 <PERM> ('OH', 'O', 'MB', 'OH', 'S', 'MB')
<MATCH_ID> 26711 <TEAM> SUNTORY Sunbirds <SET> 2 <VALUE> 5 <PERM> ('O', 'MB', 'OH', 'S', 'MB', 'OH')
<MATCH_ID> 26711 <TEAM> SUNTORY Sunbirds <SET> 3 <VALUE> 5 <PERM> ('O', 'MB', 'OH', 'S', 'MB', 'OH')
<MATCH_ID> 26718 <TEAM> Panasonic PANTHERS <SET> 0 <VALUE> 5 <PERM> ('MB', 'OH', 'S', 'MB', 'OH', 'O')
<MATCH_ID> 26718 <TEAM> Panasonic PANTHERS <SET> 1 <VALUE> 5 <PERM> ('O', 'MB', 'OH', 'S', 'MB', 'OH')
<MATCH_ID> 26718 <TEAM> Panasonic PANTHERS <SET> 2 <VALUE> 5 <PERM> ('MB', 'OH', 'S', 'MB', 'OH', 'O')
<MATCH_ID> 26712 <TEAM> SUNTORY Sunbirds <SET> 0 <VALUE> 5 <PERM> ('O', 'MB', 'OH', 'S', 'MB', 'OH')
<MATCH_ID> 26712 <TEAM> SUNTORY Sunbirds <SET> 1 <VALUE> 5 <PERM> ('MB', 'OH', 'S', 'MB', 'OH', 'O')
<MATCH_ID> 26712 <TEAM> SUNTORY Sunbirds <SET> 2 <VALUE> 5 <PERM> ('O', 'MB', 'OH', 'S', 'MB', 'OH')
<MATCH_ID> 26727 <TEAM> SUNTORY Sunbirds <SET> 0 <VALUE> 5 <PERM> ('O', 'MB', 'OH', 'S', 'MB', 'OH')
<MATCH_ID> 26727 <TEAM> SUNTORY Sunbirds <SET> 1 <VALUE> 5 <PERM> ('MB', 'OH', 'S', 'MB', 'OH', 'O')
<MATCH_ID> 26727 <TEAM> SUNTORY Sunbirds <SET> 2 <VALUE> 5 <PERM> ('OH', 'O', 'MB', 'OH', 'S', 'MB')
<MATCH_ID> 26727 <TEAM> SUNTORY Sunbirds <SET> 3 <VALUE> 5 <PERM> ('MB', 'OH', 'S', 'MB', 'OH', 'O')
<MATCH_ID> 26727 <TEAM> SUNTORY Sunbirds <SET> 4 <VALUE> 5 <PERM> ('O', 'MB', 'OH', 'S', 'MB', 'OH')
<MATCH_ID> 26719 <TEAM> Panasonic PANTHERS <SET> 0 <VALUE> 5 <PERM> ('O', 'MB', 'OH', 'S', 'MB', 'OH')
<MATCH_ID> 26719 <TEAM> Panasonic PANTHERS <SET> 1 <VALUE> 5 <PERM> ('MB', 'OH', 'O', 'MB', 'OH', 'S')
<MATCH_ID> 26719 <TEAM> Panasonic PANTHERS <SET> 2 <VALUE> 5 <PERM> ('S', 'MB', 'OH', 'O', 'MB', 'OH')
<MATCH_ID> 26719 <TEAM> Panasonic PANTHERS <SET> 3 <VALUE> 5 <PERM> ('MB', 'OH', 'O', 'MB', 'OH', 'S')
<MATCH_ID> 26728 <TEAM> SUNTORY Sunbirds <SET> 0 <VALUE> 5 <PERM> ('O', 'MB', 'OH', 'S', 'MB', 'OH')
<MATCH_ID> 26728 <TEAM> SUNTORY Sunbirds <SET> 1 <VALUE> 5 <PERM> ('MB', 'OH', 'S', 'MB', 'OH', 'O')
<MATCH_ID> 26728 <TEAM> SUNTORY Sunbirds <SET> 2 <VALUE> 5 <PERM> ('O', 'MB', 'OH', 'S', 'MB', 'OH')
<MATCH_ID> 26720 <TEAM> Panasonic PANTHERS <SET> 0 <VALUE> 5 <PERM> ('S', 'MB', 'OH', 'O', 'MB', 'OH')
<MATCH_ID> 26720 <TEAM> Panasonic PANTHERS <SET> 1 <VALUE> 5 <PERM> ('OH', 'S', 'MB', 'OH', 'O', 'MB')
<MATCH_ID> 26720 <TEAM> Panasonic PANTHERS <SET> 2 <VALUE> 5 <PERM> ('MB', 'OH', 'S', 'MB', 'OH', 'O')
<MATCH_ID> 26731 <TEAM> OITA MIYOSHI WeisseAdler <SET> 0 <VALUE> 5 <PERM> ('OH', 'O', 'MB', 'OH', 'S', 'MB')
<MATCH_ID> 26735 <TEAM> Panasonic PANTHERS <SET> 0 <VALUE> 5 <PERM> ('O', 'MB', 'OH', 'S', 'MB', 'OH')
<MATCH_ID> 26735 <TEAM> Panasonic PANTHERS <SET> 1 <VALUE> 5 <PERM> ('MB', 'OH', 'S', 'MB', 'OH', 'O')
<MATCH_ID> 26735 <TEAM> Panasonic PANTHERS <SET> 3 <VALUE> 5 <PERM> ('MB', 'OH', 'S', 'MB', 'OH', 'O')
<MATCH_ID> 26735 <TEAM> Panasonic PANTHERS <SET> 4 <VALUE> 5 <PERM> ('O', 'MB', 'OH', 'S', 'MB', 'OH')
<MATCH_ID> 26737 <TEAM> SUNTORY Sunbirds <SET> 0 <VALUE> 5 <PERM> ('O', 'MB', 'OH', 'S', 'MB', 'OH')
<MATCH_ID> 26737 <TEAM> SUNTORY Sunbirds <SET> 1 <VALUE> 5 <PERM> ('MB', 'OH', 'S', 'MB', 'OH', 'O')
<MATCH_ID> 26737 <TEAM> SUNTORY Sunbirds <SET> 2 <VALUE> 5 <PERM> ('OH', 'S', 'MB', 'OH', 'O', 'MB')
<MATCH_ID> 26736 <TEAM> Panasonic PANTHERS <SET> 0 <VALUE> 5 <PERM> ('MB', 'OH', 'S', 'MB', 'OH', 'O')
<MATCH_ID> 26736 <TEAM> Panasonic PANTHERS <SET> 1 <VALUE> 5 <PERM> ('MB', 'OH', 'O', 'MB', 'OH', 'S')
<MATCH_ID> 26736 <TEAM> Panasonic PANTHERS <SET> 2 <VALUE> 5 <PERM> ('OH', 'O', 'MB', 'OH', 'S', 'MB')
<MATCH_ID> 26736 <TEAM> Panasonic PANTHERS <SET> 3 <VALUE> 5 <PERM> ('MB', 'OH', 'O', 'MB', 'OH', 'S')
<MATCH_ID> 26738 <TEAM> SUNTORY Sunbirds <SET> 0 <VALUE> 5 <PERM> ('S', 'MB', 'OH', 'O', 'MB', 'OH')
<MATCH_ID> 26738 <TEAM> SUNTORY Sunbirds <SET> 1 <VALUE> 5 <PERM> ('OH', 'S', 'MB', 'OH', 'O', 'MB')
<MATCH_ID> 26738 <TEAM> SUNTORY Sunbirds <SET> 2 <VALUE> 5 <PERM> ('S', 'MB', 'OH', 'O', 'MB', 'OH')
<MATCH_ID> 26738 <TEAM> SUNTORY Sunbirds <SET> 3 <VALUE> 5 <PERM> ('OH', 'S', 'MB', 'OH', 'O', 'MB')
<MATCH_ID> 26738 <TEAM> SUNTORY Sunbirds <SET> 4 <VALUE> 5 <PERM> ('S', 'MB', 'OH', 'O', 'MB', 'OH')
<MATCH_ID> 26741 <TEAM> SUNTORY Sunbirds <SET> 0 <VALUE> 5 <PERM> ('MB', 'OH', 'O', 'MB', 'OH', 'S')
<MATCH_ID> 26741 <TEAM> SUNTORY Sunbirds <SET> 1 <VALUE> 5 <PERM> ('MB', 'OH', 'O', 'MB', 'OH', 'S')
<MATCH_ID> 26741 <TEAM> SUNTORY Sunbirds <SET> 2 <VALUE> 5 <PERM> ('MB', 'OH', 'O', 'MB', 'OH', 'S')
<MATCH_ID> 26741 <TEAM> SUNTORY Sunbirds <SET> 3 <VALUE> 5 <PERM> ('S', 'MB', 'OH', 'O', 'MB', 'OH')
<MATCH_ID> 26747 <TEAM> Panasonic PANTHERS <SET> 0 <VALUE> 5 <PERM> ('OH', 'O', 'MB', 'OH', 'S', 'MB')
<MATCH_ID> 26747 <TEAM> Panasonic PANTHERS <SET> 1 <VALUE> 5 <PERM> ('MB', 'OH', 'O', 'MB', 'OH', 'S')
<MATCH_ID> 26747 <TEAM> Panasonic PANTHERS <SET> 2 <VALUE> 5 <PERM> ('OH', 'S', 'MB', 'OH', 'O', 'MB')
<MATCH_ID> 26747 <TEAM> Panasonic PANTHERS <SET> 3 <VALUE> 5 <PERM> ('MB', 'OH', 'O', 'MB', 'OH', 'S')
<MATCH_ID> 26742 <TEAM> SUNTORY Sunbirds <SET> 0 <VALUE> 5 <PERM> ('MB', 'OH', 'O', 'MB', 'OH', 'S')
<MATCH_ID> 26742 <TEAM> SUNTORY Sunbirds <SET> 1 <VALUE> 5 <PERM> ('S', 'MB', 'OH', 'O', 'MB', 'OH')
<MATCH_ID> 26742 <TEAM> SUNTORY Sunbirds <SET> 2 <VALUE> 5 <PERM> ('MB', 'OH', 'O', 'MB', 'OH', 'S')
<MATCH_ID> 26748 <TEAM> Panasonic PANTHERS <SET> 0 <VALUE> 5 <PERM> ('OH', 'S', 'MB', 'OH', 'O', 'MB')
<MATCH_ID> 26748 <TEAM> Panasonic PANTHERS <SET> 1 <VALUE> 5 <PERM> ('MB', 'OH', 'O', 'MB', 'OH', 'S')
<MATCH_ID> 26755 <TEAM> SUNTORY Sunbirds <SET> 0 <VALUE> 5 <PERM> ('MB', 'OH', 'S', 'MB', 'OH', 'O')
<MATCH_ID> 26755 <TEAM> SUNTORY Sunbirds <SET> 1 <VALUE> 5 <PERM> ('OH', 'S', 'MB', 'OH', 'O', 'MB')
<MATCH_ID> 26755 <TEAM> SUNTORY Sunbirds <SET> 2 <VALUE> 5 <PERM> ('S', 'MB', 'OH', 'O', 'MB', 'OH')
<MATCH_ID> 26755 <TEAM> Panasonic PANTHERS <SET> 0 <VALUE> 5 <PERM> ('OH', 'O', 'MB', 'OH', 'S', 'MB')
<MATCH_ID> 26755 <TEAM> Panasonic PANTHERS <SET> 1 <VALUE> 5 <PERM> ('OH', 'O', 'MB', 'OH', 'S', 'MB')
<MATCH_ID> 26755 <TEAM> Panasonic PANTHERS <SET> 2 <VALUE> 5 <PERM> ('OH', 'O', 'MB', 'OH', 'S', 'MB')
<MATCH_ID> 26756 <TEAM> SUNTORY Sunbirds <SET> 0 <VALUE> 5 <PERM> ('OH', 'O', 'MB', 'OH', 'S', 'MB')
<MATCH_ID> 26756 <TEAM> SUNTORY Sunbirds <SET> 1 <VALUE> 5 <PERM> ('O', 'MB', 'OH', 'S', 'MB', 'OH')
<MATCH_ID> 26756 <TEAM> SUNTORY Sunbirds <SET> 2 <VALUE> 5 <PERM> ('OH', 'O', 'MB', 'OH', 'S', 'MB')
<MATCH_ID> 26756 <TEAM> SUNTORY Sunbirds <SET> 3 <VALUE> 5 <PERM> ('O', 'MB', 'OH', 'S', 'MB', 'OH')
<MATCH_ID> 26756 <TEAM> SUNTORY Sunbirds <SET> 4 <VALUE> 5 <PERM> ('OH', 'O', 'MB', 'OH', 'S', 'MB')
<MATCH_ID> 26756 <TEAM> Panasonic PANTHERS <SET> 0 <VALUE> 5 <PERM> ('OH', 'O', 'MB', 'OH', 'S', 'MB')
<MATCH_ID> 26756 <TEAM> Panasonic PANTHERS <SET> 1 <VALUE> 5 <PERM> ('OH', 'O', 'MB', 'OH', 'S', 'MB')
<MATCH_ID> 26756 <TEAM> Panasonic PANTHERS <SET> 2 <VALUE> 5 <PERM> ('OH', 'O', 'MB', 'OH', 'S', 'MB')
<MATCH_ID> 26756 <TEAM> Panasonic PANTHERS <SET> 3 <VALUE> 5 <PERM> ('OH', 'O', 'MB', 'OH', 'S', 'MB')
<MATCH_ID> 26756 <TEAM> Panasonic PANTHERS <SET> 4 <VALUE> 5 <PERM> ('OH', 'S', 'MB', 'OH', 'O', 'MB')
<MATCH_ID> 26767 <TEAM> Panasonic PANTHERS <SET> 0 <VALUE> 5 <PERM> ('OH', 'O', 'MB', 'OH', 'S', 'MB')
<MATCH_ID> 26767 <TEAM> Panasonic PANTHERS <SET> 1 <VALUE> 5 <PERM> ('O', 'MB', 'OH', 'S', 'MB', 'OH')
<MATCH_ID> 26765 <TEAM> SUNTORY Sunbirds <SET> 0 <VALUE> 5 <PERM> ('MB', 'OH', 'S', 'MB', 'OH', 'O')
<MATCH_ID> 26765 <TEAM> SUNTORY Sunbirds <SET> 1 <VALUE> 5 <PERM> ('MB', 'OH', 'S', 'MB', 'OH', 'O')
<MATCH_ID> 26765 <TEAM> SUNTORY Sunbirds <SET> 2 <VALUE> 5 <PERM> ('MB', 'OH', 'S', 'MB', 'OH', 'O')
<MATCH_ID> 26765 <TEAM> SUNTORY Sunbirds <SET> 3 <VALUE> 5 <PERM> ('O', 'MB', 'OH', 'S', 'MB', 'OH')
<MATCH_ID> 26765 <TEAM> SUNTORY Sunbirds <SET> 4 <VALUE> 5 <PERM> ('O', 'MB', 'OH', 'S', 'MB', 'OH')
<MATCH_ID> 26768 <TEAM> Panasonic PANTHERS <SET> 0 <VALUE> 5 <PERM> ('MB', 'OH', 'S', 'MB', 'OH', 'O')
<MATCH_ID> 26768 <TEAM> Panasonic PANTHERS <SET> 1 <VALUE> 5 <PERM> ('MB', 'OH', 'S', 'MB', 'OH', 'O')
<MATCH_ID> 26768 <TEAM> Panasonic PANTHERS <SET> 2 <VALUE> 5 <PERM> ('MB', 'OH', 'S', 'MB', 'OH', 'O')
<MATCH_ID> 26768 <TEAM> Panasonic PANTHERS <SET> 3 <VALUE> 5 <PERM> ('OH', 'S', 'MB', 'OH', 'O', 'MB')
<MATCH_ID> 26766 <TEAM> SUNTORY Sunbirds <SET> 0 <VALUE> 5 <PERM> ('MB', 'OH', 'S', 'MB', 'OH', 'O')
<MATCH_ID> 26766 <TEAM> SUNTORY Sunbirds <SET> 1 <VALUE> 5 <PERM> ('MB', 'OH', 'S', 'MB', 'OH', 'O')
<MATCH_ID> 26766 <TEAM> SUNTORY Sunbirds <SET> 2 <VALUE> 5 <PERM> ('MB', 'OH', 'S', 'MB', 'OH', 'O')
<MATCH_ID> 26766 <TEAM> SUNTORY Sunbirds <SET> 3 <VALUE> 5 <PERM> ('MB', 'OH', 'S', 'MB', 'OH', 'O')
<MATCH_ID> 26777 <TEAM> Panasonic PANTHERS <SET> 0 <VALUE> 5 <PERM> ('O', 'MB', 'OH', 'S', 'MB', 'OH')
<MATCH_ID> 26777 <TEAM> Panasonic PANTHERS <SET> 1 <VALUE> 5 <PERM> ('OH', 'O', 'MB', 'OH', 'S', 'MB')
<MATCH_ID> 26777 <TEAM> Panasonic PANTHERS <SET> 2 <VALUE> 5 <PERM> ('O', 'MB', 'OH', 'S', 'MB', 'OH')
<MATCH_ID> 26777 <TEAM> F.C.TOKYO <SET> 2 <VALUE> 5 <PERM> ('O', 'MB', 'OH', 'S', 'MB', 'OH')
<MATCH_ID> 26779 <TEAM> F.C.TOKYO <SET> 1 <VALUE> 5 <PERM> ('OH', 'O', 'MB', 'OH', 'S', 'MB')
<MATCH_ID> 26779 <TEAM> F.C.TOKYO <SET> 2 <VALUE> 5 <PERM> ('MB', 'OH', 'O', 'MB', 'OH', 'S')
<MATCH_ID> 26779 <TEAM> F.C.TOKYO <SET> 3 <VALUE> 5 <PERM> ('OH', 'O', 'MB', 'OH', 'S', 'MB')
<MATCH_ID> 26787 <TEAM> Panasonic PANTHERS <SET> 0 <VALUE> 5 <PERM> ('OH', 'O', 'MB', 'OH', 'S', 'MB')
<MATCH_ID> 26787 <TEAM> Panasonic PANTHERS <SET> 1 <VALUE> 5 <PERM> ('MB', 'OH', 'O', 'MB', 'OH', 'S')
<MATCH_ID> 26787 <TEAM> Panasonic PANTHERS <SET> 2 <VALUE> 5 <PERM> ('MB', 'OH', 'O', 'MB', 'OH', 'S')
<MATCH_ID> 26780 <TEAM> F.C.TOKYO <SET> 0 <VALUE> 5 <PERM> ('MB', 'OH', 'O', 'MB', 'OH', 'S')
<MATCH_ID> 26780 <TEAM> F.C.TOKYO <SET> 1 <VALUE> 5 <PERM> ('OH', 'O', 'MB', 'OH', 'S', 'MB')
<MATCH_ID> 27444 <TEAM> Panasonic PANTHERS <SET> 2 <VALUE> 5 <PERM> ('OH', 'O', 'MB', 'OH', 'S', 'MB')
<MATCH_ID> 26799 <TEAM> Panasonic PANTHERS <SET> 2 <VALUE> 5 <PERM> ('OH', 'O', 'MB', 'OH', 'S', 'MB')
<MATCH_ID> 26799 <TEAM> Panasonic PANTHERS <SET> 3 <VALUE> 5 <PERM> ('OH', 'S', 'MB', 'OH', 'O', 'MB')
<MATCH_ID> 26799 <TEAM> Panasonic PANTHERS <SET> 4 <VALUE> 5 <PERM> ('OH', 'S', 'MB', 'OH', 'O', 'MB')
<MATCH_ID> 26800 <TEAM> Panasonic PANTHERS <SET> 0 <VALUE> 5 <PERM> ('OH', 'S', 'MB', 'OH', 'O', 'MB')
<MATCH_ID> 26800 <TEAM> Panasonic PANTHERS <SET> 1 <VALUE> 5 <PERM> ('OH', 'S', 'MB', 'OH', 'O', 'MB')
<MATCH_ID> 26800 <TEAM> Panasonic PANTHERS <SET> 2 <VALUE> 5 <PERM> ('OH', 'S', 'MB', 'OH', 'O', 'MB')
<MATCH_ID> 26800 <TEAM> Panasonic PANTHERS <SET> 3 <VALUE> 5 <PERM> ('OH', 'S', 'MB', 'OH', 'O', 'MB')
<MATCH_ID> 26804 <TEAM> TORAY ARROWS <SET> 4 <VALUE> 5 <PERM> ('OH', 'O', 'MB', 'OH', 'S', 'MB')
<MATCH_ID> 26815 <TEAM> TORAY ARROWS <SET> 0 <VALUE> 5 <PERM> ('OH', 'O', 'MB', 'OH', 'S', 'MB')
<MATCH_ID> 26815 <TEAM> TORAY ARROWS <SET> 1 <VALUE> 5 <PERM> ('OH', 'O', 'MB', 'OH', 'S', 'MB')
<MATCH_ID> 26815 <TEAM> TORAY ARROWS <SET> 2 <VALUE> 5 <PERM> ('OH', 'O', 'MB', 'OH', 'S', 'MB')
<MATCH_ID> 26817 <TEAM> Panasonic PANTHERS <SET> 0 <VALUE> 5 <PERM> ('O', 'MB', 'OH', 'S', 'MB', 'OH')
<MATCH_ID> 26817 <TEAM> Panasonic PANTHERS <SET> 1 <VALUE> 5 <PERM> ('MB', 'OH', 'S', 'MB', 'OH', 'O')
<MATCH_ID> 26817 <TEAM> Panasonic PANTHERS <SET> 2 <VALUE> 5 <PERM> ('O', 'MB', 'OH', 'S', 'MB', 'OH')
<MATCH_ID> 26818 <TEAM> Panasonic PANTHERS <SET> 0 <VALUE> 5 <PERM> ('MB', 'OH', 'S', 'MB', 'OH', 'O')
<MATCH_ID> 26818 <TEAM> Panasonic PANTHERS <SET> 1 <VALUE> 5 <PERM> ('O', 'MB', 'OH', 'S', 'MB', 'OH')
<MATCH_ID> 26818 <TEAM> Panasonic PANTHERS <SET> 2 <VALUE> 5 <PERM> ('MB', 'OH', 'S', 'MB', 'OH', 'O')
<MATCH_ID> 26818 <TEAM> Panasonic PANTHERS <SET> 3 <VALUE> 5 <PERM> ('O', 'MB', 'OH', 'S', 'MB', 'OH')
<MATCH_ID> 26812 <TEAM> SAKAI Blazers <SET> 3 <VALUE> 5 <PERM> ('O', 'MB', 'OH', 'S', 'MB', 'OH')
<MATCH_ID> 26812 <TEAM> SAKAI Blazers <SET> 4 <VALUE> 5 <PERM> ('O', 'MB', 'OH', 'S', 'MB', 'OH')
<MATCH_ID> 26827 <TEAM> Panasonic PANTHERS <SET> 0 <VALUE> 5 <PERM> ('OH', 'O', 'MB', 'OH', 'S', 'MB')
<MATCH_ID> 26827 <TEAM> Panasonic PANTHERS <SET> 1 <VALUE> 5 <PERM> ('MB', 'OH', 'O', 'MB', 'OH', 'S')
<MATCH_ID> 26827 <TEAM> Panasonic PANTHERS <SET> 2 <VALUE> 5 <PERM> ('OH', 'O', 'MB', 'OH', 'S', 'MB')
<MATCH_ID> 26828 <TEAM> Panasonic PANTHERS <SET> 0 <VALUE> 5 <PERM> ('OH', 'O', 'MB', 'OH', 'S', 'MB')
<MATCH_ID> 26828 <TEAM> Panasonic PANTHERS <SET> 1 <VALUE> 5 <PERM> ('OH', 'O', 'MB', 'OH', 'S', 'MB')
<MATCH_ID> 26828 <TEAM> Panasonic PANTHERS <SET> 2 <VALUE> 5 <PERM> ('MB', 'OH', 'O', 'MB', 'OH', 'S')
<MATCH_ID> 26828 <TEAM> Panasonic PANTHERS <SET> 3 <VALUE> 5 <PERM> ('S', 'MB', 'OH', 'O', 'MB', 'OH')
<MATCH_ID> 26833 <TEAM> Panasonic PANTHERS <SET> 0 <VALUE> 5 <PERM> ('O', 'MB', 'OH', 'S', 'MB', 'OH')
<MATCH_ID> 26833 <TEAM> Panasonic PANTHERS <SET> 1 <VALUE> 5 <PERM> ('OH', 'O', 'MB', 'OH', 'S', 'MB')
<MATCH_ID> 26833 <TEAM> Panasonic PANTHERS <SET> 2 <VALUE> 5 <PERM> ('O', 'MB', 'OH', 'S', 'MB', 'OH')
<MATCH_ID> 26833 <TEAM> Panasonic PANTHERS <SET> 3 <VALUE> 5 <PERM> ('MB', 'OH', 'O', 'MB', 'OH', 'S')
<MATCH_ID> 26833 <TEAM> Panasonic PANTHERS <SET> 4 <VALUE> 5 <PERM> ('MB', 'OH', 'O', 'MB', 'OH', 'S')
<MATCH_ID> 26834 <TEAM> Panasonic PANTHERS <SET> 0 <VALUE> 5 <PERM> ('MB', 'OH', 'O', 'MB', 'OH', 'S')
<MATCH_ID> 26836 <TEAM> SUNTORY Sunbirds <SET> 0 <VALUE> 5 <PERM> ('MB', 'OH', 'O', 'MB', 'OH', 'S')
<MATCH_ID> 26836 <TEAM> SUNTORY Sunbirds <SET> 1 <VALUE> 5 <PERM> ('S', 'MB', 'OH', 'O', 'MB', 'OH')
<MATCH_ID> 26836 <TEAM> SUNTORY Sunbirds <SET> 2 <VALUE> 5 <PERM> ('MB', 'OH', 'O', 'MB', 'OH', 'S')
<MATCH_ID> 26843 <TEAM> F.C.TOKYO <SET> 0 <VALUE> 5 <PERM> ('MB', 'OH', 'O', 'MB', 'OH', 'S')
<MATCH_ID> 26843 <TEAM> F.C.TOKYO <SET> 1 <VALUE> 5 <PERM> ('OH', 'O', 'MB', 'OH', 'S', 'MB')
<MATCH_ID> 26843 <TEAM> F.C.TOKYO <SET> 2 <VALUE> 5 <PERM> ('O', 'MB', 'OH', 'S', 'MB', 'OH')
<MATCH_ID> 26845 <TEAM> Panasonic PANTHERS <SET> 0 <VALUE> 5 <PERM> ('MB', 'OH', 'S', 'MB', 'OH', 'O')
<MATCH_ID> 26848 <TEAM> VC NAGANO TRIDENTS <SET> 2 <VALUE> 5 <PERM> ('MB', 'OH', 'O', 'MB', 'OH', 'S')
<MATCH_ID> 26851 <TEAM> OITA MIYOSHI WeisseAdler <SET> 2 <VALUE> 5 <PERM> ('OH', 'O', 'MB', 'OH', 'S', 'MB')
<MATCH_ID> 26870 <TEAM> OITA MIYOSHI WeisseAdler <SET> 1 <VALUE> 5 <PERM> ('O', 'MB', 'OH', 'S', 'MB', 'OH')
<MATCH_ID> 26870 <TEAM> OITA MIYOSHI WeisseAdler <SET> 2 <VALUE> 5 <PERM> ('OH', 'O', 'MB', 'OH', 'S', 'MB')
<MATCH_ID> 26881 <TEAM> TORAY ARROWS <SET> 3 <VALUE> 5 <PERM> ('O', 'MB', 'OH', 'S', 'MB', 'OH')
<MATCH_ID> 26876 <TEAM> OITA MIYOSHI WeisseAdler <SET> 0 <VALUE> 5 <PERM> ('OH', 'O', 'MB', 'OH', 'S', 'MB')
<MATCH_ID> 26876 <TEAM> OITA MIYOSHI WeisseAdler <SET> 1 <VALUE> 5 <PERM> ('O', 'MB', 'OH', 'S', 'MB', 'OH')
<MATCH_ID> 26876 <TEAM> OITA MIYOSHI WeisseAdler <SET> 2 <VALUE> 5 <PERM> ('OH', 'O', 'MB', 'OH', 'S', 'MB')
<MATCH_ID> 26876 <TEAM> OITA MIYOSHI WeisseAdler <SET> 3 <VALUE> 5 <PERM> ('O', 'MB', 'OH', 'S', 'MB', 'OH')
<MATCH_ID> 26876 <TEAM> OITA MIYOSHI WeisseAdler <SET> 4 <VALUE> 5 <PERM> ('O', 'MB', 'OH', 'S', 'MB', 'OH')
<MATCH_ID> 27690 <TEAM> VC NAGANO TRIDENTS <SET> 2 <VALUE> 5 <PERM> ('O', 'MB', 'OH', 'S', 'MB', 'OH')
<MATCH_ID> 27694 <TEAM> JTEKT STINGS <SET> 2 <VALUE> 5 <PERM> ('OH', 'O', 'MB', 'OH', 'S', 'MB')
<MATCH_ID> 27693 <TEAM> Panasonic PANTHERS <SET> 3 <VALUE> 5 <PERM> ('OH', 'O', 'MB', 'OH', 'S', 'MB')
<MATCH_ID> 27695 <TEAM> JTEKT STINGS <SET> 0 <VALUE> 5 <PERM> ('O', 'MB', 'OH', 'S', 'MB', 'OH')
<MATCH_ID> 27695 <TEAM> JTEKT STINGS <SET> 1 <VALUE> 5 <PERM> ('OH', 'O', 'MB', 'OH', 'S', 'MB')
<MATCH_ID> 27695 <TEAM> JTEKT STINGS <SET> 2 <VALUE> 5 <PERM> ('O', 'MB', 'OH', 'S', 'MB', 'OH')
<MATCH_ID> 27695 <TEAM> JTEKT STINGS <SET> 3 <VALUE> 5 <PERM> ('OH', 'O', 'MB', 'OH', 'S', 'MB')
<MATCH_ID> 27700 <TEAM> JTEKT STINGS <SET> 0 <VALUE> 5 <PERM> ('OH', 'O', 'MB', 'OH', 'S', 'MB')
<MATCH_ID> 27700 <TEAM> JTEKT STINGS <SET> 1 <VALUE> 5 <PERM> ('OH', 'O', 'MB', 'OH', 'S', 'MB')
<MATCH_ID> 27700 <TEAM> JTEKT STINGS <SET> 2 <VALUE> 5 <PERM> ('OH', 'O', 'MB', 'OH', 'S', 'MB')
<MATCH_ID> 27701 <TEAM> JTEKT STINGS <SET> 0 <VALUE> 5 <PERM> ('OH', 'O', 'MB', 'OH', 'S', 'MB')
<MATCH_ID> 27701 <TEAM> JTEKT STINGS <SET> 1 <VALUE> 5 <PERM> ('OH', 'O', 'MB', 'OH', 'S', 'MB')
<MATCH_ID> 27701 <TEAM> JTEKT STINGS <SET> 2 <VALUE> 5 <PERM> ('OH', 'O', 'MB', 'OH', 'S', 'MB')
<MATCH_ID> 27701 <TEAM> JTEKT STINGS <SET> 3 <VALUE> 5 <PERM> ('OH', 'O', 'MB', 'OH', 'S', 'MB')
<MATCH_ID> 27707 <TEAM> Panasonic PANTHERS <SET> 2 <VALUE> 5 <PERM> ('O', 'MB', 'OH', 'S', 'MB', 'OH')
<MATCH_ID> 27710 <TEAM> JTEKT STINGS <SET> 0 <VALUE> 5 <PERM> ('OH', 'O', 'MB', 'OH', 'S', 'MB')
<MATCH_ID> 27710 <TEAM> JTEKT STINGS <SET> 1 <VALUE> 5 <PERM> ('OH', 'O', 'MB', 'OH', 'S', 'MB')
<MATCH_ID> 27710 <TEAM> JTEKT STINGS <SET> 2 <VALUE> 5 <PERM> ('O', 'MB', 'OH', 'S', 'MB', 'OH')
<MATCH_ID> 27710 <TEAM> JTEKT STINGS <SET> 3 <VALUE> 5 <PERM> ('OH', 'O', 'MB', 'OH', 'S', 'MB')
<MATCH_ID> 27710 <TEAM> JTEKT STINGS <SET> 4 <VALUE> 5 <PERM> ('OH', 'O', 'MB', 'OH', 'S', 'MB')
<MATCH_ID> 27710 <TEAM> Panasonic PANTHERS <SET> 4 <VALUE> 5 <PERM> ('OH', 'O', 'MB', 'OH', 'S', 'MB')
<MATCH_ID> 27711 <TEAM> JTEKT STINGS <SET> 0 <VALUE> 5 <PERM> ('OH', 'O', 'MB', 'OH', 'S', 'MB')
<MATCH_ID> 27711 <TEAM> JTEKT STINGS <SET> 1 <VALUE> 5 <PERM> ('OH', 'O', 'MB', 'OH', 'S', 'MB')
<MATCH_ID> 27711 <TEAM> JTEKT STINGS <SET> 2 <VALUE> 5 <PERM> ('O', 'MB', 'OH', 'S', 'MB', 'OH')
<MATCH_ID> 27711 <TEAM> JTEKT STINGS <SET> 3 <VALUE> 5 <PERM> ('OH', 'O', 'MB', 'OH', 'S', 'MB')
<MATCH_ID> 27724 <TEAM> JTEKT STINGS <SET> 0 <VALUE> 5 <PERM> ('OH', 'O', 'MB', 'OH', 'S', 'MB')
<MATCH_ID> 27724 <TEAM> JTEKT STINGS <SET> 1 <VALUE> 5 <PERM> ('O', 'MB', 'OH', 'S', 'MB', 'OH')
<MATCH_ID> 27724 <TEAM> JTEKT STINGS <SET> 2 <VALUE> 5 <PERM> ('OH', 'O', 'MB', 'OH', 'S', 'MB')
<MATCH_ID> 27724 <TEAM> JTEKT STINGS <SET> 3 <VALUE> 5 <PERM> ('O', 'MB', 'OH', 'S', 'MB', 'OH')
<MATCH_ID> 27724 <TEAM> JTEKT STINGS <SET> 4 <VALUE> 5 <PERM> ('O', 'MB', 'OH', 'S', 'MB', 'OH')
<MATCH_ID> 27726 <TEAM> Panasonic PANTHERS <SET> 2 <VALUE> 5 <PERM> ('OH', 'O', 'MB', 'OH', 'S', 'MB')
<MATCH_ID> 27726 <TEAM> Panasonic PANTHERS <SET> 3 <VALUE> 5 <PERM> ('OH', 'S', 'MB', 'OH', 'O', 'MB')
<MATCH_ID> 27726 <TEAM> Panasonic PANTHERS <SET> 4 <VALUE> 5 <PERM> ('OH', 'S', 'MB', 'OH', 'O', 'MB')
<MATCH_ID> 27723 <TEAM> SAKAI Blazers <SET> 0 <VALUE> 5 <PERM> ('OH', 'O', 'MB', 'OH', 'S', 'MB')
<MATCH_ID> 27723 <TEAM> SAKAI Blazers <SET> 1 <VALUE> 5 <PERM> ('MB', 'OH', 'S', 'MB', 'OH', 'O')
<MATCH_ID> 27723 <TEAM> SAKAI Blazers <SET> 2 <VALUE> 5 <PERM> ('O', 'MB', 'OH', 'S', 'MB', 'OH')
<MATCH_ID> 27725 <TEAM> JTEKT STINGS <SET> 0 <VALUE> 5 <PERM> ('OH', 'O', 'MB', 'OH', 'S', 'MB')
<MATCH_ID> 27725 <TEAM> JTEKT STINGS <SET> 1 <VALUE> 5 <PERM> ('OH', 'O', 'MB', 'OH', 'S', 'MB')
<MATCH_ID> 27725 <TEAM> JTEKT STINGS <SET> 2 <VALUE> 5 <PERM> ('O', 'MB', 'OH', 'S', 'MB', 'OH')
<MATCH_ID> 27725 <TEAM> JTEKT STINGS <SET> 3 <VALUE> 5 <PERM> ('OH', 'O', 'MB', 'OH', 'S', 'MB')
<MATCH_ID> 27725 <TEAM> JTEKT STINGS <SET> 4 <VALUE> 5 <PERM> ('O', 'MB', 'OH', 'S', 'MB', 'OH')
<MATCH_ID> 27727 <TEAM> Panasonic PANTHERS <SET> 0 <VALUE> 5 <PERM> ('OH', 'S', 'MB', 'OH', 'O', 'MB')
<MATCH_ID> 27727 <TEAM> Panasonic PANTHERS <SET> 1 <VALUE> 5 <PERM> ('OH', 'S', 'MB', 'OH', 'O', 'MB')
<MATCH_ID> 27727 <TEAM> Panasonic PANTHERS <SET> 2 <VALUE> 5 <PERM> ('OH', 'S', 'MB', 'OH', 'O', 'MB')
<MATCH_ID> 27727 <TEAM> Panasonic PANTHERS <SET> 3 <VALUE> 5 <PERM> ('MB', 'OH', 'S', 'MB', 'OH', 'O')
<MATCH_ID> 27730 <TEAM> JTEKT STINGS <SET> 0 <VALUE> 5 <PERM> ('O', 'MB', 'OH', 'S', 'MB', 'OH')
<MATCH_ID> 27730 <TEAM> JTEKT STINGS <SET> 1 <VALUE> 5 <PERM> ('OH', 'O', 'MB', 'OH', 'S', 'MB')
<MATCH_ID> 27730 <TEAM> JTEKT STINGS <SET> 2 <VALUE> 5 <PERM> ('O', 'MB', 'OH', 'S', 'MB', 'OH')
<MATCH_ID> 27730 <TEAM> JTEKT STINGS <SET> 3 <VALUE> 5 <PERM> ('OH', 'O', 'MB', 'OH', 'S', 'MB')
<MATCH_ID> 27734 <TEAM> SUNTORY Sunbirds <SET> 0 <VALUE> 5 <PERM> ('OH', 'O', 'MB', 'OH', 'S', 'MB')
<MATCH_ID> 27734 <TEAM> SUNTORY Sunbirds <SET> 1 <VALUE> 5 <PERM> ('MB', 'OH', 'O', 'MB', 'OH', 'S')
<MATCH_ID> 27734 <TEAM> SUNTORY Sunbirds <SET> 2 <VALUE> 5 <PERM> ('S', 'MB', 'OH', 'O', 'MB', 'OH')
<MATCH_ID> 27731 <TEAM> JTEKT STINGS <SET> 0 <VALUE> 5 <PERM> ('OH', 'O', 'MB', 'OH', 'S', 'MB')
<MATCH_ID> 27731 <TEAM> JTEKT STINGS <SET> 1 <VALUE> 5 <PERM> ('OH', 'O', 'MB', 'OH', 'S', 'MB')
<MATCH_ID> 27735 <TEAM> SUNTORY Sunbirds <SET> 0 <VALUE> 5 <PERM> ('O', 'MB', 'OH', 'S', 'MB', 'OH')
<MATCH_ID> 27735 <TEAM> SUNTORY Sunbirds <SET> 1 <VALUE> 5 <PERM> ('O', 'MB', 'OH', 'S', 'MB', 'OH')
<MATCH_ID> 27735 <TEAM> SUNTORY Sunbirds <SET> 2 <VALUE> 5 <PERM> ('MB', 'OH', 'O', 'MB', 'OH', 'S')
<MATCH_ID> 27742 <TEAM> Panasonic PANTHERS <SET> 2 <VALUE> 5 <PERM> ('OH', 'O', 'MB', 'OH', 'S', 'MB')
<MATCH_ID> 27742 <TEAM> Panasonic PANTHERS <SET> 3 <VALUE> 5 <PERM> ('O', 'MB', 'OH', 'S', 'MB', 'OH')
<MATCH_ID> 27742 <TEAM> Panasonic PANTHERS <SET> 4 <VALUE> 5 <PERM> ('O', 'MB', 'OH', 'S', 'MB', 'OH')
<MATCH_ID> 27744 <TEAM> SUNTORY Sunbirds <SET> 0 <VALUE> 5 <PERM> ('MB', 'OH', 'O', 'MB', 'OH', 'S')
<MATCH_ID> 27744 <TEAM> SUNTORY Sunbirds <SET> 1 <VALUE> 5 <PERM> ('MB', 'OH', 'O', 'MB', 'OH', 'S')
<MATCH_ID> 27744 <TEAM> SUNTORY Sunbirds <SET> 2 <VALUE> 5 <PERM> ('OH', 'O', 'MB', 'OH', 'S', 'MB')
<MATCH_ID> 27743 <TEAM> Panasonic PANTHERS <SET> 0 <VALUE> 5 <PERM> ('OH', 'O', 'MB', 'OH', 'S', 'MB')
<MATCH_ID> 27743 <TEAM> Panasonic PANTHERS <SET> 1 <VALUE> 5 <PERM> ('OH', 'S', 'MB', 'OH', 'O', 'MB')
<MATCH_ID> 27743 <TEAM> Panasonic PANTHERS <SET> 2 <VALUE> 5 <PERM> ('OH', 'S', 'MB', 'OH', 'O', 'MB')
<MATCH_ID> 27743 <TEAM> Panasonic PANTHERS <SET> 3 <VALUE> 5 <PERM> ('OH', 'S', 'MB', 'OH', 'O', 'MB')
<MATCH_ID> 27743 <TEAM> Panasonic PANTHERS <SET> 4 <VALUE> 5 <PERM> ('OH', 'S', 'MB', 'OH', 'O', 'MB')
<MATCH_ID> 27745 <TEAM> SUNTORY Sunbirds <SET> 0 <VALUE> 5 <PERM> ('OH', 'O', 'MB', 'OH', 'S', 'MB')
<MATCH_ID> 27745 <TEAM> SUNTORY Sunbirds <SET> 1 <VALUE> 5 <PERM> ('OH', 'S', 'MB', 'OH', 'O', 'MB')
<MATCH_ID> 27745 <TEAM> SUNTORY Sunbirds <SET> 2 <VALUE> 5 <PERM> ('MB', 'OH', 'O', 'MB', 'OH', 'S')
<MATCH_ID> 27748 <TEAM> VC NAGANO TRIDENTS <SET> 0 <VALUE> 5 <PERM> ('O', 'MB', 'OH', 'S', 'MB', 'OH')
<MATCH_ID> 27748 <TEAM> VC NAGANO TRIDENTS <SET> 1 <VALUE> 5 <PERM> ('O', 'MB', 'OH', 'S', 'MB', 'OH')
<MATCH_ID> 27748 <TEAM> VC NAGANO TRIDENTS <SET> 2 <VALUE> 5 <PERM> ('O', 'MB', 'OH', 'S', 'MB', 'OH')
<MATCH_ID> 27748 <TEAM> VC NAGANO TRIDENTS <SET> 3 <VALUE> 5 <PERM> ('OH', 'O', 'MB', 'OH', 'S', 'MB')
<MATCH_ID> 27748 <TEAM> VC NAGANO TRIDENTS <SET> 4 <VALUE> 5 <PERM> ('O', 'MB', 'OH', 'S', 'MB', 'OH')
<MATCH_ID> 27749 <TEAM> VC NAGANO TRIDENTS <SET> 0 <VALUE> 5 <PERM> ('OH', 'O', 'MB', 'OH', 'S', 'MB')
<MATCH_ID> 27749 <TEAM> VC NAGANO TRIDENTS <SET> 1 <VALUE> 5 <PERM> ('MB', 'OH', 'O', 'MB', 'OH', 'S')
<MATCH_ID> 27749 <TEAM> VC NAGANO TRIDENTS <SET> 2 <VALUE> 5 <PERM> ('O', 'MB', 'OH', 'S', 'MB', 'OH')
<MATCH_ID> 27766 <TEAM> VC NAGANO TRIDENTS <SET> 0 <VALUE> 5 <PERM> ('O', 'MB', 'OH', 'S', 'MB', 'OH')
<MATCH_ID> 27759 <TEAM> WOLFDOGS NAGOYA <SET> 1 <VALUE> 5 <PERM> ('O', 'MB', 'OH', 'S', 'MB', 'OH')
<MATCH_ID> 27759 <TEAM> WOLFDOGS NAGOYA <SET> 2 <VALUE> 5 <PERM> ('OH', 'S', 'MB', 'OH', 'O', 'MB')
<MATCH_ID> 27770 <TEAM> SUNTORY Sunbirds <SET> 1 <VALUE> 5 <PERM> ('MB', 'OH', 'O', 'MB', 'OH', 'S')
<MATCH_ID> 27770 <TEAM> SUNTORY Sunbirds <SET> 2 <VALUE> 5 <PERM> ('S', 'MB', 'OH', 'O', 'MB', 'OH')
<MATCH_ID> 27770 <TEAM> SUNTORY Sunbirds <SET> 3 <VALUE> 5 <PERM> ('MB', 'OH', 'O', 'MB', 'OH', 'S')
<MATCH_ID> 27771 <TEAM> SUNTORY Sunbirds <SET> 0 <VALUE> 5 <PERM> ('OH', 'S', 'MB', 'OH', 'O', 'MB')
<MATCH_ID> 27771 <TEAM> SUNTORY Sunbirds <SET> 1 <VALUE> 5 <PERM> ('S', 'MB', 'OH', 'O', 'MB', 'OH')
<MATCH_ID> 27771 <TEAM> SUNTORY Sunbirds <SET> 2 <VALUE> 5 <PERM> ('OH', 'S', 'MB', 'OH', 'O', 'MB')
<MATCH_ID> 27806 <TEAM> Panasonic PANTHERS <SET> 0 <VALUE> 5 <PERM> ('MB', 'OH', 'O', 'MB', 'OH', 'S')
<MATCH_ID> 27806 <TEAM> Panasonic PANTHERS <SET> 1 <VALUE> 4 <PERM> ('MB', 'OH', 'O', 'MB', 'OH', 'S')
<MATCH_ID> 27806 <TEAM> Panasonic PANTHERS <SET> 2 <VALUE> 5 <PERM> ('MB', 'OH', 'S', 'MB', 'OH', 'O')
<MATCH_ID> 27807 <TEAM> Panasonic PANTHERS <SET> 0 <VALUE> 5 <PERM> ('O', 'MB', 'OH', 'S', 'MB', 'OH')
<MATCH_ID> 27807 <TEAM> Panasonic PANTHERS <SET> 1 <VALUE> 5 <PERM> ('OH', 'O', 'MB', 'OH', 'S', 'MB')
<MATCH_ID> 27810 <TEAM> JTEKT STINGS <SET> 2 <VALUE> 5 <PERM> ('O', 'MB', 'OH', 'S', 'MB', 'OH')
<MATCH_ID> 27810 <TEAM> JTEKT STINGS <SET> 3 <VALUE> 5 <PERM> ('O', 'MB', 'OH', 'S', 'MB', 'OH')
<MATCH_ID> 27811 <TEAM> JTEKT STINGS <SET> 1 <VALUE> 5 <PERM> ('S', 'MB', 'OH', 'O', 'MB', 'OH')
<MATCH_ID> 27811 <TEAM> JTEKT STINGS <SET> 2 <VALUE> 5 <PERM> ('MB', 'OH', 'O', 'MB', 'OH', 'S')
<MATCH_ID> 27811 <TEAM> JTEKT STINGS <SET> 3 <VALUE> 5 <PERM> ('S', 'MB', 'OH', 'O', 'MB', 'OH')
<MATCH_ID> 27818 <TEAM> JTEKT STINGS <SET> 0 <VALUE> 5 <PERM> ('O', 'MB', 'OH', 'S', 'MB', 'OH')
<MATCH_ID> 27818 <TEAM> JTEKT STINGS <SET> 1 <VALUE> 5 <PERM> ('O', 'MB', 'OH', 'S', 'MB', 'OH')
<MATCH_ID> 27818 <TEAM> JTEKT STINGS <SET> 2 <VALUE> 5 <PERM> ('O', 'MB', 'OH', 'S', 'MB', 'OH')
<MATCH_ID> 27818 <TEAM> JTEKT STINGS <SET> 3 <VALUE> 5 <PERM> ('O', 'MB', 'OH', 'S', 'MB', 'OH')
<MATCH_ID> 27818 <TEAM> JTEKT STINGS <SET> 4 <VALUE> 5 <PERM> ('O', 'MB', 'OH', 'S', 'MB', 'OH')
<MATCH_ID> 27822 <TEAM> JT Thunders HIROSHIMA <SET> 0 <VALUE> 5 <PERM> ('OH', 'O', 'MB', 'OH', 'S', 'MB')
<MATCH_ID> 27822 <TEAM> JT Thunders HIROSHIMA <SET> 1 <VALUE> 5 <PERM> ('OH', 'S', 'MB', 'OH', 'O', 'MB')
<MATCH_ID> 27822 <TEAM> JT Thunders HIROSHIMA <SET> 2 <VALUE> 5 <PERM> ('O', 'MB', 'OH', 'S', 'MB', 'OH')
<MATCH_ID> 27819 <TEAM> JTEKT STINGS <SET> 0 <VALUE> 5 <PERM> ('O', 'MB', 'OH', 'S', 'MB', 'OH')
<MATCH_ID> 27819 <TEAM> JTEKT STINGS <SET> 1 <VALUE> 5 <PERM> ('O', 'MB', 'OH', 'S', 'MB', 'OH')
<MATCH_ID> 27819 <TEAM> JTEKT STINGS <SET> 2 <VALUE> 5 <PERM> ('O', 'MB', 'OH', 'S', 'MB', 'OH')
<MATCH_ID> 27819 <TEAM> JTEKT STINGS <SET> 3 <VALUE> 5 <PERM> ('O', 'MB', 'OH', 'S', 'MB', 'OH')
<MATCH_ID> 27819 <TEAM> JTEKT STINGS <SET> 4 <VALUE> 5 <PERM> ('O', 'MB', 'OH', 'S', 'MB', 'OH')
<MATCH_ID> 27823 <TEAM> JT Thunders HIROSHIMA <SET> 0 <VALUE> 5 <PERM> ('OH', 'S', 'MB', 'OH', 'O', 'MB')
<MATCH_ID> 27823 <TEAM> JT Thunders HIROSHIMA <SET> 1 <VALUE> 5 <PERM> ('OH', 'S', 'MB', 'OH', 'O', 'MB')
<MATCH_ID> 27823 <TEAM> JT Thunders HIROSHIMA <SET> 2 <VALUE> 5 <PERM> ('MB', 'OH', 'O', 'MB', 'OH', 'S')
<MATCH_ID> 27828 <TEAM> JTEKT STINGS <SET> 0 <VALUE> 5 <PERM> ('O', 'MB', 'OH', 'S', 'MB', 'OH')
<MATCH_ID> 27828 <TEAM> JTEKT STINGS <SET> 1 <VALUE> 5 <PERM> ('O', 'MB', 'OH', 'S', 'MB', 'OH')
<MATCH_ID> 27828 <TEAM> JTEKT STINGS <SET> 2 <VALUE> 5 <PERM> ('O', 'MB', 'OH', 'S', 'MB', 'OH')
<MATCH_ID> 27829 <TEAM> JTEKT STINGS <SET> 0 <VALUE> 5 <PERM> ('O', 'MB', 'OH', 'S', 'MB', 'OH')
<MATCH_ID> 27829 <TEAM> JTEKT STINGS <SET> 1 <VALUE> 5 <PERM> ('O', 'MB', 'OH', 'S', 'MB', 'OH')
<MATCH_ID> 27829 <TEAM> JTEKT STINGS <SET> 2 <VALUE> 5 <PERM> ('O', 'MB', 'OH', 'S', 'MB', 'OH')
<MATCH_ID> 27829 <TEAM> JTEKT STINGS <SET> 3 <VALUE> 5 <PERM> ('O', 'MB', 'OH', 'S', 'MB', 'OH')
<MATCH_ID> 27840 <TEAM> JTEKT STINGS <SET> 0 <VALUE> 5 <PERM> ('O', 'MB', 'OH', 'S', 'MB', 'OH')
<MATCH_ID> 27840 <TEAM> JTEKT STINGS <SET> 1 <VALUE> 5 <PERM> ('O', 'MB', 'OH', 'S', 'MB', 'OH')
<MATCH_ID> 27840 <TEAM> JTEKT STINGS <SET> 2 <VALUE> 5 <PERM> ('O', 'MB', 'OH', 'S', 'MB', 'OH')
<MATCH_ID> 27841 <TEAM> JTEKT STINGS <SET> 0 <VALUE> 5 <PERM> ('O', 'MB', 'OH', 'S', 'MB', 'OH')
<MATCH_ID> 27841 <TEAM> JTEKT STINGS <SET> 1 <VALUE> 5 <PERM> ('O', 'MB', 'OH', 'S', 'MB', 'OH')
<MATCH_ID> 27841 <TEAM> JTEKT STINGS <SET> 2 <VALUE> 5 <PERM> ('O', 'MB', 'OH', 'S', 'MB', 'OH')
<MATCH_ID> 27847 <TEAM> JT Thunders HIROSHIMA <SET> 2 <VALUE> 5 <PERM> ('OH', 'O', 'MB', 'OH', 'S', 'MB')
<MATCH_ID> 27847 <TEAM> JT Thunders HIROSHIMA <SET> 3 <VALUE> 5 <PERM> ('O', 'MB', 'OH', 'S', 'MB', 'OH')
<MATCH_ID> 27854 <TEAM> SUNTORY Sunbirds <SET> 0 <VALUE> 5 <PERM> ('OH', 'S', 'MB', 'OH', 'O', 'MB')
<MATCH_ID> 27854 <TEAM> SUNTORY Sunbirds <SET> 1 <VALUE> 5 <PERM> ('S', 'MB', 'OH', 'O', 'MB', 'OH')
<MATCH_ID> 27854 <TEAM> SUNTORY Sunbirds <SET> 2 <VALUE> 5 <PERM> ('S', 'MB', 'OH', 'O', 'MB', 'OH')
<MATCH_ID> 27853 <TEAM> SAKAI Blazers <SET> 2 <VALUE> 5 <PERM> ('O', 'MB', 'OH', 'S', 'MB', 'OH')
<MATCH_ID> 27855 <TEAM> SUNTORY Sunbirds <SET> 0 <VALUE> 5 <PERM> ('MB', 'OH', 'S', 'MB', 'OH', 'O')
<MATCH_ID> 27855 <TEAM> SUNTORY Sunbirds <SET> 1 <VALUE> 5 <PERM> ('OH', 'S', 'MB', 'OH', 'O', 'MB')
<MATCH_ID> 27855 <TEAM> SUNTORY Sunbirds <SET> 2 <VALUE> 5 <PERM> ('MB', 'OH', 'S', 'MB', 'OH', 'O')
<MATCH_ID> 27857 <TEAM> JTEKT STINGS <SET> 3 <VALUE> 5 <PERM> ('O', 'MB', 'OH', 'S', 'MB', 'OH')
<MATCH_ID> 28249 <TEAM> SUNTORY Sunbirds <SET> 2 <VALUE> 5 <PERM> ('MB', 'OH', 'S', 'MB', 'OH', 'O')
<MATCH_ID> 28249 <TEAM> SUNTORY Sunbirds <SET> 3 <VALUE> 5 <PERM> ('O', 'MB', 'OH', 'S', 'MB', 'OH')
<MATCH_ID> 28249 <TEAM> SUNTORY Sunbirds <SET> 4 <VALUE> 5 <PERM> ('MB', 'OH', 'S', 'MB', 'OH', 'O')
<MATCH_ID> 28249 <TEAM> SAKAI Blazers <SET> 3 <VALUE> 5 <PERM> ('OH', 'O', 'MB', 'OH', 'S', 'MB')
<MATCH_ID> 28249 <TEAM> SAKAI Blazers <SET> 4 <VALUE> 5 <PERM> ('OH', 'O', 'MB', 'OH', 'S', 'MB')
<MATCH_ID> 28996 <TEAM> VC NAGANO TRIDENTS <SET> 0 <VALUE> 5 <PERM> ('O', 'MB', 'OH', 'S', 'MB', 'OH')
<MATCH_ID> 28996 <TEAM> VC NAGANO TRIDENTS <SET> 1 <VALUE> 5 <PERM> ('OH', 'O', 'MB', 'OH', 'S', 'MB')
<MATCH_ID> 28996 <TEAM> VC NAGANO TRIDENTS <SET> 2 <VALUE> 5 <PERM> ('O', 'MB', 'OH', 'S', 'MB', 'OH')
<MATCH_ID> 28987 <TEAM> JTEKT STINGS <SET> 0 <VALUE> 5 <PERM> ('O', 'MB', 'OH', 'S', 'MB', 'OH')
<MATCH_ID> 28987 <TEAM> JTEKT STINGS <SET> 1 <VALUE> 5 <PERM> ('OH', 'O', 'MB', 'OH', 'S', 'MB')
<MATCH_ID> 28987 <TEAM> JTEKT STINGS <SET> 2 <VALUE> 5 <PERM> ('OH', 'O', 'MB', 'OH', 'S', 'MB')
<MATCH_ID> 28997 <TEAM> VC NAGANO TRIDENTS <SET> 0 <VALUE> 5 <PERM> ('OH', 'O', 'MB', 'OH', 'S', 'MB')
<MATCH_ID> 28997 <TEAM> VC NAGANO TRIDENTS <SET> 1 <VALUE> 5 <PERM> ('OH', 'O', 'MB', 'OH', 'S', 'MB')
<MATCH_ID> 28997 <TEAM> VC NAGANO TRIDENTS <SET> 2 <VALUE> 5 <PERM> ('O', 'MB', 'OH', 'S', 'MB', 'OH')
<MATCH_ID> 28988 <TEAM> JTEKT STINGS <SET> 0 <VALUE> 5 <PERM> ('MB', 'OH', 'O', 'MB', 'OH', 'S')
<MATCH_ID> 28988 <TEAM> JTEKT STINGS <SET> 1 <VALUE> 5 <PERM> ('S', 'MB', 'OH', 'O', 'MB', 'OH')
<MATCH_ID> 28450 <TEAM> JTEKT STINGS <SET> 0 <VALUE> 5 <PERM> ('OH', 'O', 'MB', 'OH', 'S', 'MB')
<MATCH_ID> 28450 <TEAM> JTEKT STINGS <SET> 1 <VALUE> 5 <PERM> ('OH', 'O', 'MB', 'OH', 'S', 'MB')
<MATCH_ID> 28450 <TEAM> JTEKT STINGS <SET> 2 <VALUE> 5 <PERM> ('MB', 'OH', 'S', 'MB', 'OH', 'O')
<MATCH_ID> 28451 <TEAM> JTEKT STINGS <SET> 0 <VALUE> 5 <PERM> ('MB', 'OH', 'O', 'MB', 'OH', 'S')
<MATCH_ID> 28451 <TEAM> JTEKT STINGS <SET> 1 <VALUE> 5 <PERM> ('OH', 'O', 'MB', 'OH', 'S', 'MB')
<MATCH_ID> 28451 <TEAM> JTEKT STINGS <SET> 2 <VALUE> 5 <PERM> ('OH', 'O', 'MB', 'OH', 'S', 'MB')
<MATCH_ID> 28460 <TEAM> JTEKT STINGS <SET> 0 <VALUE> 5 <PERM> ('O', 'MB', 'OH', 'S', 'MB', 'OH')
<MATCH_ID> 28460 <TEAM> JTEKT STINGS <SET> 1 <VALUE> 5 <PERM> ('O', 'MB', 'OH', 'S', 'MB', 'OH')
<MATCH_ID> 28460 <TEAM> JTEKT STINGS <SET> 2 <VALUE> 5 <PERM> ('O', 'MB', 'OH', 'S', 'MB', 'OH')
<MATCH_ID> 28460 <TEAM> JTEKT STINGS <SET> 3 <VALUE> 5 <PERM> ('MB', 'OH', 'S', 'MB', 'OH', 'O')
<MATCH_ID> 28462 <TEAM> VC NAGANO TRIDENTS <SET> 0 <VALUE> 5 <PERM> ('O', 'MB', 'OH', 'S', 'MB', 'OH')
<MATCH_ID> 28462 <TEAM> VC NAGANO TRIDENTS <SET> 1 <VALUE> 5 <PERM> ('OH', 'O', 'MB', 'OH', 'S', 'MB')
<MATCH_ID> 28461 <TEAM> JTEKT STINGS <SET> 0 <VALUE> 5 <PERM> ('OH', 'O', 'MB', 'OH', 'S', 'MB')
<MATCH_ID> 28461 <TEAM> JTEKT STINGS <SET> 1 <VALUE> 5 <PERM> ('OH', 'O', 'MB', 'OH', 'S', 'MB')
<MATCH_ID> 28461 <TEAM> JTEKT STINGS <SET> 2 <VALUE> 5 <PERM> ('OH', 'O', 'MB', 'OH', 'S', 'MB')
<MATCH_ID> 28470 <TEAM> JTEKT STINGS <SET> 0 <VALUE> 5 <PERM> ('MB', 'OH', 'O', 'MB', 'OH', 'S')
<MATCH_ID> 28470 <TEAM> JTEKT STINGS <SET> 1 <VALUE> 5 <PERM> ('OH', 'O', 'MB', 'OH', 'S', 'MB')
<MATCH_ID> 28470 <TEAM> JTEKT STINGS <SET> 2 <VALUE> 5 <PERM> ('O', 'MB', 'OH', 'S', 'MB', 'OH')
<MATCH_ID> 28470 <TEAM> JTEKT STINGS <SET> 3 <VALUE> 5 <PERM> ('MB', 'OH', 'S', 'MB', 'OH', 'O')
<MATCH_ID> 28472 <TEAM> NIPPON STEEL SAKAI BLAZERS <SET> 2 <VALUE> 5 <PERM> ('OH', 'O', 'MB', 'OH', 'S', 'MB')
<MATCH_ID> 28479 <TEAM> VC NAGANO TRIDENTS <SET> 0 <VALUE> 5 <PERM> ('O', 'MB', 'OH', 'S', 'MB', 'OH')
<MATCH_ID> 28479 <TEAM> VC NAGANO TRIDENTS <SET> 1 <VALUE> 5 <PERM> ('OH', 'O', 'MB', 'OH', 'S', 'MB')
<MATCH_ID> 28479 <TEAM> VC NAGANO TRIDENTS <SET> 2 <VALUE> 5 <PERM> ('O', 'MB', 'OH', 'S', 'MB', 'OH')
<MATCH_ID> 28471 <TEAM> JTEKT STINGS <SET> 0 <VALUE> 5 <PERM> ('O', 'MB', 'OH', 'S', 'MB', 'OH')
<MATCH_ID> 28471 <TEAM> JTEKT STINGS <SET> 1 <VALUE> 5 <PERM> ('OH', 'S', 'MB', 'OH', 'O', 'MB')
<MATCH_ID> 28471 <TEAM> JTEKT STINGS <SET> 2 <VALUE> 5 <PERM> ('OH', 'O', 'MB', 'OH', 'S', 'MB')
<MATCH_ID> 28471 <TEAM> JTEKT STINGS <SET> 3 <VALUE> 5 <PERM> ('OH', 'O', 'MB', 'OH', 'S', 'MB')
<MATCH_ID> 28477 <TEAM> Tokyo Great Bears <SET> 0 <VALUE> 5 <PERM> ('MB', 'OH', 'S', 'MB', 'OH', 'O')
<MATCH_ID> 28482 <TEAM> JTEKT STINGS <SET> 0 <VALUE> 5 <PERM> ('OH', 'O', 'MB', 'OH', 'S', 'MB')
<MATCH_ID> 28482 <TEAM> JTEKT STINGS <SET> 1 <VALUE> 5 <PERM> ('O', 'MB', 'OH', 'S', 'MB', 'OH')
<MATCH_ID> 28482 <TEAM> JTEKT STINGS <SET> 2 <VALUE> 5 <PERM> ('OH', 'O', 'MB', 'OH', 'S', 'MB')
<MATCH_ID> 28482 <TEAM> JTEKT STINGS <SET> 3 <VALUE> 5 <PERM> ('OH', 'O', 'MB', 'OH', 'S', 'MB')
<MATCH_ID> 28483 <TEAM> JTEKT STINGS <SET> 0 <VALUE> 5 <PERM> ('MB', 'OH', 'S', 'MB', 'OH', 'O')
<MATCH_ID> 28483 <TEAM> JTEKT STINGS <SET> 1 <VALUE> 5 <PERM> ('OH', 'O', 'MB', 'OH', 'S', 'MB')
<MATCH_ID> 28483 <TEAM> JTEKT STINGS <SET> 2 <VALUE> 5 <PERM> ('OH', 'O', 'MB', 'OH', 'S', 'MB')
<MATCH_ID> 28496 <TEAM> JTEKT STINGS <SET> 0 <VALUE> 5 <PERM> ('MB', 'OH', 'S', 'MB', 'OH', 'O')
<MATCH_ID> 28496 <TEAM> JTEKT STINGS <SET> 1 <VALUE> 5 <PERM> ('MB', 'OH', 'S', 'MB', 'OH', 'O')
<MATCH_ID> 28496 <TEAM> JTEKT STINGS <SET> 2 <VALUE> 5 <PERM> ('MB', 'OH', 'S', 'MB', 'OH', 'O')
<MATCH_ID> 28496 <TEAM> JTEKT STINGS <SET> 3 <VALUE> 5 <PERM> ('OH', 'O', 'MB', 'OH', 'S', 'MB')
<MATCH_ID> 28498 <TEAM> VC NAGANO TRIDENTS <SET> 0 <VALUE> 5 <PERM> ('OH', 'O', 'MB', 'OH', 'S', 'MB')
<MATCH_ID> 28498 <TEAM> VC NAGANO TRIDENTS <SET> 1 <VALUE> 5 <PERM> ('O', 'MB', 'OH', 'S', 'MB', 'OH')
<MATCH_ID> 28498 <TEAM> VC NAGANO TRIDENTS <SET> 2 <VALUE> 5 <PERM> ('MB', 'OH', 'S', 'MB', 'OH', 'O')
<MATCH_ID> 28498 <TEAM> VC NAGANO TRIDENTS <SET> 3 <VALUE> 5 <PERM> ('OH', 'O', 'MB', 'OH', 'S', 'MB')
<MATCH_ID> 28497 <TEAM> JTEKT STINGS <SET> 0 <VALUE> 5 <PERM> ('MB', 'OH', 'S', 'MB', 'OH', 'O')
<MATCH_ID> 28497 <TEAM> JTEKT STINGS <SET> 1 <VALUE> 5 <PERM> ('OH', 'S', 'MB', 'OH', 'O', 'MB')
<MATCH_ID> 28497 <TEAM> JTEKT STINGS <SET> 2 <VALUE> 5 <PERM> ('O', 'MB', 'OH', 'S', 'MB', 'OH')
<MATCH_ID> 28497 <TEAM> JTEKT STINGS <SET> 3 <VALUE> 5 <PERM> ('O', 'MB', 'OH', 'S', 'MB', 'OH')
<MATCH_ID> 28499 <TEAM> VC NAGANO TRIDENTS <SET> 0 <VALUE> 5 <PERM> ('OH', 'O', 'MB', 'OH', 'S', 'MB')
<MATCH_ID> 28499 <TEAM> VC NAGANO TRIDENTS <SET> 1 <VALUE> 5 <PERM> ('O', 'MB', 'OH', 'S', 'MB', 'OH')
<MATCH_ID> 28499 <TEAM> VC NAGANO TRIDENTS <SET> 2 <VALUE> 5 <PERM> ('OH', 'O', 'MB', 'OH', 'S', 'MB')
<MATCH_ID> 28499 <TEAM> VC NAGANO TRIDENTS <SET> 3 <VALUE> 5 <PERM> ('O', 'MB', 'OH', 'S', 'MB', 'OH')
<MATCH_ID> 28504 <TEAM> JTEKT STINGS <SET> 0 <VALUE> 5 <PERM> ('OH', 'O', 'MB', 'OH', 'S', 'MB')
<MATCH_ID> 28504 <TEAM> JTEKT STINGS <SET> 1 <VALUE> 5 <PERM> ('O', 'MB', 'OH', 'S', 'MB', 'OH')
<MATCH_ID> 28504 <TEAM> JTEKT STINGS <SET> 2 <VALUE> 5 <PERM> ('OH', 'O', 'MB', 'OH', 'S', 'MB')
<MATCH_ID> 28504 <TEAM> JTEKT STINGS <SET> 3 <VALUE> 5 <PERM> ('O', 'MB', 'OH', 'S', 'MB', 'OH')
<MATCH_ID> 28509 <TEAM> WOLFDOGS NAGOYA <SET> 4 <VALUE> 5 <PERM> ('S', 'MB', 'OH', 'O', 'MB', 'OH')
<MATCH_ID> 28505 <TEAM> JTEKT STINGS <SET> 0 <VALUE> 5 <PERM> ('OH', 'O', 'MB', 'OH', 'S', 'MB')
<MATCH_ID> 28505 <TEAM> JTEKT STINGS <SET> 1 <VALUE> 5 <PERM> ('OH', 'O', 'MB', 'OH', 'S', 'MB')
<MATCH_ID> 28505 <TEAM> JTEKT STINGS <SET> 2 <VALUE> 5 <PERM> ('O', 'MB', 'OH', 'S', 'MB', 'OH')
<MATCH_ID> 28505 <TEAM> JTEKT STINGS <SET> 3 <VALUE> 5 <PERM> ('OH', 'O', 'MB', 'OH', 'S', 'MB')
<MATCH_ID> 28518 <TEAM> JTEKT STINGS <SET> 0 <VALUE> 5 <PERM> ('OH', 'O', 'MB', 'OH', 'S', 'MB')
<MATCH_ID> 28518 <TEAM> JTEKT STINGS <SET> 1 <VALUE> 5 <PERM> ('OH', 'O', 'MB', 'OH', 'S', 'MB')
<MATCH_ID> 28518 <TEAM> JTEKT STINGS <SET> 2 <VALUE> 5 <PERM> ('OH', 'O', 'MB', 'OH', 'S', 'MB')
<MATCH_ID> 28519 <TEAM> VC NAGANO TRIDENTS <SET> 2 <VALUE> 5 <PERM> ('O', 'MB', 'OH', 'S', 'MB', 'OH')
<MATCH_ID> 28519 <TEAM> JTEKT STINGS <SET> 0 <VALUE> 5 <PERM> ('OH', 'O', 'MB', 'OH', 'S', 'MB')
<MATCH_ID> 28519 <TEAM> JTEKT STINGS <SET> 1 <VALUE> 5 <PERM> ('O', 'MB', 'OH', 'S', 'MB', 'OH')
<MATCH_ID> 28519 <TEAM> JTEKT STINGS <SET> 2 <VALUE> 5 <PERM> ('O', 'MB', 'OH', 'S', 'MB', 'OH')
<MATCH_ID> 28517 <TEAM> Tokyo Great Bears <SET> 0 <VALUE> 5 <PERM> ('O', 'MB', 'OH', 'S', 'MB', 'OH')
<MATCH_ID> 28517 <TEAM> Tokyo Great Bears <SET> 1 <VALUE> 5 <PERM> ('OH', 'O', 'MB', 'OH', 'S', 'MB')
<MATCH_ID> 28517 <TEAM> Tokyo Great Bears <SET> 2 <VALUE> 5 <PERM> ('OH', 'O', 'MB', 'OH', 'S', 'MB')
<MATCH_ID> 28517 <TEAM> Tokyo Great Bears <SET> 3 <VALUE> 5 <PERM> ('MB', 'OH', 'O', 'MB', 'OH', 'S')
<MATCH_ID> 28520 <TEAM> Tokyo Great Bears <SET> 0 <VALUE> 5 <PERM> ('OH', 'O', 'MB', 'OH', 'S', 'MB')
<MATCH_ID> 28520 <TEAM> Tokyo Great Bears <SET> 1 <VALUE> 5 <PERM> ('OH', 'O', 'MB', 'OH', 'S', 'MB')
<MATCH_ID> 28520 <TEAM> Tokyo Great Bears <SET> 2 <VALUE> 5 <PERM> ('MB', 'OH', 'O', 'MB', 'OH', 'S')
<MATCH_ID> 28521 <TEAM> Tokyo Great Bears <SET> 0 <VALUE> 5 <PERM> ('OH', 'O', 'MB', 'OH', 'S', 'MB')
<MATCH_ID> 28521 <TEAM> Tokyo Great Bears <SET> 1 <VALUE> 5 <PERM> ('OH', 'O', 'MB', 'OH', 'S', 'MB')
<MATCH_ID> 28521 <TEAM> Tokyo Great Bears <SET> 2 <VALUE> 5 <PERM> ('OH', 'O', 'MB', 'OH', 'S', 'MB')
<MATCH_ID> 28522 <TEAM> SUNTORY Sunbirds <SET> 0 <VALUE> 5 <PERM> ('OH', 'O', 'MB', 'OH', 'S', 'MB')
<MATCH_ID> 28522 <TEAM> SUNTORY Sunbirds <SET> 1 <VALUE> 5 <PERM> ('O', 'MB', 'OH', 'S', 'MB', 'OH')
<MATCH_ID> 28522 <TEAM> SUNTORY Sunbirds <SET> 2 <VALUE> 5 <PERM> ('OH', 'O', 'MB', 'OH', 'S', 'MB')
<MATCH_ID> 28522 <TEAM> SUNTORY Sunbirds <SET> 3 <VALUE> 5 <PERM> ('MB', 'OH', 'O', 'MB', 'OH', 'S')
<MATCH_ID> 28522 <TEAM> SUNTORY Sunbirds <SET> 4 <VALUE> 5 <PERM> ('MB', 'OH', 'O', 'MB', 'OH', 'S')
<MATCH_ID> 28523 <TEAM> SUNTORY Sunbirds <SET> 0 <VALUE> 5 <PERM> ('OH', 'O', 'MB', 'OH', 'S', 'MB')
<MATCH_ID> 28523 <TEAM> SUNTORY Sunbirds <SET> 1 <VALUE> 5 <PERM> ('O', 'MB', 'OH', 'S', 'MB', 'OH')
<MATCH_ID> 28523 <TEAM> SUNTORY Sunbirds <SET> 2 <VALUE> 5 <PERM> ('OH', 'O', 'MB', 'OH', 'S', 'MB')
<MATCH_ID> 28524 <TEAM> Tokyo Great Bears <SET> 0 <VALUE> 5 <PERM> ('O', 'MB', 'OH', 'S', 'MB', 'OH')
<MATCH_ID> 28524 <TEAM> Tokyo Great Bears <SET> 1 <VALUE> 5 <PERM> ('O', 'MB', 'OH', 'S', 'MB', 'OH')
<MATCH_ID> 28524 <TEAM> Tokyo Great Bears <SET> 2 <VALUE> 5 <PERM> ('O', 'MB', 'OH', 'S', 'MB', 'OH')
<MATCH_ID> 28524 <TEAM> Tokyo Great Bears <SET> 3 <VALUE> 5 <PERM> ('MB', 'OH', 'S', 'MB', 'OH', 'O')
<MATCH_ID> 28525 <TEAM> Tokyo Great Bears <SET> 0 <VALUE> 5 <PERM> ('O', 'MB', 'OH', 'S', 'MB', 'OH')
<MATCH_ID> 28525 <TEAM> Tokyo Great Bears <SET> 1 <VALUE> 5 <PERM> ('O', 'MB', 'OH', 'S', 'MB', 'OH')
<MATCH_ID> 28525 <TEAM> Tokyo Great Bears <SET> 2 <VALUE> 5 <PERM> ('O', 'MB', 'OH', 'S', 'MB', 'OH')
<MATCH_ID> 28530 <TEAM> JTEKT STINGS <SET> 0 <VALUE> 5 <PERM> ('O', 'MB', 'OH', 'S', 'MB', 'OH')
<MATCH_ID> 28530 <TEAM> JTEKT STINGS <SET> 1 <VALUE> 5 <PERM> ('MB', 'OH', 'S', 'MB', 'OH', 'O')
<MATCH_ID> 28530 <TEAM> JTEKT STINGS <SET> 2 <VALUE> 5 <PERM> ('OH', 'O', 'MB', 'OH', 'S', 'MB')
<MATCH_ID> 28530 <TEAM> JTEKT STINGS <SET> 3 <VALUE> 5 <PERM> ('OH', 'O', 'MB', 'OH', 'S', 'MB')
<MATCH_ID> 28531 <TEAM> JTEKT STINGS <SET> 0 <VALUE> 5 <PERM> ('MB', 'OH', 'O', 'MB', 'OH', 'S')
<MATCH_ID> 28531 <TEAM> JTEKT STINGS <SET> 1 <VALUE> 5 <PERM> ('S', 'MB', 'OH', 'O', 'MB', 'OH')
<MATCH_ID> 28531 <TEAM> JTEKT STINGS <SET> 2 <VALUE> 5 <PERM> ('OH', 'O', 'MB', 'OH', 'S', 'MB')
<MATCH_ID> 28531 <TEAM> JTEKT STINGS <SET> 3 <VALUE> 5 <PERM> ('MB', 'OH', 'S', 'MB', 'OH', 'O')
<MATCH_ID> 28533 <TEAM> VOREAS <SET> 2 <VALUE> 4 <PERM> ('OH', 'MB', 'S', 'OH', 'MB', 'O')
<MATCH_ID> 28538 <TEAM> Tokyo Great Bears <SET> 0 <VALUE> 5 <PERM> ('O', 'MB', 'OH', 'S', 'MB', 'OH')
<MATCH_ID> 28538 <TEAM> Tokyo Great Bears <SET> 1 <VALUE> 5 <PERM> ('OH', 'O', 'MB', 'OH', 'S', 'MB')
<MATCH_ID> 28535 <TEAM> JTEKT STINGS <SET> 1 <VALUE> 5 <PERM> ('O', 'MB', 'OH', 'S', 'MB', 'OH')
<MATCH_ID> 28535 <TEAM> JTEKT STINGS <SET> 2 <VALUE> 5 <PERM> ('MB', 'OH', 'O', 'MB', 'OH', 'S')
<MATCH_ID> 28539 <TEAM> Tokyo Great Bears <SET> 0 <VALUE> 5 <PERM> ('MB', 'OH', 'O', 'MB', 'OH', 'S')
<MATCH_ID> 28548 <TEAM> Tokyo Great Bears <SET> 0 <VALUE> 5 <PERM> ('O', 'MB', 'OH', 'S', 'MB', 'OH')
<MATCH_ID> 28544 <TEAM> JTEKT STINGS <SET> 0 <VALUE> 5 <PERM> ('OH', 'S', 'MB', 'OH', 'O', 'MB')
<MATCH_ID> 28544 <TEAM> JTEKT STINGS <SET> 1 <VALUE> 5 <PERM> ('OH', 'S', 'MB', 'OH', 'O', 'MB')
<MATCH_ID> 28544 <TEAM> JTEKT STINGS <SET> 2 <VALUE> 5 <PERM> ('MB', 'OH', 'S', 'MB', 'OH', 'O')
<MATCH_ID> 28567 <TEAM> VC NAGANO TRIDENTS <SET> 1 <VALUE> 5 <PERM> ('O', 'MB', 'OH', 'S', 'MB', 'OH')
<MATCH_ID> 28567 <TEAM> VC NAGANO TRIDENTS <SET> 2 <VALUE> 5 <PERM> ('OH', 'O', 'MB', 'OH', 'S', 'MB')
<MATCH_ID> 28586 <TEAM> JTEKT STINGS <SET> 0 <VALUE> 5 <PERM> ('MB', 'OH', 'S', 'MB', 'OH', 'O')
<MATCH_ID> 28586 <TEAM> JTEKT STINGS <SET> 1 <VALUE> 5 <PERM> ('OH', 'O', 'MB', 'OH', 'S', 'MB')
<MATCH_ID> 28586 <TEAM> JTEKT STINGS <SET> 2 <VALUE> 5 <PERM> ('OH', 'O', 'MB', 'OH', 'S', 'MB')
<MATCH_ID> 28586 <TEAM> JTEKT STINGS <SET> 3 <VALUE> 5 <PERM> ('OH', 'O', 'MB', 'OH', 'S', 'MB')
<MATCH_ID> 28587 <TEAM> JTEKT STINGS <SET> 0 <VALUE> 5 <PERM> ('OH', 'O', 'MB', 'OH', 'S', 'MB')
<MATCH_ID> 28587 <TEAM> JTEKT STINGS <SET> 1 <VALUE> 5 <PERM> ('MB', 'OH', 'O', 'MB', 'OH', 'S')
<MATCH_ID> 28587 <TEAM> JTEKT STINGS <SET> 2 <VALUE> 5 <PERM> ('OH', 'O', 'MB', 'OH', 'S', 'MB')
<MATCH_ID> 28596 <TEAM> JTEKT STINGS <SET> 0 <VALUE> 5 <PERM> ('OH', 'O', 'MB', 'OH', 'S', 'MB')
<MATCH_ID> 28596 <TEAM> JTEKT STINGS <SET> 1 <VALUE> 5 <PERM> ('OH', 'O', 'MB', 'OH', 'S', 'MB')
<MATCH_ID> 28592 <TEAM> WOLFDOGS NAGOYA <SET> 0 <VALUE> 5 <PERM> ('O', 'MB', 'OH', 'S', 'MB', 'OH')
<MATCH_ID> 28592 <TEAM> WOLFDOGS NAGOYA <SET> 1 <VALUE> 5 <PERM> ('O', 'MB', 'OH', 'S', 'MB', 'OH')
<MATCH_ID> 28597 <TEAM> JTEKT STINGS <SET> 0 <VALUE> 5 <PERM> ('OH', 'O', 'MB', 'OH', 'S', 'MB')
<MATCH_ID> 28597 <TEAM> JTEKT STINGS <SET> 1 <VALUE> 5 <PERM> ('OH', 'O', 'MB', 'OH', 'S', 'MB')
<MATCH_ID> 28597 <TEAM> JTEKT STINGS <SET> 2 <VALUE> 5 <PERM> ('MB', 'OH', 'O', 'MB', 'OH', 'S')
<MATCH_ID> 28597 <TEAM> JTEKT STINGS <SET> 3 <VALUE> 5 <PERM> ('OH', 'O', 'MB', 'OH', 'S', 'MB')
<MATCH_ID> 28597 <TEAM> JTEKT STINGS <SET> 4 <VALUE> 5 <PERM> ('OH', 'O', 'MB', 'OH', 'S', 'MB')
<MATCH_ID> 28602 <TEAM> JTEKT STINGS <SET> 0 <VALUE> 5 <PERM> ('OH', 'O', 'MB', 'OH', 'S', 'MB')
<MATCH_ID> 28602 <TEAM> JTEKT STINGS <SET> 1 <VALUE> 5 <PERM> ('OH', 'O', 'MB', 'OH', 'S', 'MB')
<MATCH_ID> 28607 <TEAM> NIPPON STEEL SAKAI BLAZERS <SET> 2 <VALUE> 5 <PERM> ('MB', 'OH', 'S', 'MB', 'OH', 'O')
<MATCH_ID> 28607 <TEAM> NIPPON STEEL SAKAI BLAZERS <SET> 3 <VALUE> 5 <PERM> ('O', 'MB', 'OH', 'S', 'MB', 'OH')
<MATCH_ID> 28612 <TEAM> WOLFDOGS NAGOYA <SET> 2 <VALUE> 5 <PERM> ('O', 'MB', 'OH', 'S', 'MB', 'OH')
<MATCH_ID> 28612 <TEAM> WOLFDOGS NAGOYA <SET> 3 <VALUE> 5 <PERM> ('O', 'MB', 'OH', 'S', 'MB', 'OH')
<MATCH_ID> 28618 <TEAM> JT Thunders HIROSHIMA <SET> 0 <VALUE> 5 <PERM> ('O', 'MB', 'OH', 'S', 'MB', 'OH')
<MATCH_ID> 28618 <TEAM> JT Thunders HIROSHIMA <SET> 1 <VALUE> 5 <PERM> ('MB', 'OH', 'O', 'MB', 'OH', 'S')
<MATCH_ID> 28618 <TEAM> JT Thunders HIROSHIMA <SET> 2 <VALUE> 5 <PERM> ('OH', 'O', 'MB', 'OH', 'S', 'MB')
<MATCH_ID> 28613 <TEAM> WOLFDOGS NAGOYA <SET> 3 <VALUE> 5 <PERM> ('O', 'MB', 'OH', 'S', 'MB', 'OH')
<MATCH_ID> 28613 <TEAM> WOLFDOGS NAGOYA <SET> 4 <VALUE> 5 <PERM> ('OH', 'S', 'MB', 'OH', 'O', 'MB')
<MATCH_ID> 28613 <TEAM> Tokyo Great Bears <SET> 4 <VALUE> 5 <PERM> ('O', 'MB', 'OH', 'S', 'MB', 'OH')
<MATCH_ID> 28617 <TEAM> NIPPON STEEL SAKAI BLAZERS <SET> 0 <VALUE> 5 <PERM> ('O', 'MB', 'OH', 'S', 'MB', 'OH')
<MATCH_ID> 28617 <TEAM> NIPPON STEEL SAKAI BLAZERS <SET> 1 <VALUE> 5 <PERM> ('OH', 'O', 'MB', 'OH', 'S', 'MB')
<MATCH_ID> 28617 <TEAM> NIPPON STEEL SAKAI BLAZERS <SET> 2 <VALUE> 5 <PERM> ('OH', 'S', 'MB', 'OH', 'O', 'MB')
<MATCH_ID> 28619 <TEAM> JT Thunders HIROSHIMA <SET> 0 <VALUE> 5 <PERM> ('O', 'MB', 'OH', 'S', 'MB', 'OH')
<MATCH_ID> 28619 <TEAM> JT Thunders HIROSHIMA <SET> 1 <VALUE> 5 <PERM> ('O', 'MB', 'OH', 'S', 'MB', 'OH')
<MATCH_ID> 28619 <TEAM> JT Thunders HIROSHIMA <SET> 2 <VALUE> 5 <PERM> ('O', 'MB', 'OH', 'S', 'MB', 'OH')
