<MATCH_ID> 1100794 <TEAM> Stal Nysa <SET> 0 <VALUE> 5 <PERM> ('S', 'OH', 'MB', 'O', 'OH', 'MB')
<MATCH_ID> 1100794 <TEAM> Stal Nysa <SET> 1 <VALUE> 5 <PERM> ('MB', 'S', 'OH', 'MB', 'O', 'OH')
<MATCH_ID> 1100794 <TEAM> Stal Nysa <SET> 2 <VALUE> 5 <PERM> ('OH', 'MB', 'S', 'OH', 'MB', 'O')
<MATCH_ID> 1100796 <TEAM> Asseco Resovia Rzeszów <SET> 0 <VALUE> 5 <PERM> ('O', 'OH', 'MB', 'S', 'OH', 'MB')
<MATCH_ID> 1100796 <TEAM> Asseco Resovia Rzeszów <SET> 1 <VALUE> 5 <PERM> ('MB', 'S', 'OH', 'MB', 'O', 'OH')
<MATCH_ID> 1100796 <TEAM> Asseco Resovia Rzeszów <SET> 2 <VALUE> 5 <PERM> ('S', 'OH', 'MB', 'O', 'OH', 'MB')
<MATCH_ID> 1100796 <TEAM> Asseco Resovia Rzeszów <SET> 3 <VALUE> 5 <PERM> ('MB', 'O', 'OH', 'MB', 'S', 'OH')
<MATCH_ID> 1100796 <TEAM> Asseco Resovia Rzeszów <SET> 4 <VALUE> 5 <PERM> ('OH', 'MB', 'O', 'OH', 'MB', 'S')
<MATCH_ID> 1101002 <TEAM> Stal Nysa <SET> 1 <VALUE> 5 <PERM> ('OH', 'MB', 'O', 'OH', 'MB', 'S')
<MATCH_ID> 1101002 <TEAM> Stal Nysa <SET> 2 <VALUE> 5 <PERM> ('MB', 'O', 'OH', 'MB', 'S', 'OH')
<MATCH_ID> 1101002 <TEAM> Stal Nysa <SET> 3 <VALUE> 5 <PERM> ('MB', 'S', 'OH', 'MB', 'O', 'OH')
<MATCH_ID> 1101004 <TEAM> Asseco Resovia Rzeszów <SET> 2 <VALUE> 5 <PERM> ('O', 'OH', 'MB', 'S', 'OH', 'MB')
<MATCH_ID> 1101004 <TEAM> Asseco Resovia Rzeszów <SET> 3 <VALUE> 5 <PERM> ('OH', 'MB', 'O', 'OH', 'MB', 'S')
<MATCH_ID> 1101005 <TEAM> Asseco Resovia Rzeszów <SET> 0 <VALUE> 5 <PERM> ('MB', 'S', 'OH', 'MB', 'O', 'OH')
<MATCH_ID> 1101005 <TEAM> Asseco Resovia Rzeszów <SET> 1 <VALUE> 5 <PERM> ('MB', 'S', 'OH', 'MB', 'O', 'OH')
<MATCH_ID> 1101005 <TEAM> Asseco Resovia Rzeszów <SET> 2 <VALUE> 5 <PERM> ('MB', 'O', 'OH', 'MB', 'S', 'OH')
<MATCH_ID> 1101024 <TEAM> Asseco Resovia Rzeszów <SET> 3 <VALUE> 5 <PERM> ('O', 'OH', 'MB', 'S', 'OH', 'MB')
<MATCH_ID> 1101024 <TEAM> Asseco Resovia Rzeszów <SET> 4 <VALUE> 5 <PERM> ('O', 'OH', 'MB', 'S', 'OH', 'MB')
<MATCH_ID> 1101030 <TEAM> Stal Nysa <SET> 0 <VALUE> 5 <PERM> ('S', 'OH', 'MB', 'O', 'OH', 'MB')
<MATCH_ID> 1101030 <TEAM> Stal Nysa <SET> 1 <VALUE> 5 <PERM> ('MB', 'S', 'OH', 'MB', 'O', 'OH')
<MATCH_ID> 1101030 <TEAM> Stal Nysa <SET> 2 <VALUE> 5 <PERM> ('S', 'OH', 'MB', 'O', 'OH', 'MB')
<MATCH_ID> 1101030 <TEAM> Stal Nysa <SET> 3 <VALUE> 5 <PERM> ('OH', 'MB', 'S', 'OH', 'MB', 'O')
<MATCH_ID> 1101030 <TEAM> Stal Nysa <SET> 4 <VALUE> 5 <PERM> ('MB', 'S', 'OH', 'MB', 'O', 'OH')
<MATCH_ID> 1101032 <TEAM> Stal Nysa <SET> 0 <VALUE> 5 <PERM> ('O', 'OH', 'MB', 'S', 'OH', 'MB')
<MATCH_ID> 1101032 <TEAM> Stal Nysa <SET> 1 <VALUE> 5 <PERM> ('S', 'OH', 'MB', 'O', 'OH', 'MB')
<MATCH_ID> 1101032 <TEAM> Stal Nysa <SET> 2 <VALUE> 5 <PERM> ('MB', 'S', 'OH', 'MB', 'O', 'OH')
<MATCH_ID> 1101032 <TEAM> Stal Nysa <SET> 3 <VALUE> 5 <PERM> ('S', 'OH', 'MB', 'O', 'OH', 'MB')
<MATCH_ID> 1101049 <TEAM> Asseco Resovia Rzeszów <SET> 0 <VALUE> 5 <PERM> ('MB', 'S', 'OH', 'MB', 'O', 'OH')
<MATCH_ID> 1101049 <TEAM> Asseco Resovia Rzeszów <SET> 1 <VALUE> 5 <PERM> ('MB', 'O', 'OH', 'MB', 'S', 'OH')
<MATCH_ID> 1101049 <TEAM> Asseco Resovia Rzeszów <SET> 2 <VALUE> 5 <PERM> ('MB', 'O', 'OH', 'MB', 'S', 'OH')
<MATCH_ID> 1101049 <TEAM> Asseco Resovia Rzeszów <SET> 3 <VALUE> 5 <PERM> ('OH', 'MB', 'O', 'OH', 'MB', 'S')
<MATCH_ID> 1101062 <TEAM> Asseco Resovia Rzeszów <SET> 0 <VALUE> 5 <PERM> ('MB', 'O', 'OH', 'MB', 'S', 'OH')
<MATCH_ID> 1101062 <TEAM> Asseco Resovia Rzeszów <SET> 1 <VALUE> 5 <PERM> ('O', 'OH', 'MB', 'S', 'OH', 'MB')
<MATCH_ID> 1101062 <TEAM> Asseco Resovia Rzeszów <SET> 2 <VALUE> 5 <PERM> ('MB', 'O', 'OH', 'MB', 'S', 'OH')
<MATCH_ID> 1101062 <TEAM> Asseco Resovia Rzeszów <SET> 3 <VALUE> 5 <PERM> ('O', 'OH', 'MB', 'S', 'OH', 'MB')
<MATCH_ID> 1101062 <TEAM> Asseco Resovia Rzeszów <SET> 4 <VALUE> 5 <PERM> ('O', 'OH', 'MB', 'S', 'OH', 'MB')
<MATCH_ID> 1101070 <TEAM> Stal Nysa <SET> 0 <VALUE> 5 <PERM> ('S', 'OH', 'MB', 'O', 'OH', 'MB')
<MATCH_ID> 1101070 <TEAM> Stal Nysa <SET> 1 <VALUE> 5 <PERM> ('MB', 'S', 'OH', 'MB', 'O', 'OH')
<MATCH_ID> 1101070 <TEAM> Stal Nysa <SET> 2 <VALUE> 5 <PERM> ('S', 'OH', 'MB', 'O', 'OH', 'MB')
<MATCH_ID> 1101070 <TEAM> Stal Nysa <SET> 3 <VALUE> 5 <PERM> ('MB', 'S', 'OH', 'MB', 'O', 'OH')
<MATCH_ID> 1101070 <TEAM> Stal Nysa <SET> 4 <VALUE> 5 <PERM> ('O', 'OH', 'MB', 'S', 'OH', 'MB')
<MATCH_ID> 1101080 <TEAM> Cuprum Lubin <SET> 2 <VALUE> 5 <PERM> ('OH', 'MB', 'S', 'OH', 'MB', 'O')
<MATCH_ID> 1101090 <TEAM> Asseco Resovia Rzeszów <SET> 0 <VALUE> 5 <PERM> ('MB', 'O', 'OH', 'MB', 'S', 'OH')
<MATCH_ID> 1101090 <TEAM> Asseco Resovia Rzeszów <SET> 1 <VALUE> 5 <PERM> ('OH', 'MB', 'O', 'OH', 'MB', 'S')
<MATCH_ID> 1101090 <TEAM> Asseco Resovia Rzeszów <SET> 2 <VALUE> 5 <PERM> ('S', 'OH', 'MB', 'O', 'OH', 'MB')
<MATCH_ID> 1101091 <TEAM> Stal Nysa <SET> 0 <VALUE> 5 <PERM> ('OH', 'MB', 'O', 'OH', 'MB', 'S')
<MATCH_ID> 1101091 <TEAM> Stal Nysa <SET> 1 <VALUE> 5 <PERM> ('OH', 'MB', 'O', 'OH', 'MB', 'S')
<MATCH_ID> 1101091 <TEAM> Stal Nysa <SET> 2 <VALUE> 5 <PERM> ('MB', 'S', 'OH', 'MB', 'O', 'OH')
<MATCH_ID> 1101106 <TEAM> Asseco Resovia Rzeszów <SET> 1 <VALUE> 5 <PERM> ('O', 'OH', 'MB', 'S', 'OH', 'MB')
<MATCH_ID> 1101106 <TEAM> Asseco Resovia Rzeszów <SET> 2 <VALUE> 5 <PERM> ('O', 'OH', 'MB', 'S', 'OH', 'MB')
<MATCH_ID> 1101106 <TEAM> Asseco Resovia Rzeszów <SET> 3 <VALUE> 5 <PERM> ('O', 'OH', 'MB', 'S', 'OH', 'MB')
<MATCH_ID> 1101106 <TEAM> Asseco Resovia Rzeszów <SET> 4 <VALUE> 5 <PERM> ('S', 'OH', 'MB', 'O', 'OH', 'MB')
<MATCH_ID> 1101114 <TEAM> Stal Nysa <SET> 0 <VALUE> 5 <PERM> ('S', 'OH', 'MB', 'O', 'OH', 'MB')
<MATCH_ID> 1101114 <TEAM> Stal Nysa <SET> 1 <VALUE> 5 <PERM> ('MB', 'S', 'OH', 'MB', 'O', 'OH')
<MATCH_ID> 1101114 <TEAM> Stal Nysa <SET> 2 <VALUE> 5 <PERM> ('S', 'OH', 'MB', 'O', 'OH', 'MB')
<MATCH_ID> 1101114 <TEAM> Stal Nysa <SET> 3 <VALUE> 5 <PERM> ('MB', 'S', 'OH', 'MB', 'O', 'OH')
<MATCH_ID> 1101114 <TEAM> Stal Nysa <SET> 4 <VALUE> 5 <PERM> ('S', 'OH', 'MB', 'O', 'OH', 'MB')
<MATCH_ID> 1101114 <TEAM> Asseco Resovia Rzeszów <SET> 4 <VALUE> 5 <PERM> ('S', 'OH', 'MB', 'O', 'OH', 'MB')
<MATCH_ID> 1101124 <TEAM> Asseco Resovia Rzeszów <SET> 0 <VALUE> 5 <PERM> ('MB', 'O', 'OH', 'MB', 'S', 'OH')
<MATCH_ID> 1101124 <TEAM> Asseco Resovia Rzeszów <SET> 1 <VALUE> 5 <PERM> ('O', 'OH', 'MB', 'S', 'OH', 'MB')
<MATCH_ID> 1101124 <TEAM> Asseco Resovia Rzeszów <SET> 2 <VALUE> 5 <PERM> ('MB', 'S', 'OH', 'MB', 'O', 'OH')
<MATCH_ID> 1101128 <TEAM> Asseco Resovia Rzeszów <SET> 3 <VALUE> 5 <PERM> ('MB', 'O', 'OH', 'MB', 'S', 'OH')
<MATCH_ID> 1101136 <TEAM> Stal Nysa <SET> 2 <VALUE> 5 <PERM> ('MB', 'S', 'OH', 'MB', 'O', 'OH')
<MATCH_ID> 1101151 <TEAM> Asseco Resovia Rzeszów <SET> 0 <VALUE> 5 <PERM> ('O', 'OH', 'MB', 'S', 'OH', 'MB')
<MATCH_ID> 1101151 <TEAM> Asseco Resovia Rzeszów <SET> 1 <VALUE> 5 <PERM> ('OH', 'MB', 'S', 'OH', 'MB', 'O')
<MATCH_ID> 1101151 <TEAM> Asseco Resovia Rzeszów <SET> 2 <VALUE> 5 <PERM> ('O', 'OH', 'MB', 'S', 'OH', 'MB')
<MATCH_ID> 1101153 <TEAM> Asseco Resovia Rzeszów <SET> 0 <VALUE> 5 <PERM> ('OH', 'MB', 'O', 'OH', 'MB', 'S')
<MATCH_ID> 1101153 <TEAM> Asseco Resovia Rzeszów <SET> 1 <VALUE> 5 <PERM> ('O', 'OH', 'MB', 'S', 'OH', 'MB')
<MATCH_ID> 1101153 <TEAM> Asseco Resovia Rzeszów <SET> 2 <VALUE> 5 <PERM> ('OH', 'MB', 'O', 'OH', 'MB', 'S')
<MATCH_ID> 1101166 <TEAM> Jastrzębski Węgiel <SET> 0 <VALUE> 5 <PERM> ('OH', 'MB', 'S', 'OH', 'MB', 'O')
<MATCH_ID> 1101166 <TEAM> Jastrzębski Węgiel <SET> 1 <VALUE> 5 <PERM> ('O', 'OH', 'MB', 'S', 'OH', 'MB')
<MATCH_ID> 1101166 <TEAM> Jastrzębski Węgiel <SET> 2 <VALUE> 5 <PERM> ('OH', 'MB', 'S', 'OH', 'MB', 'O')
<MATCH_ID> 1101170 <TEAM> Asseco Resovia Rzeszów <SET> 0 <VALUE> 5 <PERM> ('S', 'OH', 'MB', 'O', 'OH', 'MB')
<MATCH_ID> 1101170 <TEAM> Asseco Resovia Rzeszów <SET> 1 <VALUE> 5 <PERM> ('OH', 'MB', 'S', 'OH', 'MB', 'O')
<MATCH_ID> 1101318 <TEAM> Cuprum Lubin <SET> 0 <VALUE> 5 <PERM> ('MB', 'S', 'OH', 'MB', 'O', 'OH')
<MATCH_ID> 1101318 <TEAM> Cuprum Lubin <SET> 1 <VALUE> 5 <PERM> ('S', 'OH', 'MB', 'O', 'OH', 'MB')
<MATCH_ID> 1101318 <TEAM> Cuprum Lubin <SET> 2 <VALUE> 5 <PERM> ('MB', 'O', 'OH', 'MB', 'S', 'OH')
<MATCH_ID> 1101323 <TEAM> Asseco Resovia Rzeszów <SET> 0 <VALUE> 5 <PERM> ('MB', 'O', 'OH', 'MB', 'S', 'OH')
<MATCH_ID> 1101323 <TEAM> Asseco Resovia Rzeszów <SET> 1 <VALUE> 5 <PERM> ('OH', 'MB', 'O', 'OH', 'MB', 'S')
<MATCH_ID> 1101323 <TEAM> Asseco Resovia Rzeszów <SET> 2 <VALUE> 5 <PERM> ('OH', 'MB', 'S', 'OH', 'MB', 'O')
<MATCH_ID> 1101323 <TEAM> Asseco Resovia Rzeszów <SET> 3 <VALUE> 5 <PERM> ('OH', 'MB', 'S', 'OH', 'MB', 'O')
<MATCH_ID> 1101399 <TEAM> Cerrad Enea Czarni Radom <SET> 0 <VALUE> 5 <PERM> ('S', 'OH', 'MB', 'O', 'OH', 'MB')
<MATCH_ID> 1101399 <TEAM> Cerrad Enea Czarni Radom <SET> 1 <VALUE> 5 <PERM> ('S', 'OH', 'MB', 'O', 'OH', 'MB')
<MATCH_ID> 1101399 <TEAM> Cerrad Enea Czarni Radom <SET> 2 <VALUE> 5 <PERM> ('O', 'OH', 'MB', 'S', 'OH', 'MB')
<MATCH_ID> 1101399 <TEAM> Cerrad Enea Czarni Radom <SET> 3 <VALUE> 5 <PERM> ('O', 'OH', 'MB', 'S', 'OH', 'MB')
<MATCH_ID> 1101399 <TEAM> Cerrad Enea Czarni Radom <SET> 4 <VALUE> 5 <PERM> ('MB', 'O', 'OH', 'MB', 'S', 'OH')
<MATCH_ID> 1101400 <TEAM> Cuprum Lubin <SET> 2 <VALUE> 5 <PERM> ('OH', 'MB', 'O', 'OH', 'MB', 'S')
<MATCH_ID> 1101404 <TEAM> Ślepsk Malow Suwałki <SET> 0 <VALUE> 5 <PERM> ('OH', 'MB', 'O', 'OH', 'MB', 'S')
<MATCH_ID> 1101404 <TEAM> Ślepsk Malow Suwałki <SET> 1 <VALUE> 5 <PERM> ('OH', 'MB', 'O', 'OH', 'MB', 'S')
<MATCH_ID> 1101404 <TEAM> Ślepsk Malow Suwałki <SET> 2 <VALUE> 5 <PERM> ('OH', 'MB', 'O', 'OH', 'MB', 'S')
<MATCH_ID> 1101404 <TEAM> Ślepsk Malow Suwałki <SET> 3 <VALUE> 5 <PERM> ('OH', 'MB', 'O', 'OH', 'MB', 'S')
<MATCH_ID> 1101404 <TEAM> Ślepsk Malow Suwałki <SET> 4 <VALUE> 5 <PERM> ('OH', 'MB', 'O', 'OH', 'MB', 'S')
<MATCH_ID> 1101418 <TEAM> Asseco Resovia Rzeszów <SET> 3 <VALUE> 5 <PERM> ('MB', 'S', 'OH', 'MB', 'O', 'OH')
<MATCH_ID> 1101418 <TEAM> Asseco Resovia Rzeszów <SET> 4 <VALUE> 5 <PERM> ('OH', 'MB', 'O', 'OH', 'MB', 'S')
<MATCH_ID> 1101438 <TEAM> LUK  Lublin <SET> 4 <VALUE> 5 <PERM> ('OH', 'MB', 'S', 'OH', 'MB', 'O')
<MATCH_ID> 1101450 <TEAM> Aluron CMC Warta Zawiercie <SET> 0 <VALUE> 4 <PERM> ('MB', 'S', 'OH', 'MB', 'O', 'OH')
<MATCH_ID> 1101450 <TEAM> Aluron CMC Warta Zawiercie <SET> 1 <VALUE> 5 <PERM> ('MB', 'S', 'OH', 'MB', 'O', 'OH')
<MATCH_ID> 1101450 <TEAM> Aluron CMC Warta Zawiercie <SET> 2 <VALUE> 5 <PERM> ('OH', 'MB', 'O', 'OH', 'MB', 'S')
<MATCH_ID> 1101453 <TEAM> Aluron CMC Warta Zawiercie <SET> 0 <VALUE> 5 <PERM> ('OH', 'MB', 'O', 'OH', 'MB', 'S')
<MATCH_ID> 1101453 <TEAM> Aluron CMC Warta Zawiercie <SET> 1 <VALUE> 5 <PERM> ('OH', 'MB', 'O', 'OH', 'MB', 'S')
<MATCH_ID> 1101453 <TEAM> Aluron CMC Warta Zawiercie <SET> 2 <VALUE> 5 <PERM> ('OH', 'MB', 'O', 'OH', 'MB', 'S')
<MATCH_ID> 1101453 <TEAM> Aluron CMC Warta Zawiercie <SET> 3 <VALUE> 5 <PERM> ('OH', 'MB', 'O', 'OH', 'MB', 'S')
<MATCH_ID> 1101453 <TEAM> Aluron CMC Warta Zawiercie <SET> 4 <VALUE> 5 <PERM> ('OH', 'MB', 'O', 'OH', 'MB', 'S')
<MATCH_ID> 1101455 <TEAM> PSG Stal Nysa <SET> 2 <VALUE> 5 <PERM> ('MB', 'O', 'OH', 'MB', 'S', 'OH')
<MATCH_ID> 1101462 <TEAM> Asseco Resovia Rzeszów <SET> 3 <VALUE> 5 <PERM> ('OH', 'MB', 'O', 'OH', 'MB', 'S')
<MATCH_ID> 1101462 <TEAM> Asseco Resovia Rzeszów <SET> 4 <VALUE> 5 <PERM> ('OH', 'MB', 'O', 'OH', 'MB', 'S')
<MATCH_ID> 1101464 <TEAM> Cuprum Lubin <SET> 2 <VALUE> 5 <PERM> ('MB', 'S', 'OH', 'MB', 'O', 'OH')
<MATCH_ID> 1101464 <TEAM> Cuprum Lubin <SET> 3 <VALUE> 5 <PERM> ('S', 'OH', 'MB', 'O', 'OH', 'MB')
<MATCH_ID> 1101478 <TEAM> GKS Katowice <SET> 0 <VALUE> 5 <PERM> ('S', 'OH', 'MB', 'O', 'OH', 'MB')
<MATCH_ID> 1101478 <TEAM> GKS Katowice <SET> 1 <VALUE> 5 <PERM> ('MB', 'S', 'OH', 'MB', 'O', 'OH')
<MATCH_ID> 1101478 <TEAM> GKS Katowice <SET> 2 <VALUE> 5 <PERM> ('S', 'OH', 'MB', 'O', 'OH', 'MB')
<MATCH_ID> 1101478 <TEAM> GKS Katowice <SET> 3 <VALUE> 5 <PERM> ('MB', 'S', 'OH', 'MB', 'O', 'OH')
<MATCH_ID> 1101496 <TEAM> Asseco Resovia Rzeszów <SET> 2 <VALUE> 5 <PERM> ('MB', 'S', 'OH', 'MB', 'O', 'OH')
<MATCH_ID> 1101496 <TEAM> Asseco Resovia Rzeszów <SET> 3 <VALUE> 5 <PERM> ('OH', 'MB', 'S', 'OH', 'MB', 'O')
<MATCH_ID> 1101544 <TEAM> GKS Katowice <SET> 2 <VALUE> 5 <PERM> ('OH', 'MB', 'S', 'OH', 'MB', 'O')
<MATCH_ID> 1101569 <TEAM> Asseco Resovia Rzeszów <SET> 2 <VALUE> 5 <PERM> ('MB', 'S', 'OH', 'MB', 'O', 'OH')
<MATCH_ID> 1102004 <TEAM> Cuprum Lubin <SET> 0 <VALUE> 5 <PERM> ('OH', 'MB', 'S', 'OH', 'MB', 'O')
<MATCH_ID> 1102004 <TEAM> Cuprum Lubin <SET> 1 <VALUE> 5 <PERM> ('OH', 'MB', 'S', 'OH', 'MB', 'O')
<MATCH_ID> 1102004 <TEAM> Cuprum Lubin <SET> 2 <VALUE> 5 <PERM> ('O', 'OH', 'MB', 'S', 'OH', 'MB')
<MATCH_ID> 1102004 <TEAM> Cuprum Lubin <SET> 3 <VALUE> 5 <PERM> ('OH', 'MB', 'S', 'OH', 'MB', 'O')
<MATCH_ID> 1102004 <TEAM> Cuprum Lubin <SET> 4 <VALUE> 5 <PERM> ('S', 'OH', 'MB', 'O', 'OH', 'MB')
<MATCH_ID> 1102011 <TEAM> Asseco Resovia Rzeszów <SET> 2 <VALUE> 5 <PERM> ('MB', 'S', 'OH', 'MB', 'O', 'OH')
<MATCH_ID> 1102011 <TEAM> Asseco Resovia Rzeszów <SET> 3 <VALUE> 5 <PERM> ('MB', 'S', 'OH', 'MB', 'O', 'OH')
<MATCH_ID> 1102036 <TEAM> PSG Stal Nysa <SET> 4 <VALUE> 5 <PERM> ('MB', 'S', 'OH', 'MB', 'O', 'OH')
<MATCH_ID> 1102170 <TEAM> Cuprum Lubin <SET> 0 <VALUE> 5 <PERM> ('S', 'OH', 'MB', 'O', 'OH', 'MB')
<MATCH_ID> 1102170 <TEAM> Cuprum Lubin <SET> 1 <VALUE> 5 <PERM> ('MB', 'S', 'OH', 'MB', 'O', 'OH')
<MATCH_ID> 1102170 <TEAM> Cuprum Lubin <SET> 2 <VALUE> 5 <PERM> ('S', 'OH', 'MB', 'O', 'OH', 'MB')
<MATCH_ID> 1102170 <TEAM> Cuprum Lubin <SET> 3 <VALUE> 5 <PERM> ('OH', 'MB', 'S', 'OH', 'MB', 'O')
<MATCH_ID> 1102175 <TEAM> Cuprum Lubin <SET> 2 <VALUE> 5 <PERM> ('OH', 'MB', 'S', 'OH', 'MB', 'O')
<MATCH_ID> 1102181 <TEAM> PSG Stal Nysa <SET> 4 <VALUE> 5 <PERM> ('MB', 'S', 'OH', 'MB', 'O', 'OH')
<MATCH_ID> 1102187 <TEAM> LUK  Lublin <SET> 0 <VALUE> 5 <PERM> ('S', 'OH', 'MB', 'O', 'OH', 'MB')
<MATCH_ID> 1102187 <TEAM> LUK  Lublin <SET> 1 <VALUE> 5 <PERM> ('MB', 'S', 'OH', 'MB', 'O', 'OH')
<MATCH_ID> 1102187 <TEAM> LUK  Lublin <SET> 2 <VALUE> 5 <PERM> ('S', 'OH', 'MB', 'O', 'OH', 'MB')
<MATCH_ID> 1102187 <TEAM> LUK  Lublin <SET> 3 <VALUE> 5 <PERM> ('MB', 'S', 'OH', 'MB', 'O', 'OH')
<MATCH_ID> 1102187 <TEAM> LUK  Lublin <SET> 4 <VALUE> 5 <PERM> ('OH', 'MB', 'O', 'OH', 'MB', 'S')
<MATCH_ID> 1102201 <TEAM> PSG Stal Nysa <SET> 1 <VALUE> 5 <PERM> ('MB', 'S', 'OH', 'MB', 'O', 'OH')
<MATCH_ID> 1102204 <TEAM> LUK  Lublin <SET> 1 <VALUE> 5 <PERM> ('MB', 'S', 'OH', 'MB', 'O', 'OH')
<MATCH_ID> 1102229 <TEAM> LUK  Lublin <SET> 2 <VALUE> 5 <PERM> ('S', 'OH', 'MB', 'O', 'OH', 'MB')
<MATCH_ID> 1102238 <TEAM> Trefl Gdańsk <SET> 2 <VALUE> 5 <PERM> ('OH', 'MB', 'S', 'OH', 'MB', 'O')
<MATCH_ID> 1102238 <TEAM> Trefl Gdańsk <SET> 3 <VALUE> 5 <PERM> ('OH', 'MB', 'S', 'OH', 'MB', 'O')
<MATCH_ID> 1102246 <TEAM> Projekt Warszawa <SET> 2 <VALUE> 5 <PERM> ('OH', 'MB', 'O', 'OH', 'MB', 'S')
<MATCH_ID> 1102246 <TEAM> Trefl Gdańsk <SET> 1 <VALUE> 5 <PERM> ('OH', 'MB', 'O', 'OH', 'MB', 'S')
<MATCH_ID> 1102246 <TEAM> Trefl Gdańsk <SET> 2 <VALUE> 5 <PERM> ('MB', 'S', 'OH', 'MB', 'O', 'OH')
<MATCH_ID> 1102247 <TEAM> PSG Stal Nysa <SET> 0 <VALUE> 5 <PERM> ('OH', 'MB', 'O', 'OH', 'MB', 'S')
<MATCH_ID> 1102247 <TEAM> PSG Stal Nysa <SET> 1 <VALUE> 5 <PERM> ('OH', 'MB', 'O', 'OH', 'MB', 'S')
<MATCH_ID> 1102247 <TEAM> PSG Stal Nysa <SET> 2 <VALUE> 5 <PERM> ('S', 'OH', 'MB', 'O', 'OH', 'MB')
<MATCH_ID> 1102247 <TEAM> PSG Stal Nysa <SET> 3 <VALUE> 5 <PERM> ('OH', 'MB', 'O', 'OH', 'MB', 'S')
<MATCH_ID> 1102249 <TEAM> Aluron CMC Warta Zawiercie <SET> 0 <VALUE> 4 <PERM> ('S', 'OH', 'MB', 'O', 'OH', 'MB')
<MATCH_ID> 1102249 <TEAM> Aluron CMC Warta Zawiercie <SET> 1 <VALUE> 4 <PERM> ('S', 'OH', 'MB', 'O', 'OH', 'MB')
<MATCH_ID> 1102249 <TEAM> Aluron CMC Warta Zawiercie <SET> 2 <VALUE> 4 <PERM> ('S', 'OH', 'MB', 'O', 'OH', 'MB')
<MATCH_ID> 1102249 <TEAM> Aluron CMC Warta Zawiercie <SET> 3 <VALUE> 4 <PERM> ('S', 'OH', 'MB', 'O', 'OH', 'MB')
<MATCH_ID> 1102260 <TEAM> PSG Stal Nysa <SET> 2 <VALUE> 5 <PERM> ('OH', 'MB', 'S', 'OH', 'MB', 'O')
<MATCH_ID> 1102260 <TEAM> PSG Stal Nysa <SET> 3 <VALUE> 5 <PERM> ('OH', 'MB', 'S', 'OH', 'MB', 'O')
<MATCH_ID> 1102260 <TEAM> PSG Stal Nysa <SET> 4 <VALUE> 5 <PERM> ('OH', 'MB', 'S', 'OH', 'MB', 'O')
<MATCH_ID> 1102269 <TEAM> Trefl Gdańsk <SET> 2 <VALUE> 5 <PERM> ('OH', 'MB', 'O', 'OH', 'MB', 'S')
<MATCH_ID> 1102269 <TEAM> Trefl Gdańsk <SET> 3 <VALUE> 5 <PERM> ('OH', 'MB', 'O', 'OH', 'MB', 'S')
<MATCH_ID> 1102269 <TEAM> Trefl Gdańsk <SET> 4 <VALUE> 5 <PERM> ('OH', 'MB', 'O', 'OH', 'MB', 'S')
<MATCH_ID> 1102293 <TEAM> PSG Stal Nysa <SET> 2 <VALUE> 5 <PERM> ('MB', 'O', 'OH', 'MB', 'S', 'OH')
<MATCH_ID> 1102295 <TEAM> PSG Stal Nysa <SET> 2 <VALUE> 5 <PERM> ('MB', 'O', 'OH', 'MB', 'S', 'OH')
<MATCH_ID> 1102329 <TEAM> BBTS Bielsko-Biała <SET> 3 <VALUE> 5 <PERM> ('OH', 'MB', 'O', 'OH', 'MB', 'S')
<MATCH_ID> 1102335 <TEAM> PSG Stal Nysa <SET> 4 <VALUE> 5 <PERM> ('MB', 'O', 'OH', 'MB', 'S', 'OH')
<MATCH_ID> 1102338 <TEAM> Aluron CMC Warta Zawiercie <SET> 0 <VALUE> 5 <PERM> ('MB', 'S', 'OH', 'MB', 'O', 'OH')
<MATCH_ID> 1102347 <TEAM> PSG Stal Nysa <SET> 2 <VALUE> 5 <PERM> ('OH', 'MB', 'O', 'OH', 'MB', 'S')
<MATCH_ID> 1102363 <TEAM> GKS Katowice <SET> 1 <VALUE> 5 <PERM> ('MB', 'S', 'OH', 'MB', 'O', 'OH')
<MATCH_ID> 1102363 <TEAM> GKS Katowice <SET> 2 <VALUE> 5 <PERM> ('OH', 'MB', 'S', 'OH', 'MB', 'O')
<MATCH_ID> 1102363 <TEAM> GKS Katowice <SET> 3 <VALUE> 5 <PERM> ('MB', 'S', 'OH', 'MB', 'O', 'OH')
<MATCH_ID> 1102363 <TEAM> GKS Katowice <SET> 4 <VALUE> 5 <PERM> ('OH', 'MB', 'S', 'OH', 'MB', 'O')
<MATCH_ID> 1102367 <TEAM> LUK  Lublin <SET> 2 <VALUE> 5 <PERM> ('OH', 'MB', 'O', 'OH', 'MB', 'S')
<MATCH_ID> 1102367 <TEAM> LUK  Lublin <SET> 3 <VALUE> 5 <PERM> ('OH', 'MB', 'S', 'OH', 'MB', 'O')
<MATCH_ID> 1102372 <TEAM> PSG Stal Nysa <SET> 2 <VALUE> 5 <PERM> ('OH', 'MB', 'O', 'OH', 'MB', 'S')
<MATCH_ID> 1102372 <TEAM> PSG Stal Nysa <SET> 3 <VALUE> 5 <PERM> ('MB', 'S', 'OH', 'MB', 'O', 'OH')
<MATCH_ID> 1102372 <TEAM> PSG Stal Nysa <SET> 4 <VALUE> 5 <PERM> ('MB', 'S', 'OH', 'MB', 'O', 'OH')
<MATCH_ID> 1102373 <TEAM> GKS Katowice <SET> 0 <VALUE> 5 <PERM> ('OH', 'MB', 'O', 'OH', 'MB', 'S')
<MATCH_ID> 1102373 <TEAM> GKS Katowice <SET> 1 <VALUE> 5 <PERM> ('MB', 'O', 'OH', 'MB', 'S', 'OH')
<MATCH_ID> 1102373 <TEAM> GKS Katowice <SET> 2 <VALUE> 5 <PERM> ('MB', 'O', 'OH', 'MB', 'S', 'OH')
<MATCH_ID> 1102398 <TEAM> Cerrad Enea Czarni Radom <SET> 2 <VALUE> 5 <PERM> ('OH', 'MB', 'O', 'OH', 'MB', 'S')
<MATCH_ID> 1102398 <TEAM> Cerrad Enea Czarni Radom <SET> 3 <VALUE> 5 <PERM> ('OH', 'MB', 'O', 'OH', 'MB', 'S')
<MATCH_ID> 1102401 <TEAM> PGE Skra Bełchatów <SET> 2 <VALUE> 5 <PERM> ('OH', 'MB', 'O', 'OH', 'MB', 'S')
<MATCH_ID> 1102686 <TEAM> PSG Stal Nysa <SET> 2 <VALUE> 5 <PERM> ('OH', 'MB', 'O', 'OH', 'MB', 'S')
<MATCH_ID> 1102693 <TEAM> Cuprum Lubin <SET> 0 <VALUE> 5 <PERM> ('OH', 'MB', 'O', 'OH', 'MB', 'S')
<MATCH_ID> 1102693 <TEAM> Cuprum Lubin <SET> 1 <VALUE> 5 <PERM> ('OH', 'MB', 'O', 'OH', 'MB', 'S')
<MATCH_ID> 1102693 <TEAM> Cuprum Lubin <SET> 2 <VALUE> 5 <PERM> ('OH', 'MB', 'O', 'OH', 'MB', 'S')
<MATCH_ID> 1102693 <TEAM> Cuprum Lubin <SET> 3 <VALUE> 5 <PERM> ('OH', 'MB', 'O', 'OH', 'MB', 'S')
<MATCH_ID> 1102693 <TEAM> Cuprum Lubin <SET> 4 <VALUE> 5 <PERM> ('OH', 'MB', 'O', 'OH', 'MB', 'S')
<MATCH_ID> 1102698 <TEAM> PSG Stal Nysa <SET> 0 <VALUE> 5 <PERM> ('OH', 'MB', 'O', 'OH', 'MB', 'S')
<MATCH_ID> 1102698 <TEAM> PSG Stal Nysa <SET> 1 <VALUE> 5 <PERM> ('MB', 'O', 'OH', 'MB', 'S', 'OH')
<MATCH_ID> 1102698 <TEAM> PSG Stal Nysa <SET> 2 <VALUE> 5 <PERM> ('S', 'OH', 'MB', 'O', 'OH', 'MB')
<MATCH_ID> 1102698 <TEAM> PSG Stal Nysa <SET> 3 <VALUE> 5 <PERM> ('S', 'OH', 'MB', 'O', 'OH', 'MB')
<MATCH_ID> 1102760 <TEAM> Enea Czarni Radom <SET> 0 <VALUE> 5 <PERM> ('OH', 'MB', 'O', 'OH', 'MB', 'S')
<MATCH_ID> 1102760 <TEAM> Enea Czarni Radom <SET> 1 <VALUE> 5 <PERM> ('OH', 'MB', 'O', 'OH', 'MB', 'S')
<MATCH_ID> 1102769 <TEAM> PSG Stal Nysa <SET> 2 <VALUE> 5 <PERM> ('MB', 'O', 'OH', 'MB', 'S', 'OH')
<MATCH_ID> 1102774 <TEAM> Enea Czarni Radom <SET> 0 <VALUE> 5 <PERM> ('OH', 'MB', 'S', 'OH', 'MB', 'O')
<MATCH_ID> 1102774 <TEAM> Enea Czarni Radom <SET> 1 <VALUE> 5 <PERM> ('OH', 'MB', 'O', 'OH', 'MB', 'S')
<MATCH_ID> 1102774 <TEAM> Enea Czarni Radom <SET> 2 <VALUE> 5 <PERM> ('OH', 'MB', 'O', 'OH', 'MB', 'S')
<MATCH_ID> 1102775 <TEAM> Barkom Każany Lwów <SET> 0 <VALUE> 5 <PERM> ('S', 'OH', 'MB', 'O', 'OH', 'MB')
<MATCH_ID> 1102777 <TEAM> Grupa Azoty ZAKSA Kędzierzyn-Koźle <SET> 0 <VALUE> 5 <PERM> ('MB', 'S', 'OH', 'MB', 'O', 'OH')
<MATCH_ID> 1102777 <TEAM> Grupa Azoty ZAKSA Kędzierzyn-Koźle <SET> 1 <VALUE> 5 <PERM> ('MB', 'S', 'OH', 'MB', 'O', 'OH')
<MATCH_ID> 1102777 <TEAM> Grupa Azoty ZAKSA Kędzierzyn-Koźle <SET> 2 <VALUE> 5 <PERM> ('MB', 'S', 'OH', 'MB', 'O', 'OH')
<MATCH_ID> 1102777 <TEAM> Grupa Azoty ZAKSA Kędzierzyn-Koźle <SET> 3 <VALUE> 5 <PERM> ('OH', 'MB', 'S', 'OH', 'MB', 'O')
<MATCH_ID> 1102786 <TEAM> BOGDANKA LUK Lublin <SET> 4 <VALUE> 5 <PERM> ('O', 'OH', 'MB', 'S', 'OH', 'MB')
<MATCH_ID> 1102787 <TEAM> Asseco Resovia Rzeszów <SET> 3 <VALUE> 5 <PERM> ('S', 'OH', 'MB', 'O', 'OH', 'MB')
<MATCH_ID> 1102787 <TEAM> Asseco Resovia Rzeszów <SET> 4 <VALUE> 5 <PERM> ('S', 'OH', 'MB', 'O', 'OH', 'MB')
<MATCH_ID> 1102790 <TEAM> Barkom Każany Lwów <SET> 0 <VALUE> 5 <PERM> ('MB', 'S', 'OH', 'MB', 'O', 'OH')
<MATCH_ID> 1102790 <TEAM> Barkom Każany Lwów <SET> 1 <VALUE> 5 <PERM> ('S', 'OH', 'MB', 'O', 'OH', 'MB')
<MATCH_ID> 1102790 <TEAM> Barkom Każany Lwów <SET> 2 <VALUE> 5 <PERM> ('MB', 'S', 'OH', 'MB', 'O', 'OH')
<MATCH_ID> 1102790 <TEAM> Barkom Każany Lwów <SET> 3 <VALUE> 5 <PERM> ('S', 'OH', 'MB', 'O', 'OH', 'MB')
<MATCH_ID> 1102794 <TEAM> Grupa Azoty ZAKSA Kędzierzyn-Koźle <SET> 0 <VALUE> 4 <PERM> ('OH', 'MB', 'O', 'OH', 'MB', 'S')
<MATCH_ID> 1102794 <TEAM> Grupa Azoty ZAKSA Kędzierzyn-Koźle <SET> 1 <VALUE> 4 <PERM> ('OH', 'MB', 'O', 'OH', 'MB', 'S')
<MATCH_ID> 1102794 <TEAM> Grupa Azoty ZAKSA Kędzierzyn-Koźle <SET> 2 <VALUE> 4 <PERM> ('S', 'OH', 'MB', 'O', 'OH', 'MB')
<MATCH_ID> 1102806 <TEAM> Ślepsk Malow Suwałki <SET> 2 <VALUE> 5 <PERM> ('MB', 'O', 'OH', 'MB', 'S', 'OH')
<MATCH_ID> 1102809 <TEAM> PGE GiEK Skra Bełchatów <SET> 0 <VALUE> 5 <PERM> ('OH', 'MB', 'O', 'OH', 'MB', 'S')
<MATCH_ID> 1102809 <TEAM> PGE GiEK Skra Bełchatów <SET> 1 <VALUE> 5 <PERM> ('OH', 'MB', 'O', 'OH', 'MB', 'S')
<MATCH_ID> 1102809 <TEAM> PGE GiEK Skra Bełchatów <SET> 2 <VALUE> 5 <PERM> ('MB', 'O', 'OH', 'MB', 'S', 'OH')
<MATCH_ID> 1102809 <TEAM> PGE GiEK Skra Bełchatów <SET> 3 <VALUE> 5 <PERM> ('OH', 'MB', 'O', 'OH', 'MB', 'S')
<MATCH_ID> 1102820 <TEAM> Grupa Azoty ZAKSA Kędzierzyn-Koźle <SET> 2 <VALUE> 5 <PERM> ('OH', 'MB', 'O', 'OH', 'MB', 'S')
<MATCH_ID> 1102837 <TEAM> Indykpol AZS Olsztyn <SET> 4 <VALUE> 5 <PERM> ('OH', 'MB', 'O', 'OH', 'MB', 'S')
<MATCH_ID> 1102838 <TEAM> Enea Czarni Radom <SET> 2 <VALUE> 5 <PERM> ('OH', 'MB', 'O', 'OH', 'MB', 'S')
<MATCH_ID> 1102838 <TEAM> Enea Czarni Radom <SET> 3 <VALUE> 5 <PERM> ('S', 'OH', 'MB', 'O', 'OH', 'MB')
<MATCH_ID> 1102838 <TEAM> Enea Czarni Radom <SET> 4 <VALUE> 5 <PERM> ('S', 'OH', 'MB', 'O', 'OH', 'MB')
<MATCH_ID> 1102841 <TEAM> Enea Czarni Radom <SET> 2 <VALUE> 5 <PERM> ('S', 'OH', 'MB', 'O', 'OH', 'MB')
<MATCH_ID> 1102841 <TEAM> Enea Czarni Radom <SET> 3 <VALUE> 5 <PERM> ('S', 'OH', 'MB', 'O', 'OH', 'MB')
<MATCH_ID> 1102841 <TEAM> Enea Czarni Radom <SET> 4 <VALUE> 5 <PERM> ('S', 'OH', 'MB', 'O', 'OH', 'MB')
<MATCH_ID> 1102843 <TEAM> Indykpol AZS Olsztyn <SET> 0 <VALUE> 5 <PERM> ('S', 'OH', 'MB', 'O', 'OH', 'MB')
<MATCH_ID> 1102843 <TEAM> Indykpol AZS Olsztyn <SET> 1 <VALUE> 5 <PERM> ('MB', 'S', 'OH', 'MB', 'O', 'OH')
<MATCH_ID> 1102843 <TEAM> Indykpol AZS Olsztyn <SET> 2 <VALUE> 5 <PERM> ('S', 'OH', 'MB', 'O', 'OH', 'MB')
<MATCH_ID> 1102851 <TEAM> Enea Czarni Radom <SET> 0 <VALUE> 5 <PERM> ('MB', 'S', 'OH', 'MB', 'O', 'OH')
<MATCH_ID> 1102851 <TEAM> Enea Czarni Radom <SET> 1 <VALUE> 5 <PERM> ('S', 'OH', 'MB', 'O', 'OH', 'MB')
<MATCH_ID> 1102851 <TEAM> Enea Czarni Radom <SET> 2 <VALUE> 5 <PERM> ('S', 'OH', 'MB', 'O', 'OH', 'MB')
<MATCH_ID> 1102856 <TEAM> Enea Czarni Radom <SET> 0 <VALUE> 5 <PERM> ('S', 'OH', 'MB', 'O', 'OH', 'MB')
<MATCH_ID> 1102856 <TEAM> Enea Czarni Radom <SET> 1 <VALUE> 5 <PERM> ('S', 'OH', 'MB', 'O', 'OH', 'MB')
<MATCH_ID> 1102856 <TEAM> Enea Czarni Radom <SET> 2 <VALUE> 5 <PERM> ('S', 'OH', 'MB', 'O', 'OH', 'MB')
<MATCH_ID> 1102856 <TEAM> Enea Czarni Radom <SET> 3 <VALUE> 5 <PERM> ('S', 'OH', 'MB', 'O', 'OH', 'MB')
<MATCH_ID> 1102867 <TEAM> PGE GiEK Skra Bełchatów <SET> 0 <VALUE> 5 <PERM> ('OH', 'MB', 'S', 'OH', 'MB', 'O')
<MATCH_ID> 1102871 <TEAM> KGHM Cuprum Lubin <SET> 0 <VALUE> 5 <PERM> ('MB', 'S', 'OH', 'MB', 'O', 'OH')
<MATCH_ID> 1102871 <TEAM> KGHM Cuprum Lubin <SET> 1 <VALUE> 5 <PERM> ('S', 'OH', 'MB', 'O', 'OH', 'MB')
<MATCH_ID> 1102871 <TEAM> KGHM Cuprum Lubin <SET> 2 <VALUE> 5 <PERM> ('S', 'OH', 'MB', 'O', 'OH', 'MB')
<MATCH_ID> 1102878 <TEAM> Enea Czarni Radom <SET> 0 <VALUE> 5 <PERM> ('S', 'OH', 'MB', 'O', 'OH', 'MB')
<MATCH_ID> 1102878 <TEAM> Enea Czarni Radom <SET> 1 <VALUE> 5 <PERM> ('S', 'OH', 'MB', 'O', 'OH', 'MB')
<MATCH_ID> 1102878 <TEAM> Enea Czarni Radom <SET> 2 <VALUE> 5 <PERM> ('OH', 'MB', 'O', 'OH', 'MB', 'S')
<MATCH_ID> 1102884 <TEAM> Enea Czarni Radom <SET> 0 <VALUE> 5 <PERM> ('S', 'OH', 'MB', 'O', 'OH', 'MB')
<MATCH_ID> 1102884 <TEAM> Enea Czarni Radom <SET> 1 <VALUE> 5 <PERM> ('S', 'OH', 'MB', 'O', 'OH', 'MB')
<MATCH_ID> 1102889 <TEAM> Enea Czarni Radom <SET> 0 <VALUE> 5 <PERM> ('S', 'OH', 'MB', 'O', 'OH', 'MB')
<MATCH_ID> 1102889 <TEAM> Enea Czarni Radom <SET> 1 <VALUE> 5 <PERM> ('S', 'OH', 'MB', 'O', 'OH', 'MB')
<MATCH_ID> 1102889 <TEAM> Enea Czarni Radom <SET> 2 <VALUE> 5 <PERM> ('S', 'OH', 'MB', 'O', 'OH', 'MB')
<MATCH_ID> 1102889 <TEAM> Enea Czarni Radom <SET> 3 <VALUE> 5 <PERM> ('S', 'OH', 'MB', 'O', 'OH', 'MB')
<MATCH_ID> 1102892 <TEAM> Enea Czarni Radom <SET> 0 <VALUE> 5 <PERM> ('OH', 'MB', 'O', 'OH', 'MB', 'S')
<MATCH_ID> 1102892 <TEAM> Enea Czarni Radom <SET> 1 <VALUE> 5 <PERM> ('OH', 'MB', 'O', 'OH', 'MB', 'S')
<MATCH_ID> 1102892 <TEAM> Enea Czarni Radom <SET> 2 <VALUE> 5 <PERM> ('OH', 'MB', 'O', 'OH', 'MB', 'S')
<MATCH_ID> 1102892 <TEAM> Enea Czarni Radom <SET> 3 <VALUE> 5 <PERM> ('OH', 'MB', 'O', 'OH', 'MB', 'S')
<MATCH_ID> 1102897 <TEAM> PGE GiEK Skra Bełchatów <SET> 2 <VALUE> 5 <PERM> ('OH', 'MB', 'S', 'OH', 'MB', 'O')
<MATCH_ID> 1102905 <TEAM> Indykpol AZS Olsztyn <SET> 2 <VALUE> 5 <PERM> ('S', 'OH', 'MB', 'O', 'OH', 'MB')
<MATCH_ID> 1102912 <TEAM> Enea Czarni Radom <SET> 0 <VALUE> 5 <PERM> ('OH', 'MB', 'O', 'OH', 'MB', 'S')
<MATCH_ID> 1102912 <TEAM> Enea Czarni Radom <SET> 1 <VALUE> 5 <PERM> ('OH', 'MB', 'O', 'OH', 'MB', 'S')
<MATCH_ID> 1102912 <TEAM> Enea Czarni Radom <SET> 2 <VALUE> 5 <PERM> ('OH', 'MB', 'O', 'OH', 'MB', 'S')
<MATCH_ID> 1102912 <TEAM> Enea Czarni Radom <SET> 3 <VALUE> 5 <PERM> ('OH', 'MB', 'O', 'OH', 'MB', 'S')
<MATCH_ID> 1102920 <TEAM> Enea Czarni Radom <SET> 0 <VALUE> 5 <PERM> ('OH', 'MB', 'O', 'OH', 'MB', 'S')
<MATCH_ID> 1102920 <TEAM> Enea Czarni Radom <SET> 1 <VALUE> 5 <PERM> ('OH', 'MB', 'O', 'OH', 'MB', 'S')
<MATCH_ID> 1102920 <TEAM> Enea Czarni Radom <SET> 2 <VALUE> 5 <PERM> ('OH', 'MB', 'O', 'OH', 'MB', 'S')
<MATCH_ID> 1102930 <TEAM> Grupa Azoty ZAKSA Kędzierzyn-Koźle <SET> 1 <VALUE> 5 <PERM> ('OH', 'MB', 'O', 'OH', 'MB', 'S')
<MATCH_ID> 1102930 <TEAM> Grupa Azoty ZAKSA Kędzierzyn-Koźle <SET> 2 <VALUE> 4 <PERM> ('OH', 'MB', 'O', 'OH', 'MB', 'S')
<MATCH_ID> 1102936 <TEAM> Enea Czarni Radom <SET> 0 <VALUE> 5 <PERM> ('OH', 'MB', 'O', 'OH', 'MB', 'S')
<MATCH_ID> 1102936 <TEAM> Enea Czarni Radom <SET> 1 <VALUE> 5 <PERM> ('OH', 'MB', 'O', 'OH', 'MB', 'S')
<MATCH_ID> 1102946 <TEAM> Enea Czarni Radom <SET> 0 <VALUE> 5 <PERM> ('OH', 'MB', 'O', 'OH', 'MB', 'S')
<MATCH_ID> 1102946 <TEAM> Enea Czarni Radom <SET> 1 <VALUE> 5 <PERM> ('OH', 'MB', 'O', 'OH', 'MB', 'S')
<MATCH_ID> 1102946 <TEAM> Enea Czarni Radom <SET> 2 <VALUE> 5 <PERM> ('OH', 'MB', 'O', 'OH', 'MB', 'S')
<MATCH_ID> 1102946 <TEAM> Enea Czarni Radom <SET> 3 <VALUE> 5 <PERM> ('OH', 'MB', 'O', 'OH', 'MB', 'S')
<MATCH_ID> 1102957 <TEAM> Indykpol AZS Olsztyn <SET> 2 <VALUE> 5 <PERM> ('S', 'OH', 'MB', 'O', 'OH', 'MB')
<MATCH_ID> 1102958 <TEAM> Enea Czarni Radom <SET> 0 <VALUE> 5 <PERM> ('OH', 'MB', 'O', 'OH', 'MB', 'S')
<MATCH_ID> 1102958 <TEAM> Enea Czarni Radom <SET> 1 <VALUE> 5 <PERM> ('OH', 'MB', 'O', 'OH', 'MB', 'S')
<MATCH_ID> 1102958 <TEAM> Enea Czarni Radom <SET> 2 <VALUE> 5 <PERM> ('OH', 'MB', 'O', 'OH', 'MB', 'S')
<MATCH_ID> 1102961 <TEAM> Enea Czarni Radom <SET> 0 <VALUE> 5 <PERM> ('OH', 'MB', 'O', 'OH', 'MB', 'S')
<MATCH_ID> 1102961 <TEAM> Enea Czarni Radom <SET> 1 <VALUE> 5 <PERM> ('OH', 'MB', 'O', 'OH', 'MB', 'S')
<MATCH_ID> 1102975 <TEAM> Enea Czarni Radom <SET> 0 <VALUE> 5 <PERM> ('OH', 'MB', 'O', 'OH', 'MB', 'S')
<MATCH_ID> 1102975 <TEAM> Enea Czarni Radom <SET> 1 <VALUE> 5 <PERM> ('OH', 'MB', 'O', 'OH', 'MB', 'S')
<MATCH_ID> 1102975 <TEAM> Enea Czarni Radom <SET> 2 <VALUE> 5 <PERM> ('OH', 'MB', 'O', 'OH', 'MB', 'S')
<MATCH_ID> 1102976 <TEAM> Enea Czarni Radom <SET> 0 <VALUE> 5 <PERM> ('OH', 'MB', 'O', 'OH', 'MB', 'S')
<MATCH_ID> 1102976 <TEAM> Enea Czarni Radom <SET> 1 <VALUE> 5 <PERM> ('S', 'OH', 'MB', 'O', 'OH', 'MB')
<MATCH_ID> 1102991 <TEAM> Enea Czarni Radom <SET> 0 <VALUE> 5 <PERM> ('OH', 'MB', 'O', 'OH', 'MB', 'S')
<MATCH_ID> 1102991 <TEAM> Enea Czarni Radom <SET> 1 <VALUE> 5 <PERM> ('OH', 'MB', 'O', 'OH', 'MB', 'S')
<MATCH_ID> 1102991 <TEAM> Enea Czarni Radom <SET> 2 <VALUE> 5 <PERM> ('OH', 'MB', 'O', 'OH', 'MB', 'S')
<MATCH_ID> 1102991 <TEAM> Enea Czarni Radom <SET> 3 <VALUE> 5 <PERM> ('OH', 'MB', 'O', 'OH', 'MB', 'S')
<MATCH_ID> 1102991 <TEAM> Enea Czarni Radom <SET> 4 <VALUE> 5 <PERM> ('OH', 'MB', 'O', 'OH', 'MB', 'S')
<MATCH_ID> 1102993 <TEAM> Enea Czarni Radom <SET> 0 <VALUE> 5 <PERM> ('OH', 'MB', 'O', 'OH', 'MB', 'S')
<MATCH_ID> 1102993 <TEAM> Enea Czarni Radom <SET> 1 <VALUE> 5 <PERM> ('OH', 'MB', 'O', 'OH', 'MB', 'S')
<MATCH_ID> 1102993 <TEAM> Enea Czarni Radom <SET> 2 <VALUE> 5 <PERM> ('MB', 'S', 'OH', 'MB', 'O', 'OH')
<MATCH_ID> 1102993 <TEAM> Enea Czarni Radom <SET> 3 <VALUE> 5 <PERM> ('OH', 'MB', 'O', 'OH', 'MB', 'S')
<MATCH_ID> 1103380 <TEAM> Asseco Resovia Rzeszów <SET> 3 <VALUE> 5 <PERM> ('S', 'OH', 'MB', 'O', 'OH', 'MB')
<MATCH_ID> 1103380 <TEAM> Asseco Resovia Rzeszów <SET> 4 <VALUE> 5 <PERM> ('OH', 'MB', 'O', 'OH', 'MB', 'S')
<MATCH_ID> 1103381 <TEAM> Asseco Resovia Rzeszów <SET> 1 <VALUE> 5 <PERM> ('MB', 'O', 'OH', 'MB', 'S', 'OH')
<MATCH_ID> 1103381 <TEAM> Asseco Resovia Rzeszów <SET> 2 <VALUE> 5 <PERM> ('O', 'OH', 'MB', 'S', 'OH', 'MB')
<MATCH_ID> 1103381 <TEAM> Asseco Resovia Rzeszów <SET> 3 <VALUE> 5 <PERM> ('MB', 'O', 'OH', 'MB', 'S', 'OH')
<MATCH_ID> 1103381 <TEAM> Asseco Resovia Rzeszów <SET> 4 <VALUE> 5 <PERM> ('S', 'OH', 'MB', 'O', 'OH', 'MB')
<MATCH_ID> 1103387 <TEAM> Ślepsk Malow Suwałki <SET> 3 <VALUE> 5 <PERM> ('OH', 'MB', 'O', 'OH', 'MB', 'S')
<MATCH_ID> 1103394 <TEAM> Asseco Resovia Rzeszów <SET> 0 <VALUE> 5 <PERM> ('S', 'OH', 'MB', 'O', 'OH', 'MB')
<MATCH_ID> 1103394 <TEAM> Asseco Resovia Rzeszów <SET> 1 <VALUE> 5 <PERM> ('MB', 'S', 'OH', 'MB', 'O', 'OH')
<MATCH_ID> 1103394 <TEAM> Asseco Resovia Rzeszów <SET> 2 <VALUE> 5 <PERM> ('S', 'OH', 'MB', 'O', 'OH', 'MB')
<MATCH_ID> 1103395 <TEAM> Asseco Resovia Rzeszów <SET> 0 <VALUE> 5 <PERM> ('OH', 'MB', 'S', 'OH', 'MB', 'O')
<MATCH_ID> 1103395 <TEAM> Asseco Resovia Rzeszów <SET> 1 <VALUE> 5 <PERM> ('MB', 'S', 'OH', 'MB', 'O', 'OH')
<MATCH_ID> 1103395 <TEAM> Asseco Resovia Rzeszów <SET> 2 <VALUE> 5 <PERM> ('OH', 'MB', 'S', 'OH', 'MB', 'O')
