<MATCH_ID> 11701 <TEAM> AUS <SET> 0 <VALUE> 5 <PERM> ('OH', 'MB', 'O', 'OH', 'MB', 'S')
<MATCH_ID> 11701 <TEAM> AUS <SET> 1 <VALUE> 5 <PERM> ('OH', 'MB', 'O', 'OH', 'MB', 'S')
<MATCH_ID> 11701 <TEAM> AUS <SET> 2 <VALUE> 5 <PERM> ('OH', 'MB', 'O', 'OH', 'MB', 'S')
<MATCH_ID> 11702 <TEAM> JPN <SET> 2 <VALUE> 5 <PERM> ('OH', 'MB', 'O', 'OH', 'MB', 'S')
<MATCH_ID> 11704 <TEAM> NED <SET> 0 <VALUE> 5 <PERM> ('MB', 'O', 'OH', 'MB', 'S', 'OH')
<MATCH_ID> 11704 <TEAM> NED <SET> 1 <VALUE> 5 <PERM> ('OH', 'MB', 'O', 'OH', 'MB', 'S')
<MATCH_ID> 11704 <TEAM> NED <SET> 2 <VALUE> 5 <PERM> ('S', 'OH', 'MB', 'O', 'OH', 'MB')
<MATCH_ID> 11704 <TEAM> NED <SET> 3 <VALUE> 5 <PERM> ('MB', 'O', 'OH', 'MB', 'S', 'OH')
<MATCH_ID> 11705 <TEAM> CAN <SET> 2 <VALUE> 5 <PERM> ('OH', 'MB', 'O', 'OH', 'MB', 'S')
<MATCH_ID> 11710 <TEAM> JPN <SET> 3 <VALUE> 5 <PERM> ('S', 'OH', 'MB', 'O', 'OH', 'MB')
<MATCH_ID> 11710 <TEAM> JPN <SET> 4 <VALUE> 5 <PERM> ('OH', 'MB', 'S', 'OH', 'MB', 'O')
<MATCH_ID> 11711 <TEAM> AUS <SET> 0 <VALUE> 5 <PERM> ('OH', 'MB', 'S', 'OH', 'MB', 'O')
<MATCH_ID> 11711 <TEAM> AUS <SET> 1 <VALUE> 5 <PERM> ('OH', 'MB', 'S', 'OH', 'MB', 'O')
<MATCH_ID> 11711 <TEAM> AUS <SET> 2 <VALUE> 5 <PERM> ('MB', 'O', 'OH', 'MB', 'S', 'OH')
<MATCH_ID> 11714 <TEAM> ARG <SET> 2 <VALUE> 5 <PERM> ('OH', 'MB', 'O', 'OH', 'MB', 'S')
<MATCH_ID> 11716 <TEAM> AUS <SET> 0 <VALUE> 5 <PERM> ('OH', 'MB', 'O', 'OH', 'MB', 'S')
<MATCH_ID> 11716 <TEAM> AUS <SET> 1 <VALUE> 5 <PERM> ('OH', 'MB', 'O', 'OH', 'MB', 'S')
<MATCH_ID> 11716 <TEAM> AUS <SET> 2 <VALUE> 5 <PERM> ('OH', 'MB', 'O', 'OH', 'MB', 'S')
<MATCH_ID> 11716 <TEAM> AUS <SET> 3 <VALUE> 5 <PERM> ('MB', 'O', 'OH', 'MB', 'S', 'OH')
<MATCH_ID> 11718 <TEAM> GER <SET> 4 <VALUE> 5 <PERM> ('MB', 'O', 'OH', 'MB', 'S', 'OH')
<MATCH_ID> 11719 <TEAM> JPN <SET> 0 <VALUE> 5 <PERM> ('OH', 'MB', 'O', 'OH', 'MB', 'S')
<MATCH_ID> 11719 <TEAM> JPN <SET> 1 <VALUE> 5 <PERM> ('MB', 'S', 'OH', 'MB', 'O', 'OH')
<MATCH_ID> 11719 <TEAM> JPN <SET> 2 <VALUE> 5 <PERM> ('OH', 'MB', 'O', 'OH', 'MB', 'S')
<MATCH_ID> 11719 <TEAM> JPN <SET> 3 <VALUE> 5 <PERM> ('MB', 'S', 'OH', 'MB', 'O', 'OH')
<MATCH_ID> 11719 <TEAM> JPN <SET> 4 <VALUE> 5 <PERM> ('MB', 'S', 'OH', 'MB', 'O', 'OH')
<MATCH_ID> 11720 <TEAM> USA <SET> 0 <VALUE> 5 <PERM> ('OH', 'MB', 'O', 'OH', 'MB', 'S')
<MATCH_ID> 11720 <TEAM> USA <SET> 1 <VALUE> 5 <PERM> ('MB', 'S', 'OH', 'MB', 'O', 'OH')
<MATCH_ID> 11720 <TEAM> USA <SET> 2 <VALUE> 5 <PERM> ('OH', 'MB', 'S', 'OH', 'MB', 'O')
<MATCH_ID> 11720 <TEAM> USA <SET> 3 <VALUE> 5 <PERM> ('MB', 'S', 'OH', 'MB', 'O', 'OH')
<MATCH_ID> 11720 <TEAM> ARG <SET> 3 <VALUE> 5 <PERM> ('MB', 'S', 'OH', 'MB', 'O', 'OH')
<MATCH_ID> 11721 <TEAM> CAN <SET> 0 <VALUE> 5 <PERM> ('OH', 'MB', 'O', 'OH', 'MB', 'S')
<MATCH_ID> 11721 <TEAM> CAN <SET> 1 <VALUE> 5 <PERM> ('OH', 'MB', 'S', 'OH', 'MB', 'O')
<MATCH_ID> 11721 <TEAM> CAN <SET> 2 <VALUE> 5 <PERM> ('S', 'OH', 'MB', 'O', 'OH', 'MB')
<MATCH_ID> 11721 <TEAM> CAN <SET> 3 <VALUE> 5 <PERM> ('S', 'OH', 'MB', 'O', 'OH', 'MB')
<MATCH_ID> 11725 <TEAM> CAN <SET> 0 <VALUE> 5 <PERM> ('S', 'OH', 'MB', 'O', 'OH', 'MB')
<MATCH_ID> 11725 <TEAM> CAN <SET> 1 <VALUE> 5 <PERM> ('OH', 'MB', 'O', 'OH', 'MB', 'S')
<MATCH_ID> 11725 <TEAM> CAN <SET> 2 <VALUE> 5 <PERM> ('OH', 'MB', 'O', 'OH', 'MB', 'S')
<MATCH_ID> 11725 <TEAM> CAN <SET> 3 <VALUE> 5 <PERM> ('OH', 'MB', 'S', 'OH', 'MB', 'O')
<MATCH_ID> 11726 <TEAM> JPN <SET> 3 <VALUE> 5 <PERM> ('O', 'OH', 'MB', 'S', 'OH', 'MB')
<MATCH_ID> 11728 <TEAM> NED <SET> 0 <VALUE> 5 <PERM> ('MB', 'O', 'OH', 'MB', 'S', 'OH')
<MATCH_ID> 11729 <TEAM> AUS <SET> 0 <VALUE> 5 <PERM> ('OH', 'MB', 'O', 'OH', 'MB', 'S')
<MATCH_ID> 11729 <TEAM> AUS <SET> 1 <VALUE> 5 <PERM> ('O', 'OH', 'MB', 'S', 'OH', 'MB')
<MATCH_ID> 11729 <TEAM> AUS <SET> 2 <VALUE> 5 <PERM> ('OH', 'MB', 'O', 'OH', 'MB', 'S')
<MATCH_ID> 11731 <TEAM> RUS <SET> 3 <VALUE> 5 <PERM> ('MB', 'O', 'OH', 'MB', 'S', 'OH')
<MATCH_ID> 11731 <TEAM> USA <SET> 0 <VALUE> 5 <PERM> ('S', 'OH', 'MB', 'O', 'OH', 'MB')
<MATCH_ID> 11731 <TEAM> USA <SET> 1 <VALUE> 5 <PERM> ('OH', 'MB', 'S', 'OH', 'MB', 'O')
<MATCH_ID> 11732 <TEAM> ARG <SET> 1 <VALUE> 5 <PERM> ('OH', 'MB', 'O', 'OH', 'MB', 'S')
<MATCH_ID> 11734 <TEAM> JPN <SET> 2 <VALUE> 5 <PERM> ('OH', 'MB', 'O', 'OH', 'MB', 'S')
<MATCH_ID> 11738 <TEAM> RUS <SET> 0 <VALUE> 5 <PERM> ('MB', 'O', 'OH', 'MB', 'S', 'OH')
<MATCH_ID> 11738 <TEAM> RUS <SET> 1 <VALUE> 5 <PERM> ('OH', 'MB', 'O', 'OH', 'MB', 'S')
<MATCH_ID> 11738 <TEAM> RUS <SET> 2 <VALUE> 5 <PERM> ('MB', 'O', 'OH', 'MB', 'S', 'OH')
<MATCH_ID> 11738 <TEAM> AUS <SET> 0 <VALUE> 5 <PERM> ('OH', 'MB', 'O', 'OH', 'MB', 'S')
<MATCH_ID> 11738 <TEAM> AUS <SET> 1 <VALUE> 5 <PERM> ('O', 'OH', 'MB', 'S', 'OH', 'MB')
<MATCH_ID> 11738 <TEAM> AUS <SET> 2 <VALUE> 5 <PERM> ('OH', 'MB', 'S', 'OH', 'MB', 'O')
<MATCH_ID> 11739 <TEAM> CAN <SET> 0 <VALUE> 5 <PERM> ('S', 'OH', 'MB', 'O', 'OH', 'MB')
<MATCH_ID> 11739 <TEAM> CAN <SET> 1 <VALUE> 5 <PERM> ('MB', 'S', 'OH', 'MB', 'O', 'OH')
<MATCH_ID> 11739 <TEAM> CAN <SET> 2 <VALUE> 5 <PERM> ('S', 'OH', 'MB', 'O', 'OH', 'MB')
<MATCH_ID> 11742 <TEAM> JPN <SET> 4 <VALUE> 5 <PERM> ('OH', 'MB', 'S', 'OH', 'MB', 'O')
<MATCH_ID> 11744 <TEAM> RUS <SET> 0 <VALUE> 5 <PERM> ('OH', 'MB', 'O', 'OH', 'MB', 'S')
<MATCH_ID> 11744 <TEAM> RUS <SET> 1 <VALUE> 5 <PERM> ('MB', 'O', 'OH', 'MB', 'S', 'OH')
<MATCH_ID> 11744 <TEAM> RUS <SET> 2 <VALUE> 5 <PERM> ('OH', 'MB', 'O', 'OH', 'MB', 'S')
<MATCH_ID> 11744 <TEAM> RUS <SET> 3 <VALUE> 5 <PERM> ('OH', 'MB', 'O', 'OH', 'MB', 'S')
<MATCH_ID> 11745 <TEAM> USA <SET> 0 <VALUE> 5 <PERM> ('OH', 'MB', 'S', 'OH', 'MB', 'O')
<MATCH_ID> 11745 <TEAM> USA <SET> 1 <VALUE> 5 <PERM> ('OH', 'MB', 'S', 'OH', 'MB', 'O')
<MATCH_ID> 11745 <TEAM> USA <SET> 2 <VALUE> 5 <PERM> ('OH', 'MB', 'S', 'OH', 'MB', 'O')
<MATCH_ID> 11745 <TEAM> AUS <SET> 0 <VALUE> 5 <PERM> ('OH', 'MB', 'O', 'OH', 'MB', 'S')
<MATCH_ID> 11745 <TEAM> AUS <SET> 1 <VALUE> 5 <PERM> ('OH', 'MB', 'O', 'OH', 'MB', 'S')
<MATCH_ID> 11745 <TEAM> AUS <SET> 2 <VALUE> 5 <PERM> ('OH', 'MB', 'O', 'OH', 'MB', 'S')
<MATCH_ID> 11747 <TEAM> CAN <SET> 0 <VALUE> 5 <PERM> ('S', 'OH', 'MB', 'O', 'OH', 'MB')
<MATCH_ID> 11747 <TEAM> CAN <SET> 1 <VALUE> 5 <PERM> ('OH', 'MB', 'O', 'OH', 'MB', 'S')
<MATCH_ID> 11749 <TEAM> AUS <SET> 0 <VALUE> 5 <PERM> ('OH', 'MB', 'O', 'OH', 'MB', 'S')
<MATCH_ID> 11749 <TEAM> AUS <SET> 1 <VALUE> 5 <PERM> ('OH', 'MB', 'O', 'OH', 'MB', 'S')
<MATCH_ID> 11749 <TEAM> AUS <SET> 2 <VALUE> 5 <PERM> ('OH', 'MB', 'O', 'OH', 'MB', 'S')
<MATCH_ID> 11749 <TEAM> AUS <SET> 3 <VALUE> 5 <PERM> ('OH', 'MB', 'O', 'OH', 'MB', 'S')
<MATCH_ID> 11751 <TEAM> CAN <SET> 0 <VALUE> 5 <PERM> ('S', 'OH', 'MB', 'O', 'OH', 'MB')
<MATCH_ID> 11751 <TEAM> CAN <SET> 1 <VALUE> 5 <PERM> ('S', 'OH', 'MB', 'O', 'OH', 'MB')
<MATCH_ID> 11751 <TEAM> CAN <SET> 2 <VALUE> 5 <PERM> ('S', 'OH', 'MB', 'O', 'OH', 'MB')
<MATCH_ID> 11754 <TEAM> BUL <SET> 2 <VALUE> 5 <PERM> ('S', 'OH', 'MB', 'O', 'OH', 'MB')
<MATCH_ID> 11757 <TEAM> CAN <SET> 0 <VALUE> 5 <PERM> ('OH', 'MB', 'O', 'OH', 'MB', 'S')
<MATCH_ID> 11757 <TEAM> CAN <SET> 1 <VALUE> 5 <PERM> ('S', 'OH', 'MB', 'O', 'OH', 'MB')
<MATCH_ID> 11757 <TEAM> CAN <SET> 2 <VALUE> 5 <PERM> ('OH', 'MB', 'O', 'OH', 'MB', 'S')
<MATCH_ID> 11757 <TEAM> CAN <SET> 3 <VALUE> 5 <PERM> ('OH', 'MB', 'O', 'OH', 'MB', 'S')
<MATCH_ID> 11759 <TEAM> AUS <SET> 0 <VALUE> 5 <PERM> ('OH', 'MB', 'O', 'OH', 'MB', 'S')
<MATCH_ID> 11759 <TEAM> AUS <SET> 1 <VALUE> 5 <PERM> ('OH', 'MB', 'S', 'OH', 'MB', 'O')
<MATCH_ID> 11759 <TEAM> AUS <SET> 2 <VALUE> 5 <PERM> ('OH', 'MB', 'O', 'OH', 'MB', 'S')
<MATCH_ID> 11760 <TEAM> USA <SET> 0 <VALUE> 5 <PERM> ('O', 'OH', 'MB', 'S', 'OH', 'MB')
<MATCH_ID> 11760 <TEAM> USA <SET> 1 <VALUE> 5 <PERM> ('OH', 'MB', 'S', 'OH', 'MB', 'O')
<MATCH_ID> 11760 <TEAM> USA <SET> 2 <VALUE> 5 <PERM> ('O', 'OH', 'MB', 'S', 'OH', 'MB')
<MATCH_ID> 11761 <TEAM> BUL <SET> 2 <VALUE> 5 <PERM> ('MB', 'S', 'OH', 'MB', 'O', 'OH')
<MATCH_ID> 11762 <TEAM> JPN <SET> 0 <VALUE> 5 <PERM> ('OH', 'MB', 'S', 'OH', 'MB', 'O')
<MATCH_ID> 11762 <TEAM> JPN <SET> 1 <VALUE> 5 <PERM> ('MB', 'S', 'OH', 'MB', 'O', 'OH')
<MATCH_ID> 11762 <TEAM> JPN <SET> 2 <VALUE> 5 <PERM> ('OH', 'MB', 'S', 'OH', 'MB', 'O')
<MATCH_ID> 11762 <TEAM> JPN <SET> 3 <VALUE> 5 <PERM> ('MB', 'S', 'OH', 'MB', 'O', 'OH')
<MATCH_ID> 11762 <TEAM> JPN <SET> 4 <VALUE> 5 <PERM> ('MB', 'S', 'OH', 'MB', 'O', 'OH')
<MATCH_ID> 11763 <TEAM> NED <SET> 0 <VALUE> 5 <PERM> ('S', 'OH', 'MB', 'O', 'OH', 'MB')
<MATCH_ID> 11763 <TEAM> NED <SET> 1 <VALUE> 5 <PERM> ('OH', 'MB', 'O', 'OH', 'MB', 'S')
<MATCH_ID> 11766 <TEAM> JPN <SET> 1 <VALUE> 5 <PERM> ('S', 'OH', 'MB', 'O', 'OH', 'MB')
<MATCH_ID> 11766 <TEAM> JPN <SET> 2 <VALUE> 5 <PERM> ('OH', 'MB', 'O', 'OH', 'MB', 'S')
<MATCH_ID> 11766 <TEAM> JPN <SET> 3 <VALUE> 5 <PERM> ('MB', 'S', 'OH', 'MB', 'O', 'OH')
<MATCH_ID> 11767 <TEAM> BUL <SET> 3 <VALUE> 5 <PERM> ('S', 'OH', 'MB', 'O', 'OH', 'MB')
<MATCH_ID> 11767 <TEAM> BUL <SET> 4 <VALUE> 5 <PERM> ('MB', 'S', 'OH', 'MB', 'O', 'OH')
<MATCH_ID> 11768 <TEAM> AUS <SET> 0 <VALUE> 5 <PERM> ('OH', 'MB', 'O', 'OH', 'MB', 'S')
<MATCH_ID> 11768 <TEAM> AUS <SET> 1 <VALUE> 5 <PERM> ('OH', 'MB', 'S', 'OH', 'MB', 'O')
<MATCH_ID> 11768 <TEAM> AUS <SET> 2 <VALUE> 5 <PERM> ('OH', 'MB', 'S', 'OH', 'MB', 'O')
<MATCH_ID> 11769 <TEAM> USA <SET> 0 <VALUE> 4 <PERM> ('S', 'OH', 'MB', 'O', 'OH', 'MB')
<MATCH_ID> 11769 <TEAM> USA <SET> 1 <VALUE> 4 <PERM> ('MB', 'S', 'OH', 'MB', 'O', 'OH')
<MATCH_ID> 11769 <TEAM> USA <SET> 2 <VALUE> 5 <PERM> ('MB', 'O', 'OH', 'MB', 'S', 'OH')
<MATCH_ID> 11769 <TEAM> USA <SET> 3 <VALUE> 5 <PERM> ('OH', 'MB', 'O', 'OH', 'MB', 'S')
<MATCH_ID> 11772 <TEAM> SRB <SET> 0 <VALUE> 3 <PERM> ('S', 'OH', 'MB', 'O', 'OH', 'MB')
<MATCH_ID> 11772 <TEAM> SRB <SET> 1 <VALUE> 3 <PERM> ('S', 'OH', 'MB', 'O', 'OH', 'MB')
<MATCH_ID> 11772 <TEAM> SRB <SET> 2 <VALUE> 3 <PERM> ('S', 'OH', 'MB', 'O', 'OH', 'MB')
<MATCH_ID> 11772 <TEAM> SRB <SET> 3 <VALUE> 3 <PERM> ('S', 'OH', 'MB', 'O', 'OH', 'MB')
<MATCH_ID> 11773 <TEAM> AUS <SET> 0 <VALUE> 5 <PERM> ('OH', 'MB', 'O', 'OH', 'MB', 'S')
<MATCH_ID> 11773 <TEAM> AUS <SET> 1 <VALUE> 5 <PERM> ('OH', 'MB', 'O', 'OH', 'MB', 'S')
<MATCH_ID> 11773 <TEAM> AUS <SET> 2 <VALUE> 5 <PERM> ('OH', 'MB', 'O', 'OH', 'MB', 'S')
<MATCH_ID> 11773 <TEAM> AUS <SET> 3 <VALUE> 5 <PERM> ('OH', 'MB', 'O', 'OH', 'MB', 'S')
<MATCH_ID> 11773 <TEAM> AUS <SET> 4 <VALUE> 5 <PERM> ('OH', 'MB', 'S', 'OH', 'MB', 'O')
<MATCH_ID> 11776 <TEAM> USA <SET> 0 <VALUE> 4 <PERM> ('S', 'OH', 'MB', 'O', 'OH', 'MB')
<MATCH_ID> 11776 <TEAM> USA <SET> 1 <VALUE> 4 <PERM> ('S', 'OH', 'MB', 'O', 'OH', 'MB')
<MATCH_ID> 11776 <TEAM> USA <SET> 2 <VALUE> 4 <PERM> ('S', 'OH', 'MB', 'O', 'OH', 'MB')
<MATCH_ID> 11777 <TEAM> CAN <SET> 0 <VALUE> 5 <PERM> ('S', 'OH', 'MB', 'O', 'OH', 'MB')
<MATCH_ID> 11777 <TEAM> CAN <SET> 1 <VALUE> 5 <PERM> ('S', 'OH', 'MB', 'O', 'OH', 'MB')
<MATCH_ID> 11777 <TEAM> CAN <SET> 2 <VALUE> 5 <PERM> ('S', 'OH', 'MB', 'O', 'OH', 'MB')
<MATCH_ID> 11782 <TEAM> AUS <SET> 0 <VALUE> 5 <PERM> ('OH', 'MB', 'O', 'OH', 'MB', 'S')
<MATCH_ID> 11782 <TEAM> AUS <SET> 1 <VALUE> 5 <PERM> ('OH', 'MB', 'O', 'OH', 'MB', 'S')
<MATCH_ID> 11782 <TEAM> AUS <SET> 2 <VALUE> 5 <PERM> ('MB', 'O', 'OH', 'MB', 'S', 'OH')
<MATCH_ID> 11782 <TEAM> AUS <SET> 3 <VALUE> 5 <PERM> ('OH', 'MB', 'S', 'OH', 'MB', 'O')
<MATCH_ID> 11783 <TEAM> JPN <SET> 0 <VALUE> 5 <PERM> ('MB', 'S', 'OH', 'MB', 'O', 'OH')
<MATCH_ID> 11783 <TEAM> JPN <SET> 1 <VALUE> 5 <PERM> ('S', 'OH', 'MB', 'O', 'OH', 'MB')
<MATCH_ID> 11783 <TEAM> JPN <SET> 2 <VALUE> 5 <PERM> ('OH', 'MB', 'O', 'OH', 'MB', 'S')
<MATCH_ID> 11789 <TEAM> BUL <SET> 2 <VALUE> 5 <PERM> ('S', 'OH', 'MB', 'O', 'OH', 'MB')
<MATCH_ID> 11790 <TEAM> CAN <SET> 0 <VALUE> 5 <PERM> ('OH', 'MB', 'O', 'OH', 'MB', 'S')
<MATCH_ID> 11790 <TEAM> CAN <SET> 1 <VALUE> 5 <PERM> ('OH', 'MB', 'O', 'OH', 'MB', 'S')
<MATCH_ID> 11790 <TEAM> CAN <SET> 2 <VALUE> 5 <PERM> ('OH', 'MB', 'O', 'OH', 'MB', 'S')
<MATCH_ID> 11791 <TEAM> AUS <SET> 0 <VALUE> 5 <PERM> ('S', 'OH', 'MB', 'O', 'OH', 'MB')
<MATCH_ID> 11791 <TEAM> AUS <SET> 1 <VALUE> 5 <PERM> ('MB', 'S', 'OH', 'MB', 'O', 'OH')
<MATCH_ID> 11791 <TEAM> AUS <SET> 2 <VALUE> 5 <PERM> ('S', 'OH', 'MB', 'O', 'OH', 'MB')
<MATCH_ID> 11793 <TEAM> USA <SET> 0 <VALUE> 4 <PERM> ('O', 'OH', 'MB', 'S', 'OH', 'MB')
<MATCH_ID> 11793 <TEAM> USA <SET> 1 <VALUE> 4 <PERM> ('MB', 'O', 'OH', 'MB', 'S', 'OH')
<MATCH_ID> 11793 <TEAM> USA <SET> 2 <VALUE> 4 <PERM> ('OH', 'MB', 'S', 'OH', 'MB', 'O')
<MATCH_ID> 11793 <TEAM> USA <SET> 3 <VALUE> 4 <PERM> ('O', 'OH', 'MB', 'S', 'OH', 'MB')
<MATCH_ID> 11793 <TEAM> USA <SET> 4 <VALUE> 4 <PERM> ('OH', 'MB', 'S', 'OH', 'MB', 'O')
<MATCH_ID> 11796 <TEAM> AUS <SET> 0 <VALUE> 5 <PERM> ('OH', 'MB', 'S', 'OH', 'MB', 'O')
<MATCH_ID> 11796 <TEAM> AUS <SET> 1 <VALUE> 5 <PERM> ('OH', 'MB', 'O', 'OH', 'MB', 'S')
<MATCH_ID> 11796 <TEAM> AUS <SET> 2 <VALUE> 5 <PERM> ('OH', 'MB', 'S', 'OH', 'MB', 'O')
<MATCH_ID> 11796 <TEAM> AUS <SET> 3 <VALUE> 5 <PERM> ('OH', 'MB', 'S', 'OH', 'MB', 'O')
<MATCH_ID> 11797 <TEAM> BUL <SET> 1 <VALUE> 5 <PERM> ('MB', 'S', 'OH', 'MB', 'O', 'OH')
<MATCH_ID> 11797 <TEAM> BUL <SET> 2 <VALUE> 5 <PERM> ('MB', 'S', 'OH', 'MB', 'O', 'OH')
<MATCH_ID> 11799 <TEAM> NED <SET> 2 <VALUE> 5 <PERM> ('S', 'OH', 'MB', 'O', 'OH', 'MB')
<MATCH_ID> 11801 <TEAM> USA <SET> 0 <VALUE> 4 <PERM> ('MB', 'S', 'OH', 'MB', 'O', 'OH')
<MATCH_ID> 11801 <TEAM> USA <SET> 1 <VALUE> 4 <PERM> ('O', 'OH', 'MB', 'S', 'OH', 'MB')
<MATCH_ID> 11801 <TEAM> USA <SET> 2 <VALUE> 4 <PERM> ('OH', 'MB', 'S', 'OH', 'MB', 'O')
<MATCH_ID> 11801 <TEAM> USA <SET> 3 <VALUE> 5 <PERM> ('OH', 'MB', 'O', 'OH', 'MB', 'S')
<MATCH_ID> 11804 <TEAM> CAN <SET> 0 <VALUE> 5 <PERM> ('MB', 'S', 'OH', 'MB', 'O', 'OH')
<MATCH_ID> 11804 <TEAM> CAN <SET> 1 <VALUE> 5 <PERM> ('OH', 'MB', 'O', 'OH', 'MB', 'S')
<MATCH_ID> 11804 <TEAM> CAN <SET> 2 <VALUE> 5 <PERM> ('OH', 'MB', 'O', 'OH', 'MB', 'S')
<MATCH_ID> 11804 <TEAM> AUS <SET> 0 <VALUE> 5 <PERM> ('OH', 'MB', 'S', 'OH', 'MB', 'O')
<MATCH_ID> 11804 <TEAM> AUS <SET> 1 <VALUE> 5 <PERM> ('OH', 'MB', 'S', 'OH', 'MB', 'O')
<MATCH_ID> 11804 <TEAM> AUS <SET> 2 <VALUE> 5 <PERM> ('OH', 'MB', 'O', 'OH', 'MB', 'S')
<MATCH_ID> 11806 <TEAM> BUL <SET> 2 <VALUE> 5 <PERM> ('MB', 'S', 'OH', 'MB', 'O', 'OH')
<MATCH_ID> 11812 <TEAM> AUS <SET> 0 <VALUE> 5 <PERM> ('OH', 'MB', 'O', 'OH', 'MB', 'S')
<MATCH_ID> 11812 <TEAM> AUS <SET> 1 <VALUE> 5 <PERM> ('OH', 'MB', 'O', 'OH', 'MB', 'S')
<MATCH_ID> 11813 <TEAM> CAN <SET> 0 <VALUE> 5 <PERM> ('S', 'OH', 'MB', 'O', 'OH', 'MB')
<MATCH_ID> 11814 <TEAM> USA <SET> 0 <VALUE> 4 <PERM> ('OH', 'MB', 'S', 'OH', 'MB', 'O')
<MATCH_ID> 11814 <TEAM> USA <SET> 1 <VALUE> 4 <PERM> ('O', 'OH', 'MB', 'S', 'OH', 'MB')
<MATCH_ID> 11814 <TEAM> USA <SET> 2 <VALUE> 4 <PERM> ('MB', 'S', 'OH', 'MB', 'O', 'OH')
<MATCH_ID> 11817 <TEAM> BUL <SET> 0 <VALUE> 5 <PERM> ('OH', 'MB', 'O', 'OH', 'MB', 'S')
<MATCH_ID> 11817 <TEAM> BUL <SET> 1 <VALUE> 5 <PERM> ('OH', 'MB', 'O', 'OH', 'MB', 'S')
<MATCH_ID> 11817 <TEAM> BUL <SET> 2 <VALUE> 5 <PERM> ('S', 'OH', 'MB', 'O', 'OH', 'MB')
<MATCH_ID> 13651 <TEAM> USA <SET> 0 <VALUE> 5 <PERM> ('MB', 'S', 'OH', 'MB', 'O', 'OH')
<MATCH_ID> 13651 <TEAM> USA <SET> 1 <VALUE> 5 <PERM> ('OH', 'MB', 'S', 'OH', 'MB', 'O')
<MATCH_ID> 13651 <TEAM> USA <SET> 2 <VALUE> 5 <PERM> ('MB', 'S', 'OH', 'MB', 'O', 'OH')
<MATCH_ID> 13652 <TEAM> SRB <SET> 0 <VALUE> 5 <PERM> ('OH', 'MB', 'O', 'OH', 'MB', 'S')
<MATCH_ID> 13652 <TEAM> SRB <SET> 1 <VALUE> 5 <PERM> ('OH', 'MB', 'O', 'OH', 'MB', 'S')
<MATCH_ID> 13652 <TEAM> SRB <SET> 2 <VALUE> 5 <PERM> ('S', 'OH', 'MB', 'O', 'OH', 'MB')
<MATCH_ID> 13652 <TEAM> SRB <SET> 3 <VALUE> 5 <PERM> ('OH', 'MB', 'O', 'OH', 'MB', 'S')
<MATCH_ID> 13655 <TEAM> AUS <SET> 0 <VALUE> 5 <PERM> ('OH', 'MB', 'S', 'OH', 'MB', 'O')
<MATCH_ID> 13655 <TEAM> AUS <SET> 1 <VALUE> 5 <PERM> ('OH', 'MB', 'O', 'OH', 'MB', 'S')
<MATCH_ID> 13655 <TEAM> AUS <SET> 2 <VALUE> 5 <PERM> ('OH', 'MB', 'O', 'OH', 'MB', 'S')
<MATCH_ID> 13659 <TEAM> USA <SET> 0 <VALUE> 5 <PERM> ('MB', 'O', 'OH', 'MB', 'S', 'OH')
<MATCH_ID> 13659 <TEAM> USA <SET> 1 <VALUE> 5 <PERM> ('MB', 'O', 'OH', 'MB', 'S', 'OH')
<MATCH_ID> 13659 <TEAM> USA <SET> 2 <VALUE> 5 <PERM> ('MB', 'O', 'OH', 'MB', 'S', 'OH')
<MATCH_ID> 13662 <TEAM> SRB <SET> 0 <VALUE> 5 <PERM> ('OH', 'MB', 'O', 'OH', 'MB', 'S')
<MATCH_ID> 13662 <TEAM> SRB <SET> 1 <VALUE> 5 <PERM> ('OH', 'MB', 'O', 'OH', 'MB', 'S')
<MATCH_ID> 13662 <TEAM> SRB <SET> 2 <VALUE> 5 <PERM> ('OH', 'MB', 'O', 'OH', 'MB', 'S')
<MATCH_ID> 13662 <TEAM> SRB <SET> 3 <VALUE> 5 <PERM> ('OH', 'MB', 'O', 'OH', 'MB', 'S')
<MATCH_ID> 13665 <TEAM> USA <SET> 0 <VALUE> 5 <PERM> ('OH', 'MB', 'S', 'OH', 'MB', 'O')
<MATCH_ID> 13665 <TEAM> USA <SET> 1 <VALUE> 5 <PERM> ('MB', 'S', 'OH', 'MB', 'O', 'OH')
<MATCH_ID> 13665 <TEAM> USA <SET> 2 <VALUE> 5 <PERM> ('S', 'OH', 'MB', 'O', 'OH', 'MB')
<MATCH_ID> 13665 <TEAM> USA <SET> 3 <VALUE> 5 <PERM> ('MB', 'S', 'OH', 'MB', 'O', 'OH')
<MATCH_ID> 13665 <TEAM> USA <SET> 4 <VALUE> 5 <PERM> ('OH', 'MB', 'O', 'OH', 'MB', 'S')
<MATCH_ID> 13666 <TEAM> AUS <SET> 0 <VALUE> 5 <PERM> ('MB', 'S', 'OH', 'MB', 'O', 'OH')
<MATCH_ID> 13666 <TEAM> AUS <SET> 1 <VALUE> 5 <PERM> ('O', 'OH', 'MB', 'S', 'OH', 'MB')
<MATCH_ID> 13667 <TEAM> SRB <SET> 0 <VALUE> 5 <PERM> ('OH', 'MB', 'O', 'OH', 'MB', 'S')
<MATCH_ID> 13667 <TEAM> SRB <SET> 1 <VALUE> 5 <PERM> ('S', 'OH', 'MB', 'O', 'OH', 'MB')
<MATCH_ID> 13667 <TEAM> SRB <SET> 2 <VALUE> 5 <PERM> ('OH', 'MB', 'O', 'OH', 'MB', 'S')
<MATCH_ID> 13667 <TEAM> SRB <SET> 3 <VALUE> 5 <PERM> ('OH', 'MB', 'O', 'OH', 'MB', 'S')
<MATCH_ID> 13667 <TEAM> SRB <SET> 4 <VALUE> 5 <PERM> ('MB', 'O', 'OH', 'MB', 'S', 'OH')
<MATCH_ID> 13668 <TEAM> BUL <SET> 3 <VALUE> 5 <PERM> ('MB', 'S', 'OH', 'MB', 'O', 'OH')
<MATCH_ID> 13668 <TEAM> BUL <SET> 4 <VALUE> 5 <PERM> ('MB', 'S', 'OH', 'MB', 'O', 'OH')
<MATCH_ID> 13673 <TEAM> SRB <SET> 0 <VALUE> 5 <PERM> ('MB', 'O', 'OH', 'MB', 'S', 'OH')
<MATCH_ID> 13673 <TEAM> SRB <SET> 1 <VALUE> 5 <PERM> ('MB', 'O', 'OH', 'MB', 'S', 'OH')
<MATCH_ID> 13673 <TEAM> SRB <SET> 2 <VALUE> 5 <PERM> ('MB', 'O', 'OH', 'MB', 'S', 'OH')
<MATCH_ID> 13673 <TEAM> SRB <SET> 3 <VALUE> 5 <PERM> ('MB', 'O', 'OH', 'MB', 'S', 'OH')
<MATCH_ID> 13673 <TEAM> SRB <SET> 4 <VALUE> 5 <PERM> ('MB', 'O', 'OH', 'MB', 'S', 'OH')
<MATCH_ID> 13674 <TEAM> BUL <SET> 0 <VALUE> 5 <PERM> ('OH', 'MB', 'S', 'OH', 'MB', 'O')
<MATCH_ID> 13674 <TEAM> BUL <SET> 1 <VALUE> 5 <PERM> ('MB', 'S', 'OH', 'MB', 'O', 'OH')
<MATCH_ID> 13682 <TEAM> SLO <SET> 0 <VALUE> 5 <PERM> ('OH', 'MB', 'O', 'OH', 'MB', 'S')
<MATCH_ID> 13682 <TEAM> SLO <SET> 1 <VALUE> 5 <PERM> ('MB', 'O', 'OH', 'MB', 'S', 'OH')
<MATCH_ID> 13682 <TEAM> SLO <SET> 2 <VALUE> 5 <PERM> ('MB', 'O', 'OH', 'MB', 'S', 'OH')
<MATCH_ID> 13684 <TEAM> AUS <SET> 0 <VALUE> 5 <PERM> ('OH', 'MB', 'O', 'OH', 'MB', 'S')
<MATCH_ID> 13684 <TEAM> AUS <SET> 1 <VALUE> 5 <PERM> ('OH', 'MB', 'O', 'OH', 'MB', 'S')
<MATCH_ID> 13684 <TEAM> AUS <SET> 2 <VALUE> 5 <PERM> ('OH', 'MB', 'O', 'OH', 'MB', 'S')
<MATCH_ID> 13684 <TEAM> AUS <SET> 3 <VALUE> 5 <PERM> ('OH', 'MB', 'O', 'OH', 'MB', 'S')
<MATCH_ID> 13689 <TEAM> USA <SET> 0 <VALUE> 5 <PERM> ('MB', 'S', 'OH', 'MB', 'O', 'OH')
<MATCH_ID> 13689 <TEAM> USA <SET> 1 <VALUE> 5 <PERM> ('OH', 'MB', 'S', 'OH', 'MB', 'O')
<MATCH_ID> 13689 <TEAM> USA <SET> 2 <VALUE> 5 <PERM> ('OH', 'MB', 'S', 'OH', 'MB', 'O')
<MATCH_ID> 13689 <TEAM> USA <SET> 3 <VALUE> 5 <PERM> ('MB', 'S', 'OH', 'MB', 'O', 'OH')
<MATCH_ID> 13692 <TEAM> SLO <SET> 0 <VALUE> 5 <PERM> ('S', 'OH', 'MB', 'O', 'OH', 'MB')
<MATCH_ID> 13692 <TEAM> SLO <SET> 1 <VALUE> 5 <PERM> ('S', 'OH', 'MB', 'O', 'OH', 'MB')
<MATCH_ID> 13692 <TEAM> SLO <SET> 2 <VALUE> 5 <PERM> ('S', 'OH', 'MB', 'O', 'OH', 'MB')
<MATCH_ID> 13692 <TEAM> SLO <SET> 3 <VALUE> 5 <PERM> ('OH', 'MB', 'O', 'OH', 'MB', 'S')
<MATCH_ID> 13693 <TEAM> CAN <SET> 0 <VALUE> 5 <PERM> ('OH', 'MB', 'O', 'OH', 'MB', 'S')
<MATCH_ID> 13693 <TEAM> CAN <SET> 1 <VALUE> 5 <PERM> ('S', 'OH', 'MB', 'O', 'OH', 'MB')
<MATCH_ID> 13693 <TEAM> CAN <SET> 2 <VALUE> 5 <PERM> ('OH', 'MB', 'O', 'OH', 'MB', 'S')
<MATCH_ID> 13694 <TEAM> SRB <SET> 0 <VALUE> 5 <PERM> ('OH', 'MB', 'O', 'OH', 'MB', 'S')
<MATCH_ID> 13694 <TEAM> SRB <SET> 1 <VALUE> 5 <PERM> ('OH', 'MB', 'O', 'OH', 'MB', 'S')
<MATCH_ID> 13694 <TEAM> SRB <SET> 2 <VALUE> 5 <PERM> ('OH', 'MB', 'O', 'OH', 'MB', 'S')
<MATCH_ID> 13699 <TEAM> SRB <SET> 2 <VALUE> 5 <PERM> ('MB', 'O', 'OH', 'MB', 'S', 'OH')
<MATCH_ID> 13699 <TEAM> SRB <SET> 3 <VALUE> 5 <PERM> ('OH', 'MB', 'O', 'OH', 'MB', 'S')
<MATCH_ID> 13699 <TEAM> SRB <SET> 4 <VALUE> 5 <PERM> ('MB', 'O', 'OH', 'MB', 'S', 'OH')
<MATCH_ID> 13701 <TEAM> AUS <SET> 0 <VALUE> 5 <PERM> ('MB', 'O', 'OH', 'MB', 'S', 'OH')
<MATCH_ID> 13701 <TEAM> AUS <SET> 1 <VALUE> 5 <PERM> ('OH', 'MB', 'S', 'OH', 'MB', 'O')
<MATCH_ID> 13701 <TEAM> AUS <SET> 2 <VALUE> 5 <PERM> ('MB', 'S', 'OH', 'MB', 'O', 'OH')
<MATCH_ID> 13701 <TEAM> AUS <SET> 3 <VALUE> 5 <PERM> ('O', 'OH', 'MB', 'S', 'OH', 'MB')
<MATCH_ID> 13701 <TEAM> AUS <SET> 4 <VALUE> 5 <PERM> ('O', 'OH', 'MB', 'S', 'OH', 'MB')
<MATCH_ID> 13701 <TEAM> BUL <SET> 3 <VALUE> 5 <PERM> ('S', 'OH', 'MB', 'O', 'OH', 'MB')
<MATCH_ID> 13701 <TEAM> BUL <SET> 4 <VALUE> 5 <PERM> ('MB', 'S', 'OH', 'MB', 'O', 'OH')
<MATCH_ID> 13703 <TEAM> JPN <SET> 0 <VALUE> 5 <PERM> ('MB', 'S', 'OH', 'MB', 'O', 'OH')
<MATCH_ID> 13703 <TEAM> JPN <SET> 1 <VALUE> 5 <PERM> ('S', 'OH', 'MB', 'O', 'OH', 'MB')
<MATCH_ID> 13703 <TEAM> JPN <SET> 2 <VALUE> 5 <PERM> ('MB', 'S', 'OH', 'MB', 'O', 'OH')
<MATCH_ID> 13704 <TEAM> SLO <SET> 0 <VALUE> 5 <PERM> ('OH', 'MB', 'O', 'OH', 'MB', 'S')
<MATCH_ID> 13704 <TEAM> SLO <SET> 1 <VALUE> 5 <PERM> ('OH', 'MB', 'O', 'OH', 'MB', 'S')
<MATCH_ID> 13704 <TEAM> SLO <SET> 2 <VALUE> 5 <PERM> ('OH', 'MB', 'S', 'OH', 'MB', 'O')
<MATCH_ID> 13706 <TEAM> AUS <SET> 0 <VALUE> 5 <PERM> ('MB', 'O', 'OH', 'MB', 'S', 'OH')
<MATCH_ID> 13706 <TEAM> AUS <SET> 1 <VALUE> 5 <PERM> ('MB', 'O', 'OH', 'MB', 'S', 'OH')
<MATCH_ID> 13706 <TEAM> AUS <SET> 2 <VALUE> 5 <PERM> ('MB', 'O', 'OH', 'MB', 'S', 'OH')
<MATCH_ID> 13707 <TEAM> USA <SET> 0 <VALUE> 5 <PERM> ('MB', 'S', 'OH', 'MB', 'O', 'OH')
<MATCH_ID> 13707 <TEAM> USA <SET> 1 <VALUE> 5 <PERM> ('S', 'OH', 'MB', 'O', 'OH', 'MB')
<MATCH_ID> 13707 <TEAM> USA <SET> 2 <VALUE> 5 <PERM> ('S', 'OH', 'MB', 'O', 'OH', 'MB')
<MATCH_ID> 13707 <TEAM> USA <SET> 3 <VALUE> 5 <PERM> ('S', 'OH', 'MB', 'O', 'OH', 'MB')
<MATCH_ID> 13711 <TEAM> AUS <SET> 0 <VALUE> 5 <PERM> ('MB', 'O', 'OH', 'MB', 'S', 'OH')
<MATCH_ID> 13711 <TEAM> AUS <SET> 1 <VALUE> 5 <PERM> ('OH', 'MB', 'O', 'OH', 'MB', 'S')
<MATCH_ID> 13711 <TEAM> AUS <SET> 2 <VALUE> 5 <PERM> ('MB', 'O', 'OH', 'MB', 'S', 'OH')
<MATCH_ID> 13712 <TEAM> USA <SET> 0 <VALUE> 5 <PERM> ('S', 'OH', 'MB', 'O', 'OH', 'MB')
<MATCH_ID> 13712 <TEAM> USA <SET> 1 <VALUE> 5 <PERM> ('MB', 'S', 'OH', 'MB', 'O', 'OH')
<MATCH_ID> 13712 <TEAM> USA <SET> 2 <VALUE> 5 <PERM> ('OH', 'MB', 'O', 'OH', 'MB', 'S')
<MATCH_ID> 13712 <TEAM> USA <SET> 3 <VALUE> 5 <PERM> ('MB', 'S', 'OH', 'MB', 'O', 'OH')
<MATCH_ID> 13714 <TEAM> USA <SET> 0 <VALUE> 5 <PERM> ('OH', 'MB', 'S', 'OH', 'MB', 'O')
<MATCH_ID> 13714 <TEAM> USA <SET> 1 <VALUE> 5 <PERM> ('O', 'OH', 'MB', 'S', 'OH', 'MB')
<MATCH_ID> 13714 <TEAM> USA <SET> 2 <VALUE> 5 <PERM> ('O', 'OH', 'MB', 'S', 'OH', 'MB')
<MATCH_ID> 13714 <TEAM> USA <SET> 3 <VALUE> 5 <PERM> ('S', 'OH', 'MB', 'O', 'OH', 'MB')
<MATCH_ID> 13714 <TEAM> GER <SET> 0 <VALUE> 5 <PERM> ('S', 'OH', 'MB', 'O', 'OH', 'MB')
<MATCH_ID> 13714 <TEAM> GER <SET> 1 <VALUE> 5 <PERM> ('S', 'OH', 'MB', 'O', 'OH', 'MB')
<MATCH_ID> 13714 <TEAM> GER <SET> 2 <VALUE> 5 <PERM> ('S', 'OH', 'MB', 'O', 'OH', 'MB')
<MATCH_ID> 13714 <TEAM> GER <SET> 3 <VALUE> 5 <PERM> ('S', 'OH', 'MB', 'O', 'OH', 'MB')
<MATCH_ID> 13715 <TEAM> ARG <SET> 2 <VALUE> 5 <PERM> ('OH', 'MB', 'O', 'OH', 'MB', 'S')
<MATCH_ID> 13715 <TEAM> ARG <SET> 3 <VALUE> 5 <PERM> ('OH', 'MB', 'O', 'OH', 'MB', 'S')
<MATCH_ID> 13716 <TEAM> ITA <SET> 1 <VALUE> 5 <PERM> ('MB', 'S', 'OH', 'MB', 'O', 'OH')
<MATCH_ID> 13718 <TEAM> GER <SET> 0 <VALUE> 5 <PERM> ('OH', 'MB', 'S', 'OH', 'MB', 'O')
<MATCH_ID> 13718 <TEAM> GER <SET> 1 <VALUE> 5 <PERM> ('S', 'OH', 'MB', 'O', 'OH', 'MB')
<MATCH_ID> 13718 <TEAM> GER <SET> 2 <VALUE> 5 <PERM> ('OH', 'MB', 'O', 'OH', 'MB', 'S')
<MATCH_ID> 13718 <TEAM> GER <SET> 3 <VALUE> 5 <PERM> ('S', 'OH', 'MB', 'O', 'OH', 'MB')
<MATCH_ID> 13719 <TEAM> AUS <SET> 0 <VALUE> 5 <PERM> ('O', 'OH', 'MB', 'S', 'OH', 'MB')
<MATCH_ID> 13719 <TEAM> AUS <SET> 1 <VALUE> 5 <PERM> ('O', 'OH', 'MB', 'S', 'OH', 'MB')
<MATCH_ID> 13719 <TEAM> AUS <SET> 2 <VALUE> 5 <PERM> ('MB', 'S', 'OH', 'MB', 'O', 'OH')
<MATCH_ID> 13719 <TEAM> AUS <SET> 3 <VALUE> 5 <PERM> ('O', 'OH', 'MB', 'S', 'OH', 'MB')
<MATCH_ID> 13722 <TEAM> USA <SET> 0 <VALUE> 5 <PERM> ('S', 'OH', 'MB', 'O', 'OH', 'MB')
<MATCH_ID> 13722 <TEAM> USA <SET> 1 <VALUE> 5 <PERM> ('OH', 'MB', 'O', 'OH', 'MB', 'S')
<MATCH_ID> 13722 <TEAM> USA <SET> 2 <VALUE> 5 <PERM> ('MB', 'O', 'OH', 'MB', 'S', 'OH')
<MATCH_ID> 13722 <TEAM> USA <SET> 3 <VALUE> 5 <PERM> ('OH', 'MB', 'S', 'OH', 'MB', 'O')
<MATCH_ID> 13722 <TEAM> USA <SET> 4 <VALUE> 5 <PERM> ('MB', 'O', 'OH', 'MB', 'S', 'OH')
<MATCH_ID> 13723 <TEAM> GER <SET> 0 <VALUE> 5 <PERM> ('S', 'OH', 'MB', 'O', 'OH', 'MB')
<MATCH_ID> 13723 <TEAM> GER <SET> 1 <VALUE> 5 <PERM> ('S', 'OH', 'MB', 'O', 'OH', 'MB')
<MATCH_ID> 13723 <TEAM> GER <SET> 2 <VALUE> 5 <PERM> ('S', 'OH', 'MB', 'O', 'OH', 'MB')
<MATCH_ID> 13723 <TEAM> GER <SET> 3 <VALUE> 5 <PERM> ('S', 'OH', 'MB', 'O', 'OH', 'MB')
<MATCH_ID> 13723 <TEAM> AUS <SET> 0 <VALUE> 5 <PERM> ('OH', 'MB', 'S', 'OH', 'MB', 'O')
<MATCH_ID> 13723 <TEAM> AUS <SET> 1 <VALUE> 5 <PERM> ('MB', 'S', 'OH', 'MB', 'O', 'OH')
<MATCH_ID> 13724 <TEAM> CAN <SET> 0 <VALUE> 5 <PERM> ('OH', 'MB', 'O', 'OH', 'MB', 'S')
<MATCH_ID> 13724 <TEAM> CAN <SET> 1 <VALUE> 5 <PERM> ('OH', 'MB', 'S', 'OH', 'MB', 'O')
<MATCH_ID> 13724 <TEAM> CAN <SET> 2 <VALUE> 5 <PERM> ('S', 'OH', 'MB', 'O', 'OH', 'MB')
<MATCH_ID> 13725 <TEAM> ITA <SET> 0 <VALUE> 5 <PERM> ('MB', 'O', 'OH', 'MB', 'S', 'OH')
<MATCH_ID> 13725 <TEAM> ITA <SET> 1 <VALUE> 5 <PERM> ('OH', 'MB', 'O', 'OH', 'MB', 'S')
<MATCH_ID> 13725 <TEAM> ITA <SET> 2 <VALUE> 5 <PERM> ('S', 'OH', 'MB', 'O', 'OH', 'MB')
<MATCH_ID> 13725 <TEAM> ITA <SET> 3 <VALUE> 5 <PERM> ('MB', 'S', 'OH', 'MB', 'O', 'OH')
<MATCH_ID> 13726 <TEAM> BUL <SET> 1 <VALUE> 5 <PERM> ('MB', 'S', 'OH', 'MB', 'O', 'OH')
<MATCH_ID> 13726 <TEAM> BUL <SET> 2 <VALUE> 5 <PERM> ('S', 'OH', 'MB', 'O', 'OH', 'MB')
<MATCH_ID> 13726 <TEAM> BUL <SET> 3 <VALUE> 5 <PERM> ('S', 'OH', 'MB', 'O', 'OH', 'MB')
<MATCH_ID> 13730 <TEAM> CAN <SET> 2 <VALUE> 5 <PERM> ('O', 'OH', 'MB', 'S', 'OH', 'MB')
<MATCH_ID> 13731 <TEAM> BUL <SET> 2 <VALUE> 5 <PERM> ('OH', 'MB', 'O', 'OH', 'MB', 'S')
<MATCH_ID> 13731 <TEAM> BUL <SET> 3 <VALUE> 5 <PERM> ('OH', 'MB', 'O', 'OH', 'MB', 'S')
<MATCH_ID> 13733 <TEAM> SRB <SET> 0 <VALUE> 5 <PERM> ('OH', 'MB', 'O', 'OH', 'MB', 'S')
<MATCH_ID> 13733 <TEAM> SRB <SET> 1 <VALUE> 5 <PERM> ('OH', 'MB', 'O', 'OH', 'MB', 'S')
<MATCH_ID> 13733 <TEAM> SRB <SET> 2 <VALUE> 5 <PERM> ('OH', 'MB', 'O', 'OH', 'MB', 'S')
<MATCH_ID> 13734 <TEAM> ARG <SET> 1 <VALUE> 5 <PERM> ('OH', 'MB', 'O', 'OH', 'MB', 'S')
<MATCH_ID> 13734 <TEAM> ARG <SET> 2 <VALUE> 5 <PERM> ('MB', 'S', 'OH', 'MB', 'O', 'OH')
<MATCH_ID> 13734 <TEAM> ARG <SET> 3 <VALUE> 5 <PERM> ('OH', 'MB', 'O', 'OH', 'MB', 'S')
<MATCH_ID> 13735 <TEAM> CAN <SET> 2 <VALUE> 5 <PERM> ('MB', 'S', 'OH', 'MB', 'O', 'OH')
<MATCH_ID> 13735 <TEAM> USA <SET> 0 <VALUE> 5 <PERM> ('OH', 'MB', 'O', 'OH', 'MB', 'S')
<MATCH_ID> 13735 <TEAM> USA <SET> 1 <VALUE> 5 <PERM> ('OH', 'MB', 'O', 'OH', 'MB', 'S')
<MATCH_ID> 13735 <TEAM> USA <SET> 2 <VALUE> 5 <PERM> ('OH', 'MB', 'O', 'OH', 'MB', 'S')
<MATCH_ID> 13736 <TEAM> GER <SET> 0 <VALUE> 5 <PERM> ('MB', 'S', 'OH', 'MB', 'O', 'OH')
<MATCH_ID> 13736 <TEAM> GER <SET> 1 <VALUE> 5 <PERM> ('S', 'OH', 'MB', 'O', 'OH', 'MB')
<MATCH_ID> 13736 <TEAM> GER <SET> 2 <VALUE> 5 <PERM> ('MB', 'S', 'OH', 'MB', 'O', 'OH')
<MATCH_ID> 13736 <TEAM> GER <SET> 3 <VALUE> 5 <PERM> ('S', 'OH', 'MB', 'O', 'OH', 'MB')
<MATCH_ID> 13737 <TEAM> BUL <SET> 0 <VALUE> 5 <PERM> ('OH', 'MB', 'O', 'OH', 'MB', 'S')
<MATCH_ID> 13737 <TEAM> BUL <SET> 1 <VALUE> 5 <PERM> ('S', 'OH', 'MB', 'O', 'OH', 'MB')
<MATCH_ID> 13737 <TEAM> BUL <SET> 2 <VALUE> 5 <PERM> ('MB', 'S', 'OH', 'MB', 'O', 'OH')
<MATCH_ID> 13737 <TEAM> BUL <SET> 3 <VALUE> 5 <PERM> ('OH', 'MB', 'O', 'OH', 'MB', 'S')
<MATCH_ID> 13740 <TEAM> USA <SET> 0 <VALUE> 5 <PERM> ('MB', 'S', 'OH', 'MB', 'O', 'OH')
<MATCH_ID> 13740 <TEAM> USA <SET> 1 <VALUE> 5 <PERM> ('MB', 'S', 'OH', 'MB', 'O', 'OH')
<MATCH_ID> 13740 <TEAM> USA <SET> 2 <VALUE> 5 <PERM> ('S', 'OH', 'MB', 'O', 'OH', 'MB')
<MATCH_ID> 13740 <TEAM> USA <SET> 3 <VALUE> 5 <PERM> ('OH', 'MB', 'S', 'OH', 'MB', 'O')
<MATCH_ID> 13740 <TEAM> USA <SET> 4 <VALUE> 5 <PERM> ('OH', 'MB', 'S', 'OH', 'MB', 'O')
<MATCH_ID> 13740 <TEAM> ARG <SET> 0 <VALUE> 5 <PERM> ('MB', 'S', 'OH', 'MB', 'O', 'OH')
<MATCH_ID> 13740 <TEAM> ARG <SET> 1 <VALUE> 5 <PERM> ('OH', 'MB', 'O', 'OH', 'MB', 'S')
<MATCH_ID> 13740 <TEAM> ARG <SET> 2 <VALUE> 5 <PERM> ('MB', 'S', 'OH', 'MB', 'O', 'OH')
<MATCH_ID> 13740 <TEAM> ARG <SET> 3 <VALUE> 5 <PERM> ('OH', 'MB', 'O', 'OH', 'MB', 'S')
<MATCH_ID> 13740 <TEAM> ARG <SET> 4 <VALUE> 5 <PERM> ('OH', 'MB', 'O', 'OH', 'MB', 'S')
<MATCH_ID> 13741 <TEAM> AUS <SET> 2 <VALUE> 5 <PERM> ('OH', 'MB', 'O', 'OH', 'MB', 'S')
<MATCH_ID> 13743 <TEAM> SRB <SET> 0 <VALUE> 5 <PERM> ('S', 'OH', 'MB', 'O', 'OH', 'MB')
<MATCH_ID> 13743 <TEAM> SRB <SET> 1 <VALUE> 5 <PERM> ('OH', 'MB', 'O', 'OH', 'MB', 'S')
<MATCH_ID> 13743 <TEAM> SRB <SET> 2 <VALUE> 5 <PERM> ('S', 'OH', 'MB', 'O', 'OH', 'MB')
<MATCH_ID> 13743 <TEAM> SRB <SET> 3 <VALUE> 5 <PERM> ('OH', 'MB', 'S', 'OH', 'MB', 'O')
<MATCH_ID> 13744 <TEAM> ITA <SET> 0 <VALUE> 5 <PERM> ('MB', 'S', 'OH', 'MB', 'O', 'OH')
<MATCH_ID> 13744 <TEAM> ITA <SET> 1 <VALUE> 5 <PERM> ('S', 'OH', 'MB', 'O', 'OH', 'MB')
<MATCH_ID> 13744 <TEAM> ITA <SET> 2 <VALUE> 5 <PERM> ('MB', 'S', 'OH', 'MB', 'O', 'OH')
<MATCH_ID> 13746 <TEAM> USA <SET> 0 <VALUE> 5 <PERM> ('O', 'OH', 'MB', 'S', 'OH', 'MB')
<MATCH_ID> 13746 <TEAM> USA <SET> 1 <VALUE> 5 <PERM> ('S', 'OH', 'MB', 'O', 'OH', 'MB')
<MATCH_ID> 13746 <TEAM> USA <SET> 2 <VALUE> 5 <PERM> ('MB', 'S', 'OH', 'MB', 'O', 'OH')
<MATCH_ID> 13746 <TEAM> USA <SET> 3 <VALUE> 5 <PERM> ('S', 'OH', 'MB', 'O', 'OH', 'MB')
<MATCH_ID> 13750 <TEAM> USA <SET> 0 <VALUE> 5 <PERM> ('OH', 'MB', 'S', 'OH', 'MB', 'O')
<MATCH_ID> 13750 <TEAM> USA <SET> 1 <VALUE> 5 <PERM> ('O', 'OH', 'MB', 'S', 'OH', 'MB')
<MATCH_ID> 13750 <TEAM> USA <SET> 2 <VALUE> 5 <PERM> ('OH', 'MB', 'S', 'OH', 'MB', 'O')
<MATCH_ID> 13751 <TEAM> ITA <SET> 2 <VALUE> 5 <PERM> ('OH', 'MB', 'S', 'OH', 'MB', 'O')
<MATCH_ID> 13753 <TEAM> USA <SET> 0 <VALUE> 5 <PERM> ('O', 'OH', 'MB', 'S', 'OH', 'MB')
<MATCH_ID> 13753 <TEAM> USA <SET> 1 <VALUE> 5 <PERM> ('S', 'OH', 'MB', 'O', 'OH', 'MB')
<MATCH_ID> 13753 <TEAM> USA <SET> 2 <VALUE> 4 <PERM> ('S', 'OH', 'MB', 'O', 'OH', 'MB')
<MATCH_ID> 13753 <TEAM> USA <SET> 3 <VALUE> 4 <PERM> ('S', 'OH', 'MB', 'O', 'OH', 'MB')
<MATCH_ID> 13753 <TEAM> USA <SET> 4 <VALUE> 4 <PERM> ('S', 'OH', 'MB', 'O', 'OH', 'MB')
<MATCH_ID> 16132 <TEAM> SLO <SET> 0 <VALUE> 5 <PERM> ('OH', 'MB', 'O', 'OH', 'MB', 'S')
<MATCH_ID> 16132 <TEAM> SLO <SET> 1 <VALUE> 5 <PERM> ('OH', 'MB', 'O', 'OH', 'MB', 'S')
<MATCH_ID> 16132 <TEAM> SLO <SET> 2 <VALUE> 5 <PERM> ('OH', 'MB', 'O', 'OH', 'MB', 'S')
<MATCH_ID> 16132 <TEAM> SLO <SET> 3 <VALUE> 5 <PERM> ('OH', 'MB', 'O', 'OH', 'MB', 'S')
<MATCH_ID> 16134 <TEAM> USA <SET> 0 <VALUE> 5 <PERM> ('S', 'OH', 'MB', 'O', 'OH', 'MB')
<MATCH_ID> 16134 <TEAM> USA <SET> 1 <VALUE> 5 <PERM> ('S', 'OH', 'MB', 'O', 'OH', 'MB')
<MATCH_ID> 16134 <TEAM> USA <SET> 2 <VALUE> 5 <PERM> ('MB', 'S', 'OH', 'MB', 'O', 'OH')
<MATCH_ID> 16136 <TEAM> SLO <SET> 0 <VALUE> 5 <PERM> ('MB', 'O', 'OH', 'MB', 'S', 'OH')
<MATCH_ID> 16136 <TEAM> SLO <SET> 1 <VALUE> 5 <PERM> ('MB', 'O', 'OH', 'MB', 'S', 'OH')
<MATCH_ID> 16136 <TEAM> SLO <SET> 2 <VALUE> 5 <PERM> ('OH', 'MB', 'O', 'OH', 'MB', 'S')
<MATCH_ID> 16140 <TEAM> USA <SET> 0 <VALUE> 5 <PERM> ('OH', 'MB', 'S', 'OH', 'MB', 'O')
<MATCH_ID> 16140 <TEAM> USA <SET> 1 <VALUE> 5 <PERM> ('O', 'OH', 'MB', 'S', 'OH', 'MB')
<MATCH_ID> 16140 <TEAM> USA <SET> 2 <VALUE> 5 <PERM> ('OH', 'MB', 'S', 'OH', 'MB', 'O')
<MATCH_ID> 16143 <TEAM> BUL <SET> 4 <VALUE> 5 <PERM> ('S', 'OH', 'MB', 'O', 'OH', 'MB')
<MATCH_ID> 16145 <TEAM> GER <SET> 2 <VALUE> 5 <PERM> ('S', 'OH', 'MB', 'O', 'OH', 'MB')
<MATCH_ID> 16148 <TEAM> SLO <SET> 0 <VALUE> 5 <PERM> ('OH', 'MB', 'O', 'OH', 'MB', 'S')
<MATCH_ID> 16148 <TEAM> SLO <SET> 1 <VALUE> 5 <PERM> ('OH', 'MB', 'O', 'OH', 'MB', 'S')
<MATCH_ID> 16148 <TEAM> SLO <SET> 2 <VALUE> 5 <PERM> ('OH', 'MB', 'O', 'OH', 'MB', 'S')
<MATCH_ID> 16148 <TEAM> SLO <SET> 3 <VALUE> 5 <PERM> ('OH', 'MB', 'O', 'OH', 'MB', 'S')
<MATCH_ID> 16150 <TEAM> BUL <SET> 1 <VALUE> 5 <PERM> ('S', 'OH', 'MB', 'O', 'OH', 'MB')
<MATCH_ID> 16150 <TEAM> BUL <SET> 2 <VALUE> 5 <PERM> ('OH', 'MB', 'O', 'OH', 'MB', 'S')
<MATCH_ID> 16153 <TEAM> USA <SET> 0 <VALUE> 4 <PERM> ('O', 'OH', 'MB', 'S', 'OH', 'MB')
<MATCH_ID> 16153 <TEAM> USA <SET> 1 <VALUE> 4 <PERM> ('MB', 'O', 'OH', 'MB', 'S', 'OH')
<MATCH_ID> 16153 <TEAM> USA <SET> 2 <VALUE> 4 <PERM> ('OH', 'MB', 'S', 'OH', 'MB', 'O')
<MATCH_ID> 16154 <TEAM> SLO <SET> 0 <VALUE> 5 <PERM> ('OH', 'MB', 'O', 'OH', 'MB', 'S')
<MATCH_ID> 16154 <TEAM> SLO <SET> 1 <VALUE> 5 <PERM> ('OH', 'MB', 'O', 'OH', 'MB', 'S')
<MATCH_ID> 16154 <TEAM> SLO <SET> 2 <VALUE> 5 <PERM> ('OH', 'MB', 'O', 'OH', 'MB', 'S')
<MATCH_ID> 16159 <TEAM> GER <SET> 1 <VALUE> 5 <PERM> ('MB', 'S', 'OH', 'MB', 'O', 'OH')
<MATCH_ID> 16159 <TEAM> GER <SET> 2 <VALUE> 5 <PERM> ('S', 'OH', 'MB', 'O', 'OH', 'MB')
<MATCH_ID> 16159 <TEAM> GER <SET> 3 <VALUE> 5 <PERM> ('MB', 'S', 'OH', 'MB', 'O', 'OH')
<MATCH_ID> 16162 <TEAM> USA <SET> 0 <VALUE> 4 <PERM> ('OH', 'MB', 'O', 'OH', 'MB', 'S')
<MATCH_ID> 16162 <TEAM> USA <SET> 1 <VALUE> 4 <PERM> ('MB', 'O', 'OH', 'MB', 'S', 'OH')
<MATCH_ID> 16162 <TEAM> USA <SET> 2 <VALUE> 4 <PERM> ('MB', 'O', 'OH', 'MB', 'S', 'OH')
<MATCH_ID> 16162 <TEAM> USA <SET> 3 <VALUE> 4 <PERM> ('MB', 'O', 'OH', 'MB', 'S', 'OH')
<MATCH_ID> 16163 <TEAM> SLO <SET> 0 <VALUE> 5 <PERM> ('OH', 'MB', 'O', 'OH', 'MB', 'S')
<MATCH_ID> 16163 <TEAM> SLO <SET> 1 <VALUE> 5 <PERM> ('OH', 'MB', 'O', 'OH', 'MB', 'S')
<MATCH_ID> 16163 <TEAM> SLO <SET> 2 <VALUE> 5 <PERM> ('OH', 'MB', 'O', 'OH', 'MB', 'S')
<MATCH_ID> 16163 <TEAM> SLO <SET> 3 <VALUE> 5 <PERM> ('OH', 'MB', 'O', 'OH', 'MB', 'S')
<MATCH_ID> 16165 <TEAM> BUL <SET> 0 <VALUE> 5 <PERM> ('S', 'OH', 'MB', 'O', 'OH', 'MB')
<MATCH_ID> 16165 <TEAM> BUL <SET> 1 <VALUE> 5 <PERM> ('O', 'OH', 'MB', 'S', 'OH', 'MB')
<MATCH_ID> 16165 <TEAM> BUL <SET> 2 <VALUE> 5 <PERM> ('MB', 'O', 'OH', 'MB', 'S', 'OH')
<MATCH_ID> 16168 <TEAM> CHN <SET> 0 <VALUE> 5 <PERM> ('OH', 'MB', 'S', 'OH', 'MB', 'O')
<MATCH_ID> 16168 <TEAM> CHN <SET> 1 <VALUE> 5 <PERM> ('OH', 'MB', 'S', 'OH', 'MB', 'O')
<MATCH_ID> 16168 <TEAM> CHN <SET> 2 <VALUE> 5 <PERM> ('OH', 'MB', 'S', 'OH', 'MB', 'O')
<MATCH_ID> 16169 <TEAM> SLO <SET> 0 <VALUE> 5 <PERM> ('OH', 'MB', 'O', 'OH', 'MB', 'S')
<MATCH_ID> 16169 <TEAM> SLO <SET> 1 <VALUE> 5 <PERM> ('OH', 'MB', 'O', 'OH', 'MB', 'S')
<MATCH_ID> 16169 <TEAM> SLO <SET> 2 <VALUE> 5 <PERM> ('OH', 'MB', 'O', 'OH', 'MB', 'S')
<MATCH_ID> 16170 <TEAM> GER <SET> 0 <VALUE> 5 <PERM> ('S', 'OH', 'MB', 'O', 'OH', 'MB')
<MATCH_ID> 16170 <TEAM> GER <SET> 1 <VALUE> 5 <PERM> ('MB', 'S', 'OH', 'MB', 'O', 'OH')
<MATCH_ID> 16170 <TEAM> GER <SET> 2 <VALUE> 5 <PERM> ('S', 'OH', 'MB', 'O', 'OH', 'MB')
<MATCH_ID> 16175 <TEAM> BUL <SET> 3 <VALUE> 5 <PERM> ('OH', 'MB', 'O', 'OH', 'MB', 'S')
<MATCH_ID> 16177 <TEAM> SLO <SET> 0 <VALUE> 5 <PERM> ('MB', 'O', 'OH', 'MB', 'S', 'OH')
<MATCH_ID> 16177 <TEAM> SLO <SET> 1 <VALUE> 5 <PERM> ('MB', 'O', 'OH', 'MB', 'S', 'OH')
<MATCH_ID> 16177 <TEAM> SLO <SET> 2 <VALUE> 5 <PERM> ('OH', 'MB', 'O', 'OH', 'MB', 'S')
<MATCH_ID> 16177 <TEAM> SLO <SET> 3 <VALUE> 5 <PERM> ('OH', 'MB', 'O', 'OH', 'MB', 'S')
<MATCH_ID> 16179 <TEAM> USA <SET> 0 <VALUE> 4 <PERM> ('MB', 'S', 'OH', 'MB', 'O', 'OH')
<MATCH_ID> 16179 <TEAM> USA <SET> 1 <VALUE> 4 <PERM> ('OH', 'MB', 'S', 'OH', 'MB', 'O')
<MATCH_ID> 16179 <TEAM> USA <SET> 2 <VALUE> 4 <PERM> ('MB', 'S', 'OH', 'MB', 'O', 'OH')
<MATCH_ID> 16180 <TEAM> SRB <SET> 0 <VALUE> 5 <PERM> ('OH', 'MB', 'O', 'OH', 'MB', 'S')
<MATCH_ID> 16180 <TEAM> SRB <SET> 1 <VALUE> 5 <PERM> ('MB', 'S', 'OH', 'MB', 'O', 'OH')
<MATCH_ID> 16180 <TEAM> SRB <SET> 2 <VALUE> 5 <PERM> ('OH', 'MB', 'O', 'OH', 'MB', 'S')
<MATCH_ID> 16183 <TEAM> USA <SET> 0 <VALUE> 5 <PERM> ('OH', 'MB', 'O', 'OH', 'MB', 'S')
<MATCH_ID> 16183 <TEAM> USA <SET> 1 <VALUE> 5 <PERM> ('OH', 'MB', 'S', 'OH', 'MB', 'O')
<MATCH_ID> 16183 <TEAM> USA <SET> 2 <VALUE> 5 <PERM> ('MB', 'S', 'OH', 'MB', 'O', 'OH')
<MATCH_ID> 16184 <TEAM> SLO <SET> 0 <VALUE> 5 <PERM> ('MB', 'O', 'OH', 'MB', 'S', 'OH')
<MATCH_ID> 16184 <TEAM> SLO <SET> 1 <VALUE> 5 <PERM> ('MB', 'O', 'OH', 'MB', 'S', 'OH')
<MATCH_ID> 16184 <TEAM> SLO <SET> 2 <VALUE> 5 <PERM> ('MB', 'O', 'OH', 'MB', 'S', 'OH')
<MATCH_ID> 16184 <TEAM> SLO <SET> 3 <VALUE> 5 <PERM> ('OH', 'MB', 'O', 'OH', 'MB', 'S')
<MATCH_ID> 16187 <TEAM> GER <SET> 0 <VALUE> 5 <PERM> ('S', 'OH', 'MB', 'O', 'OH', 'MB')
<MATCH_ID> 16187 <TEAM> GER <SET> 1 <VALUE> 5 <PERM> ('MB', 'S', 'OH', 'MB', 'O', 'OH')
<MATCH_ID> 16187 <TEAM> GER <SET> 2 <VALUE> 5 <PERM> ('S', 'OH', 'MB', 'O', 'OH', 'MB')
<MATCH_ID> 16187 <TEAM> GER <SET> 3 <VALUE> 5 <PERM> ('MB', 'S', 'OH', 'MB', 'O', 'OH')
<MATCH_ID> 16193 <TEAM> CHN <SET> 3 <VALUE> 5 <PERM> ('OH', 'MB', 'S', 'OH', 'MB', 'O')
<MATCH_ID> 16193 <TEAM> CHN <SET> 4 <VALUE> 5 <PERM> ('OH', 'MB', 'S', 'OH', 'MB', 'O')
<MATCH_ID> 16197 <TEAM> SLO <SET> 0 <VALUE> 5 <PERM> ('OH', 'MB', 'O', 'OH', 'MB', 'S')
<MATCH_ID> 16197 <TEAM> SLO <SET> 1 <VALUE> 5 <PERM> ('OH', 'MB', 'O', 'OH', 'MB', 'S')
<MATCH_ID> 16197 <TEAM> SLO <SET> 2 <VALUE> 5 <PERM> ('OH', 'MB', 'O', 'OH', 'MB', 'S')
<MATCH_ID> 16197 <TEAM> SLO <SET> 3 <VALUE> 5 <PERM> ('OH', 'MB', 'O', 'OH', 'MB', 'S')
<MATCH_ID> 16197 <TEAM> SLO <SET> 4 <VALUE> 5 <PERM> ('OH', 'MB', 'O', 'OH', 'MB', 'S')
<MATCH_ID> 16198 <TEAM> BUL <SET> 2 <VALUE> 5 <PERM> ('OH', 'MB', 'S', 'OH', 'MB', 'O')
<MATCH_ID> 16199 <TEAM> USA <SET> 0 <VALUE> 4 <PERM> ('MB', 'O', 'OH', 'MB', 'S', 'OH')
<MATCH_ID> 16199 <TEAM> USA <SET> 1 <VALUE> 4 <PERM> ('S', 'OH', 'MB', 'O', 'OH', 'MB')
<MATCH_ID> 16199 <TEAM> USA <SET> 2 <VALUE> 4 <PERM> ('MB', 'O', 'OH', 'MB', 'S', 'OH')
<MATCH_ID> 16202 <TEAM> CHN <SET> 0 <VALUE> 5 <PERM> ('OH', 'MB', 'S', 'OH', 'MB', 'O')
<MATCH_ID> 16202 <TEAM> CHN <SET> 1 <VALUE> 5 <PERM> ('OH', 'MB', 'S', 'OH', 'MB', 'O')
<MATCH_ID> 16202 <TEAM> SLO <SET> 0 <VALUE> 5 <PERM> ('OH', 'MB', 'O', 'OH', 'MB', 'S')
<MATCH_ID> 16202 <TEAM> SLO <SET> 1 <VALUE> 5 <PERM> ('OH', 'MB', 'O', 'OH', 'MB', 'S')
<MATCH_ID> 16202 <TEAM> SLO <SET> 2 <VALUE> 5 <PERM> ('OH', 'MB', 'O', 'OH', 'MB', 'S')
<MATCH_ID> 16202 <TEAM> SLO <SET> 3 <VALUE> 5 <PERM> ('OH', 'MB', 'O', 'OH', 'MB', 'S')
<MATCH_ID> 16205 <TEAM> BUL <SET> 0 <VALUE> 5 <PERM> ('MB', 'S', 'OH', 'MB', 'O', 'OH')
<MATCH_ID> 16205 <TEAM> BUL <SET> 1 <VALUE> 5 <PERM> ('OH', 'MB', 'S', 'OH', 'MB', 'O')
<MATCH_ID> 16205 <TEAM> BUL <SET> 2 <VALUE> 5 <PERM> ('MB', 'S', 'OH', 'MB', 'O', 'OH')
<MATCH_ID> 16205 <TEAM> BUL <SET> 3 <VALUE> 5 <PERM> ('OH', 'MB', 'S', 'OH', 'MB', 'O')
<MATCH_ID> 16207 <TEAM> SLO <SET> 0 <VALUE> 5 <PERM> ('OH', 'MB', 'O', 'OH', 'MB', 'S')
<MATCH_ID> 16207 <TEAM> SLO <SET> 1 <VALUE> 5 <PERM> ('OH', 'MB', 'O', 'OH', 'MB', 'S')
<MATCH_ID> 16207 <TEAM> SLO <SET> 2 <VALUE> 5 <PERM> ('OH', 'MB', 'O', 'OH', 'MB', 'S')
<MATCH_ID> 16211 <TEAM> USA <SET> 0 <VALUE> 5 <PERM> ('OH', 'MB', 'O', 'OH', 'MB', 'S')
<MATCH_ID> 16211 <TEAM> USA <SET> 1 <VALUE> 5 <PERM> ('OH', 'MB', 'S', 'OH', 'MB', 'O')
<MATCH_ID> 16211 <TEAM> USA <SET> 2 <VALUE> 4 <PERM> ('MB', 'S', 'OH', 'MB', 'O', 'OH')
<MATCH_ID> 16211 <TEAM> USA <SET> 3 <VALUE> 4 <PERM> ('O', 'OH', 'MB', 'S', 'OH', 'MB')
<MATCH_ID> 16211 <TEAM> USA <SET> 4 <VALUE> 4 <PERM> ('MB', 'S', 'OH', 'MB', 'O', 'OH')
<MATCH_ID> 16212 <TEAM> CHN <SET> 2 <VALUE> 5 <PERM> ('OH', 'MB', 'S', 'OH', 'MB', 'O')
<MATCH_ID> 16215 <TEAM> BUL <SET> 0 <VALUE> 5 <PERM> ('OH', 'MB', 'O', 'OH', 'MB', 'S')
<MATCH_ID> 16215 <TEAM> BUL <SET> 1 <VALUE> 5 <PERM> ('S', 'OH', 'MB', 'O', 'OH', 'MB')
<MATCH_ID> 16215 <TEAM> BUL <SET> 2 <VALUE> 5 <PERM> ('OH', 'MB', 'O', 'OH', 'MB', 'S')
<MATCH_ID> 16217 <TEAM> USA <SET> 0 <VALUE> 5 <PERM> ('MB', 'O', 'OH', 'MB', 'S', 'OH')
<MATCH_ID> 16217 <TEAM> USA <SET> 1 <VALUE> 5 <PERM> ('OH', 'MB', 'O', 'OH', 'MB', 'S')
<MATCH_ID> 16217 <TEAM> USA <SET> 2 <VALUE> 5 <PERM> ('OH', 'MB', 'S', 'OH', 'MB', 'O')
<MATCH_ID> 16219 <TEAM> SLO <SET> 0 <VALUE> 5 <PERM> ('OH', 'MB', 'O', 'OH', 'MB', 'S')
<MATCH_ID> 16219 <TEAM> SLO <SET> 1 <VALUE> 5 <PERM> ('OH', 'MB', 'O', 'OH', 'MB', 'S')
<MATCH_ID> 16219 <TEAM> SLO <SET> 2 <VALUE> 5 <PERM> ('O', 'OH', 'MB', 'S', 'OH', 'MB')
<MATCH_ID> 16223 <TEAM> USA <SET> 0 <VALUE> 5 <PERM> ('OH', 'MB', 'O', 'OH', 'MB', 'S')
<MATCH_ID> 16223 <TEAM> USA <SET> 1 <VALUE> 4 <PERM> ('MB', 'S', 'OH', 'MB', 'O', 'OH')
<MATCH_ID> 16223 <TEAM> USA <SET> 2 <VALUE> 4 <PERM> ('MB', 'S', 'OH', 'MB', 'O', 'OH')
<MATCH_ID> 16223 <TEAM> BUL <SET> 2 <VALUE> 5 <PERM> ('MB', 'O', 'OH', 'MB', 'S', 'OH')
<MATCH_ID> 16224 <TEAM> USA <SET> 0 <VALUE> 5 <PERM> ('OH', 'MB', 'S', 'OH', 'MB', 'O')
<MATCH_ID> 16224 <TEAM> USA <SET> 1 <VALUE> 5 <PERM> ('OH', 'MB', 'S', 'OH', 'MB', 'O')
<MATCH_ID> 16224 <TEAM> USA <SET> 2 <VALUE> 5 <PERM> ('OH', 'MB', 'S', 'OH', 'MB', 'O')
<MATCH_ID> 16224 <TEAM> USA <SET> 3 <VALUE> 4 <PERM> ('OH', 'MB', 'S', 'OH', 'MB', 'O')
<MATCH_ID> 16224 <TEAM> USA <SET> 4 <VALUE> 4 <PERM> ('OH', 'MB', 'S', 'OH', 'MB', 'O')
<MATCH_ID> 16226 <TEAM> SLO <SET> 0 <VALUE> 5 <PERM> ('OH', 'MB', 'O', 'OH', 'MB', 'S')
<MATCH_ID> 16226 <TEAM> SLO <SET> 1 <VALUE> 5 <PERM> ('OH', 'MB', 'O', 'OH', 'MB', 'S')
<MATCH_ID> 16226 <TEAM> SLO <SET> 2 <VALUE> 5 <PERM> ('OH', 'MB', 'O', 'OH', 'MB', 'S')
<MATCH_ID> 16229 <TEAM> USA <SET> 0 <VALUE> 4 <PERM> ('MB', 'O', 'OH', 'MB', 'S', 'OH')
<MATCH_ID> 16229 <TEAM> USA <SET> 1 <VALUE> 4 <PERM> ('MB', 'O', 'OH', 'MB', 'S', 'OH')
<MATCH_ID> 16229 <TEAM> USA <SET> 2 <VALUE> 4 <PERM> ('S', 'OH', 'MB', 'O', 'OH', 'MB')
<MATCH_ID> 16231 <TEAM> USA <SET> 0 <VALUE> 4 <PERM> ('O', 'OH', 'MB', 'S', 'OH', 'MB')
<MATCH_ID> 16231 <TEAM> USA <SET> 1 <VALUE> 4 <PERM> ('MB', 'O', 'OH', 'MB', 'S', 'OH')
<MATCH_ID> 16231 <TEAM> USA <SET> 2 <VALUE> 4 <PERM> ('O', 'OH', 'MB', 'S', 'OH', 'MB')
<MATCH_ID> 16231 <TEAM> USA <SET> 3 <VALUE> 4 <PERM> ('OH', 'MB', 'S', 'OH', 'MB', 'O')
<MATCH_ID> 18858 <TEAM> USA <SET> 2 <VALUE> 5 <PERM> ('O', 'OH', 'MB', 'S', 'OH', 'MB')
<MATCH_ID> 18864 <TEAM> CUB <SET> 3 <VALUE> 5 <PERM> ('OH', 'MB', 'O', 'OH', 'MB', 'S')
<MATCH_ID> 18865 <TEAM> SRB <SET> 0 <VALUE> 5 <PERM> ('MB', 'S', 'OH', 'MB', 'O', 'OH')
<MATCH_ID> 18865 <TEAM> SRB <SET> 1 <VALUE> 5 <PERM> ('MB', 'S', 'OH', 'MB', 'O', 'OH')
<MATCH_ID> 18868 <TEAM> USA <SET> 0 <VALUE> 5 <PERM> ('OH', 'MB', 'O', 'OH', 'MB', 'S')
<MATCH_ID> 18868 <TEAM> USA <SET> 1 <VALUE> 5 <PERM> ('OH', 'MB', 'O', 'OH', 'MB', 'S')
<MATCH_ID> 18868 <TEAM> USA <SET> 2 <VALUE> 5 <PERM> ('OH', 'MB', 'O', 'OH', 'MB', 'S')
<MATCH_ID> 18870 <TEAM> CUB <SET> 3 <VALUE> 5 <PERM> ('S', 'OH', 'MB', 'O', 'OH', 'MB')
<MATCH_ID> 18870 <TEAM> CUB <SET> 4 <VALUE> 5 <PERM> ('OH', 'MB', 'O', 'OH', 'MB', 'S')
<MATCH_ID> 18872 <TEAM> SRB <SET> 0 <VALUE> 5 <PERM> ('OH', 'MB', 'O', 'OH', 'MB', 'S')
<MATCH_ID> 18872 <TEAM> SRB <SET> 1 <VALUE> 5 <PERM> ('OH', 'MB', 'O', 'OH', 'MB', 'S')
<MATCH_ID> 18872 <TEAM> SRB <SET> 2 <VALUE> 5 <PERM> ('OH', 'MB', 'O', 'OH', 'MB', 'S')
<MATCH_ID> 18872 <TEAM> SRB <SET> 3 <VALUE> 5 <PERM> ('OH', 'MB', 'O', 'OH', 'MB', 'S')
<MATCH_ID> 18877 <TEAM> GER <SET> 1 <VALUE> 5 <PERM> ('MB', 'S', 'OH', 'MB', 'O', 'OH')
<MATCH_ID> 18877 <TEAM> GER <SET> 2 <VALUE> 5 <PERM> ('MB', 'S', 'OH', 'MB', 'O', 'OH')
<MATCH_ID> 18877 <TEAM> GER <SET> 3 <VALUE> 5 <PERM> ('OH', 'MB', 'O', 'OH', 'MB', 'S')
<MATCH_ID> 18878 <TEAM> CUB <SET> 3 <VALUE> 5 <PERM> ('S', 'OH', 'MB', 'O', 'OH', 'MB')
<MATCH_ID> 18882 <TEAM> BUL <SET> 1 <VALUE> 5 <PERM> ('S', 'OH', 'MB', 'O', 'OH', 'MB')
<MATCH_ID> 18882 <TEAM> BUL <SET> 2 <VALUE> 5 <PERM> ('OH', 'MB', 'S', 'OH', 'MB', 'O')
<MATCH_ID> 18882 <TEAM> BUL <SET> 3 <VALUE> 5 <PERM> ('S', 'OH', 'MB', 'O', 'OH', 'MB')
<MATCH_ID> 18883 <TEAM> SRB <SET> 1 <VALUE> 5 <PERM> ('MB', 'O', 'OH', 'MB', 'S', 'OH')
<MATCH_ID> 18883 <TEAM> SRB <SET> 2 <VALUE> 5 <PERM> ('MB', 'O', 'OH', 'MB', 'S', 'OH')
<MATCH_ID> 18883 <TEAM> GER <SET> 0 <VALUE> 5 <PERM> ('MB', 'S', 'OH', 'MB', 'O', 'OH')
<MATCH_ID> 18883 <TEAM> GER <SET> 1 <VALUE> 5 <PERM> ('MB', 'S', 'OH', 'MB', 'O', 'OH')
<MATCH_ID> 18883 <TEAM> GER <SET> 2 <VALUE> 5 <PERM> ('MB', 'S', 'OH', 'MB', 'O', 'OH')
<MATCH_ID> 18885 <TEAM> GER <SET> 0 <VALUE> 5 <PERM> ('MB', 'S', 'OH', 'MB', 'O', 'OH')
<MATCH_ID> 18885 <TEAM> GER <SET> 1 <VALUE> 5 <PERM> ('S', 'OH', 'MB', 'O', 'OH', 'MB')
<MATCH_ID> 18885 <TEAM> GER <SET> 2 <VALUE> 5 <PERM> ('MB', 'S', 'OH', 'MB', 'O', 'OH')
<MATCH_ID> 18888 <TEAM> USA <SET> 0 <VALUE> 5 <PERM> ('MB', 'S', 'OH', 'MB', 'O', 'OH')
<MATCH_ID> 18888 <TEAM> USA <SET> 1 <VALUE> 5 <PERM> ('S', 'OH', 'MB', 'O', 'OH', 'MB')
<MATCH_ID> 18888 <TEAM> USA <SET> 2 <VALUE> 5 <PERM> ('MB', 'S', 'OH', 'MB', 'O', 'OH')
<MATCH_ID> 18889 <TEAM> CUB <SET> 3 <VALUE> 5 <PERM> ('OH', 'MB', 'O', 'OH', 'MB', 'S')
<MATCH_ID> 18891 <TEAM> GER <SET> 0 <VALUE> 5 <PERM> ('S', 'OH', 'MB', 'O', 'OH', 'MB')
<MATCH_ID> 18891 <TEAM> GER <SET> 1 <VALUE> 5 <PERM> ('S', 'OH', 'MB', 'O', 'OH', 'MB')
<MATCH_ID> 18891 <TEAM> GER <SET> 2 <VALUE> 5 <PERM> ('OH', 'MB', 'O', 'OH', 'MB', 'S')
<MATCH_ID> 18891 <TEAM> GER <SET> 3 <VALUE> 5 <PERM> ('S', 'OH', 'MB', 'O', 'OH', 'MB')
<MATCH_ID> 18891 <TEAM> GER <SET> 4 <VALUE> 5 <PERM> ('MB', 'S', 'OH', 'MB', 'O', 'OH')
<MATCH_ID> 18892 <TEAM> NED <SET> 2 <VALUE> 5 <PERM> ('OH', 'MB', 'O', 'OH', 'MB', 'S')
<MATCH_ID> 18895 <TEAM> BUL <SET> 1 <VALUE> 5 <PERM> ('MB', 'S', 'OH', 'MB', 'O', 'OH')
<MATCH_ID> 18895 <TEAM> BUL <SET> 2 <VALUE> 5 <PERM> ('MB', 'S', 'OH', 'MB', 'O', 'OH')
<MATCH_ID> 18895 <TEAM> BUL <SET> 3 <VALUE> 5 <PERM> ('OH', 'MB', 'O', 'OH', 'MB', 'S')
<MATCH_ID> 18895 <TEAM> GER <SET> 0 <VALUE> 5 <PERM> ('MB', 'S', 'OH', 'MB', 'O', 'OH')
<MATCH_ID> 18895 <TEAM> GER <SET> 1 <VALUE> 5 <PERM> ('S', 'OH', 'MB', 'O', 'OH', 'MB')
<MATCH_ID> 18895 <TEAM> GER <SET> 2 <VALUE> 5 <PERM> ('MB', 'S', 'OH', 'MB', 'O', 'OH')
<MATCH_ID> 18895 <TEAM> GER <SET> 3 <VALUE> 5 <PERM> ('S', 'OH', 'MB', 'O', 'OH', 'MB')
<MATCH_ID> 18898 <TEAM> USA <SET> 0 <VALUE> 5 <PERM> ('S', 'OH', 'MB', 'O', 'OH', 'MB')
<MATCH_ID> 18898 <TEAM> USA <SET> 1 <VALUE> 5 <PERM> ('MB', 'O', 'OH', 'MB', 'S', 'OH')
<MATCH_ID> 18898 <TEAM> USA <SET> 2 <VALUE> 5 <PERM> ('O', 'OH', 'MB', 'S', 'OH', 'MB')
<MATCH_ID> 18900 <TEAM> BUL <SET> 1 <VALUE> 5 <PERM> ('S', 'OH', 'MB', 'O', 'OH', 'MB')
<MATCH_ID> 18900 <TEAM> BUL <SET> 2 <VALUE> 5 <PERM> ('MB', 'S', 'OH', 'MB', 'O', 'OH')
<MATCH_ID> 18900 <TEAM> BUL <SET> 3 <VALUE> 5 <PERM> ('S', 'OH', 'MB', 'O', 'OH', 'MB')
<MATCH_ID> 18900 <TEAM> BUL <SET> 4 <VALUE> 5 <PERM> ('S', 'OH', 'MB', 'O', 'OH', 'MB')
<MATCH_ID> 18905 <TEAM> USA <SET> 0 <VALUE> 4 <PERM> ('MB', 'O', 'OH', 'MB', 'S', 'OH')
<MATCH_ID> 18905 <TEAM> USA <SET> 1 <VALUE> 4 <PERM> ('OH', 'MB', 'O', 'OH', 'MB', 'S')
<MATCH_ID> 18905 <TEAM> USA <SET> 2 <VALUE> 4 <PERM> ('MB', 'O', 'OH', 'MB', 'S', 'OH')
<MATCH_ID> 18905 <TEAM> USA <SET> 3 <VALUE> 4 <PERM> ('OH', 'MB', 'O', 'OH', 'MB', 'S')
<MATCH_ID> 18905 <TEAM> SRB <SET> 2 <VALUE> 5 <PERM> ('OH', 'MB', 'O', 'OH', 'MB', 'S')
<MATCH_ID> 18909 <TEAM> CUB <SET> 2 <VALUE> 5 <PERM> ('OH', 'MB', 'O', 'OH', 'MB', 'S')
<MATCH_ID> 18909 <TEAM> CUB <SET> 3 <VALUE> 5 <PERM> ('S', 'OH', 'MB', 'O', 'OH', 'MB')
<MATCH_ID> 18909 <TEAM> CUB <SET> 4 <VALUE> 5 <PERM> ('OH', 'MB', 'S', 'OH', 'MB', 'O')
<MATCH_ID> 18910 <TEAM> USA <SET> 0 <VALUE> 5 <PERM> ('S', 'OH', 'MB', 'O', 'OH', 'MB')
<MATCH_ID> 18912 <TEAM> GER <SET> 2 <VALUE> 5 <PERM> ('OH', 'MB', 'O', 'OH', 'MB', 'S')
<MATCH_ID> 18912 <TEAM> GER <SET> 3 <VALUE> 5 <PERM> ('S', 'OH', 'MB', 'O', 'OH', 'MB')
<MATCH_ID> 18912 <TEAM> GER <SET> 4 <VALUE> 5 <PERM> ('S', 'OH', 'MB', 'O', 'OH', 'MB')
<MATCH_ID> 18913 <TEAM> BUL <SET> 0 <VALUE> 5 <PERM> ('MB', 'S', 'OH', 'MB', 'O', 'OH')
<MATCH_ID> 18913 <TEAM> BUL <SET> 1 <VALUE> 5 <PERM> ('OH', 'MB', 'O', 'OH', 'MB', 'S')
<MATCH_ID> 18913 <TEAM> BUL <SET> 2 <VALUE> 5 <PERM> ('MB', 'S', 'OH', 'MB', 'O', 'OH')
<MATCH_ID> 18916 <TEAM> SRB <SET> 0 <VALUE> 5 <PERM> ('S', 'OH', 'MB', 'O', 'OH', 'MB')
<MATCH_ID> 18922 <TEAM> USA <SET> 0 <VALUE> 5 <PERM> ('OH', 'MB', 'O', 'OH', 'MB', 'S')
<MATCH_ID> 18922 <TEAM> USA <SET> 1 <VALUE> 5 <PERM> ('OH', 'MB', 'O', 'OH', 'MB', 'S')
<MATCH_ID> 18922 <TEAM> USA <SET> 2 <VALUE> 5 <PERM> ('OH', 'MB', 'O', 'OH', 'MB', 'S')
<MATCH_ID> 18922 <TEAM> USA <SET> 3 <VALUE> 5 <PERM> ('MB', 'S', 'OH', 'MB', 'O', 'OH')
<MATCH_ID> 18922 <TEAM> USA <SET> 4 <VALUE> 5 <PERM> ('MB', 'S', 'OH', 'MB', 'O', 'OH')
<MATCH_ID> 18923 <TEAM> CUB <SET> 0 <VALUE> 5 <PERM> ('OH', 'MB', 'S', 'OH', 'MB', 'O')
<MATCH_ID> 18923 <TEAM> CUB <SET> 1 <VALUE> 5 <PERM> ('OH', 'MB', 'S', 'OH', 'MB', 'O')
<MATCH_ID> 18923 <TEAM> CUB <SET> 2 <VALUE> 5 <PERM> ('OH', 'MB', 'S', 'OH', 'MB', 'O')
<MATCH_ID> 18923 <TEAM> CUB <SET> 3 <VALUE> 5 <PERM> ('OH', 'MB', 'S', 'OH', 'MB', 'O')
<MATCH_ID> 18923 <TEAM> CUB <SET> 4 <VALUE> 5 <PERM> ('OH', 'MB', 'S', 'OH', 'MB', 'O')
<MATCH_ID> 18925 <TEAM> GER <SET> 0 <VALUE> 5 <PERM> ('S', 'OH', 'MB', 'O', 'OH', 'MB')
<MATCH_ID> 18925 <TEAM> GER <SET> 1 <VALUE> 5 <PERM> ('MB', 'S', 'OH', 'MB', 'O', 'OH')
<MATCH_ID> 18925 <TEAM> GER <SET> 2 <VALUE> 5 <PERM> ('S', 'OH', 'MB', 'O', 'OH', 'MB')
<MATCH_ID> 18927 <TEAM> USA <SET> 0 <VALUE> 5 <PERM> ('OH', 'MB', 'O', 'OH', 'MB', 'S')
<MATCH_ID> 18927 <TEAM> USA <SET> 1 <VALUE> 5 <PERM> ('OH', 'MB', 'O', 'OH', 'MB', 'S')
<MATCH_ID> 18927 <TEAM> USA <SET> 2 <VALUE> 5 <PERM> ('O', 'OH', 'MB', 'S', 'OH', 'MB')
<MATCH_ID> 18927 <TEAM> USA <SET> 3 <VALUE> 5 <PERM> ('MB', 'O', 'OH', 'MB', 'S', 'OH')
<MATCH_ID> 18927 <TEAM> USA <SET> 4 <VALUE> 5 <PERM> ('MB', 'O', 'OH', 'MB', 'S', 'OH')
<MATCH_ID> 18933 <TEAM> NED <SET> 0 <VALUE> 5 <PERM> ('OH', 'MB', 'O', 'OH', 'MB', 'S')
<MATCH_ID> 18933 <TEAM> NED <SET> 1 <VALUE> 5 <PERM> ('O', 'OH', 'MB', 'S', 'OH', 'MB')
<MATCH_ID> 18933 <TEAM> NED <SET> 2 <VALUE> 5 <PERM> ('MB', 'O', 'OH', 'MB', 'S', 'OH')
<MATCH_ID> 18937 <TEAM> USA <SET> 0 <VALUE> 4 <PERM> ('MB', 'O', 'OH', 'MB', 'S', 'OH')
<MATCH_ID> 18937 <TEAM> USA <SET> 1 <VALUE> 4 <PERM> ('OH', 'MB', 'O', 'OH', 'MB', 'S')
<MATCH_ID> 18937 <TEAM> USA <SET> 2 <VALUE> 4 <PERM> ('MB', 'O', 'OH', 'MB', 'S', 'OH')
<MATCH_ID> 18937 <TEAM> USA <SET> 3 <VALUE> 4 <PERM> ('O', 'OH', 'MB', 'S', 'OH', 'MB')
<MATCH_ID> 18943 <TEAM> GER <SET> 0 <VALUE> 5 <PERM> ('MB', 'S', 'OH', 'MB', 'O', 'OH')
<MATCH_ID> 18943 <TEAM> GER <SET> 1 <VALUE> 5 <PERM> ('S', 'OH', 'MB', 'O', 'OH', 'MB')
<MATCH_ID> 18943 <TEAM> GER <SET> 2 <VALUE> 5 <PERM> ('MB', 'S', 'OH', 'MB', 'O', 'OH')
<MATCH_ID> 18948 <TEAM> SRB <SET> 0 <VALUE> 5 <PERM> ('MB', 'O', 'OH', 'MB', 'S', 'OH')
<MATCH_ID> 18948 <TEAM> SRB <SET> 1 <VALUE> 5 <PERM> ('OH', 'MB', 'O', 'OH', 'MB', 'S')
<MATCH_ID> 18948 <TEAM> SRB <SET> 2 <VALUE> 5 <PERM> ('MB', 'O', 'OH', 'MB', 'S', 'OH')
<MATCH_ID> 18948 <TEAM> SRB <SET> 3 <VALUE> 5 <PERM> ('OH', 'MB', 'O', 'OH', 'MB', 'S')
<MATCH_ID> 18948 <TEAM> SRB <SET> 4 <VALUE> 5 <PERM> ('OH', 'MB', 'O', 'OH', 'MB', 'S')
